0 verbose cli C:\Program Files\nodejs\node.exe C:\Users\Krishna jadhav\Desktop\Git\Projects\volt\%APPDATA%\npm\node_modules\npm\bin\npm-cli.js
1 info using npm@11.2.0
2 info using node@v20.17.0
3 silly config load:file:C:\Users\Krishna jadhav\Desktop\Git\Projects\volt\%APPDATA%\npm\node_modules\npm\npmrc
4 silly config load:file:C:\Users\Krishna jadhav\Desktop\Git\Projects\volt\.npmrc
5 silly config load:file:C:\Users\Krishna jadhav\.npmrc
6 silly config load:file:C:\Users\Krishna jadhav\Desktop\Git\Projects\volt\%APPDATA%\npm\etc\npmrc
7 verbose title npm i axios
8 verbose argv "i" "axios"
9 verbose logfile logs-max:10 dir:C:\Users\Krishna jadhav\Desktop\Git\Projects\volt\%LOCALAPPDATA%\npm-cache\_logs\2025-03-25T05_43_14_649Z-
10 verbose logfile C:\Users\Krishna jadhav\Desktop\Git\Projects\volt\%LOCALAPPDATA%\npm-cache\_logs\2025-03-25T05_43_14_649Z-debug-0.log
11 silly logfile start cleaning logs, removing 1 files
12 silly packumentCache heap:2197815296 maxSize:549453824 maxEntrySize:274726912
13 silly logfile done cleaning log files
14 silly idealTree buildDeps
15 silly fetch manifest axios@*
16 silly packumentCache full:https://registry.npmjs.org/axios cache-miss
17 http fetch GET 200 https://registry.npmjs.org/axios 521ms (cache miss)
18 silly packumentCache full:https://registry.npmjs.org/axios set size:undefined disposed:false
19 silly placeDep ROOT axios@1.8.4 OK for: volt@0.1.0 want: *
20 silly fetch manifest follow-redirects@^1.15.6
21 silly packumentCache full:https://registry.npmjs.org/follow-redirects cache-miss
22 silly fetch manifest form-data@^4.0.0
23 silly packumentCache full:https://registry.npmjs.org/form-data cache-miss
24 silly fetch manifest proxy-from-env@^1.1.0
25 silly packumentCache full:https://registry.npmjs.org/proxy-from-env cache-miss
26 http fetch GET 200 https://registry.npmjs.org/follow-redirects 133ms (cache miss)
27 silly packumentCache full:https://registry.npmjs.org/follow-redirects set size:undefined disposed:false
28 http fetch GET 200 https://registry.npmjs.org/form-data 287ms (cache miss)
29 silly packumentCache full:https://registry.npmjs.org/form-data set size:undefined disposed:false
30 http fetch GET 200 https://registry.npmjs.org/proxy-from-env 298ms (cache miss)
31 silly packumentCache full:https://registry.npmjs.org/proxy-from-env set size:undefined disposed:false
32 silly placeDep ROOT follow-redirects@1.15.9 OK for: axios@1.8.4 want: ^1.15.6
33 silly placeDep ROOT form-data@4.0.2 OK for: axios@1.8.4 want: ^4.0.0
34 silly placeDep ROOT proxy-from-env@1.1.0 OK for: axios@1.8.4 want: ^1.1.0
35 silly fetch manifest asynckit@^0.4.0
36 silly packumentCache full:https://registry.npmjs.org/asynckit cache-miss
37 silly fetch manifest combined-stream@^1.0.8
38 silly packumentCache full:https://registry.npmjs.org/combined-stream cache-miss
39 silly fetch manifest es-set-tostringtag@^2.1.0
40 silly packumentCache full:https://registry.npmjs.org/es-set-tostringtag cache-miss
41 silly fetch manifest mime-types@^2.1.12
42 silly packumentCache full:https://registry.npmjs.org/mime-types cache-miss
43 http fetch GET 200 https://registry.npmjs.org/es-set-tostringtag 107ms (cache miss)
44 silly packumentCache full:https://registry.npmjs.org/es-set-tostringtag set size:undefined disposed:false
45 http fetch GET 200 https://registry.npmjs.org/combined-stream 114ms (cache miss)
46 silly packumentCache full:https://registry.npmjs.org/combined-stream set size:undefined disposed:false
47 http fetch GET 200 https://registry.npmjs.org/asynckit 130ms (cache miss)
48 silly packumentCache full:https://registry.npmjs.org/asynckit set size:undefined disposed:false
49 http fetch GET 200 https://registry.npmjs.org/mime-types 272ms (cache miss)
50 silly packumentCache full:https://registry.npmjs.org/mime-types set size:undefined disposed:false
51 silly placeDep ROOT asynckit@0.4.0 OK for: form-data@4.0.2 want: ^0.4.0
52 silly placeDep ROOT combined-stream@1.0.8 OK for: form-data@4.0.2 want: ^1.0.8
53 silly placeDep ROOT es-set-tostringtag@2.1.0 OK for: form-data@4.0.2 want: ^2.1.0
54 silly placeDep ROOT mime-types@2.1.35 OK for: form-data@4.0.2 want: ^2.1.12
55 silly fetch manifest delayed-stream@~1.0.0
56 silly packumentCache full:https://registry.npmjs.org/delayed-stream cache-miss
57 silly fetch manifest es-errors@^1.3.0
58 silly packumentCache full:https://registry.npmjs.org/es-errors cache-miss
59 silly fetch manifest get-intrinsic@^1.2.6
60 silly packumentCache full:https://registry.npmjs.org/get-intrinsic cache-miss
61 silly fetch manifest has-tostringtag@^1.0.2
62 silly packumentCache full:https://registry.npmjs.org/has-tostringtag cache-miss
63 silly fetch manifest hasown@^2.0.2
64 silly packumentCache full:https://registry.npmjs.org/hasown cache-miss
65 silly fetch manifest mime-db@1.52.0
66 silly packumentCache full:https://registry.npmjs.org/mime-db cache-miss
67 http fetch GET 200 https://registry.npmjs.org/delayed-stream 145ms (cache miss)
68 silly packumentCache full:https://registry.npmjs.org/delayed-stream set size:undefined disposed:false
69 http fetch GET 200 https://registry.npmjs.org/es-errors 144ms (cache miss)
70 silly packumentCache full:https://registry.npmjs.org/es-errors set size:undefined disposed:false
71 http fetch GET 200 https://registry.npmjs.org/has-tostringtag 144ms (cache miss)
72 silly packumentCache full:https://registry.npmjs.org/has-tostringtag set size:undefined disposed:false
73 http fetch GET 200 https://registry.npmjs.org/get-intrinsic 149ms (cache miss)
74 silly packumentCache full:https://registry.npmjs.org/get-intrinsic set size:undefined disposed:false
75 http fetch GET 200 https://registry.npmjs.org/hasown 267ms (cache miss)
76 silly packumentCache full:https://registry.npmjs.org/hasown set size:undefined disposed:false
77 http fetch GET 200 https://registry.npmjs.org/mime-db 274ms (cache miss)
78 silly packumentCache full:https://registry.npmjs.org/mime-db set size:undefined disposed:false
79 silly placeDep ROOT delayed-stream@1.0.0 OK for: combined-stream@1.0.8 want: ~1.0.0
80 silly placeDep ROOT es-errors@1.3.0 OK for: es-set-tostringtag@2.1.0 want: ^1.3.0
81 silly placeDep ROOT get-intrinsic@1.3.0 OK for: es-set-tostringtag@2.1.0 want: ^1.2.6
82 silly placeDep ROOT has-tostringtag@1.0.2 OK for: es-set-tostringtag@2.1.0 want: ^1.0.2
83 silly placeDep ROOT hasown@2.0.2 OK for: es-set-tostringtag@2.1.0 want: ^2.0.2
84 silly fetch manifest call-bind-apply-helpers@^1.0.2
85 silly packumentCache full:https://registry.npmjs.org/call-bind-apply-helpers cache-miss
86 silly fetch manifest es-define-property@^1.0.1
87 silly packumentCache full:https://registry.npmjs.org/es-define-property cache-miss
88 silly fetch manifest es-object-atoms@^1.1.1
89 silly packumentCache full:https://registry.npmjs.org/es-object-atoms cache-miss
90 silly fetch manifest function-bind@^1.1.2
91 silly packumentCache full:https://registry.npmjs.org/function-bind cache-miss
92 silly fetch manifest get-proto@^1.0.1
93 silly packumentCache full:https://registry.npmjs.org/get-proto cache-miss
94 silly fetch manifest gopd@^1.2.0
95 silly packumentCache full:https://registry.npmjs.org/gopd cache-miss
96 silly fetch manifest has-symbols@^1.1.0
97 silly packumentCache full:https://registry.npmjs.org/has-symbols cache-miss
98 silly fetch manifest math-intrinsics@^1.1.0
99 silly packumentCache full:https://registry.npmjs.org/math-intrinsics cache-miss
100 silly fetch manifest has-symbols@^1.0.3
101 silly packumentCache full:https://registry.npmjs.org/has-symbols cache-miss
102 silly fetch manifest function-bind@^1.1.2
103 silly packumentCache full:https://registry.npmjs.org/function-bind cache-miss
104 http fetch GET 200 https://registry.npmjs.org/function-bind 166ms (cache miss)
105 silly packumentCache full:https://registry.npmjs.org/function-bind set size:undefined disposed:false
106 http fetch GET 200 https://registry.npmjs.org/es-define-property 171ms (cache miss)
107 silly packumentCache full:https://registry.npmjs.org/es-define-property set size:undefined disposed:false
108 http fetch GET 200 https://registry.npmjs.org/es-object-atoms 172ms (cache miss)
109 silly packumentCache full:https://registry.npmjs.org/es-object-atoms set size:undefined disposed:false
110 http fetch GET 200 https://registry.npmjs.org/get-proto 172ms (cache miss)
111 silly packumentCache full:https://registry.npmjs.org/get-proto set size:undefined disposed:false
112 http fetch GET 200 https://registry.npmjs.org/call-bind-apply-helpers 176ms (cache miss)
113 silly packumentCache full:https://registry.npmjs.org/call-bind-apply-helpers set size:undefined disposed:false
114 http fetch GET 200 https://registry.npmjs.org/gopd 175ms (cache miss)
115 silly packumentCache full:https://registry.npmjs.org/gopd set size:undefined disposed:false
116 http fetch GET 200 https://registry.npmjs.org/function-bind 314ms (cache miss)
117 silly packumentCache full:https://registry.npmjs.org/function-bind set size:undefined disposed:false
118 http fetch GET 200 https://registry.npmjs.org/math-intrinsics 320ms (cache miss)
119 silly packumentCache full:https://registry.npmjs.org/math-intrinsics set size:undefined disposed:false
120 http fetch GET 200 https://registry.npmjs.org/has-symbols 330ms (cache miss)
121 silly packumentCache full:https://registry.npmjs.org/has-symbols set size:undefined disposed:false
122 http fetch GET 200 https://registry.npmjs.org/has-symbols 346ms (cache miss)
123 silly packumentCache full:https://registry.npmjs.org/has-symbols set size:undefined disposed:false
124 silly placeDep ROOT call-bind-apply-helpers@1.0.2 OK for: get-intrinsic@1.3.0 want: ^1.0.2
125 silly placeDep ROOT es-define-property@1.0.1 OK for: get-intrinsic@1.3.0 want: ^1.0.1
126 silly placeDep ROOT es-object-atoms@1.1.1 OK for: get-intrinsic@1.3.0 want: ^1.1.1
127 silly placeDep ROOT function-bind@1.1.2 OK for: get-intrinsic@1.3.0 want: ^1.1.2
128 silly placeDep ROOT get-proto@1.0.1 OK for: get-intrinsic@1.3.0 want: ^1.0.1
129 silly placeDep ROOT gopd@1.2.0 OK for: get-intrinsic@1.3.0 want: ^1.2.0
130 silly placeDep ROOT has-symbols@1.1.0 OK for: get-intrinsic@1.3.0 want: ^1.1.0
131 silly placeDep ROOT math-intrinsics@1.1.0 OK for: get-intrinsic@1.3.0 want: ^1.1.0
132 silly fetch manifest dunder-proto@^1.0.1
133 silly packumentCache full:https://registry.npmjs.org/dunder-proto cache-miss
134 http fetch GET 200 https://registry.npmjs.org/dunder-proto 78ms (cache miss)
135 silly packumentCache full:https://registry.npmjs.org/dunder-proto set size:undefined disposed:false
136 silly placeDep ROOT dunder-proto@1.0.1 OK for: get-proto@1.0.1 want: ^1.0.1
137 silly placeDep ROOT mime-db@1.52.0 OK for: mime-types@2.1.35 want: 1.52.0
138 silly reify moves {}
139 silly audit bulk request {
139 silly audit   '@alloc/quick-lru': [ '5.2.0' ],
139 silly audit   '@emnapi/runtime': [ '1.3.1' ],
139 silly audit   '@img/sharp-darwin-arm64': [ '0.33.5' ],
139 silly audit   '@img/sharp-darwin-x64': [ '0.33.5' ],
139 silly audit   '@img/sharp-libvips-darwin-arm64': [ '1.0.4' ],
139 silly audit   '@img/sharp-libvips-darwin-x64': [ '1.0.4' ],
139 silly audit   '@img/sharp-libvips-linux-arm': [ '1.0.5' ],
139 silly audit   '@img/sharp-libvips-linux-arm64': [ '1.0.4' ],
139 silly audit   '@img/sharp-libvips-linux-s390x': [ '1.0.4' ],
139 silly audit   '@img/sharp-libvips-linux-x64': [ '1.0.4' ],
139 silly audit   '@img/sharp-libvips-linuxmusl-arm64': [ '1.0.4' ],
139 silly audit   '@img/sharp-libvips-linuxmusl-x64': [ '1.0.4' ],
139 silly audit   '@img/sharp-linux-arm': [ '0.33.5' ],
139 silly audit   '@img/sharp-linux-arm64': [ '0.33.5' ],
139 silly audit   '@img/sharp-linux-s390x': [ '0.33.5' ],
139 silly audit   '@img/sharp-linux-x64': [ '0.33.5' ],
139 silly audit   '@img/sharp-linuxmusl-arm64': [ '0.33.5' ],
139 silly audit   '@img/sharp-linuxmusl-x64': [ '0.33.5' ],
139 silly audit   '@img/sharp-wasm32': [ '0.33.5' ],
139 silly audit   '@img/sharp-win32-ia32': [ '0.33.5' ],
139 silly audit   '@img/sharp-win32-x64': [ '0.33.5' ],
139 silly audit   '@next/env': [ '15.2.3' ],
139 silly audit   '@next/swc-darwin-arm64': [ '15.2.3' ],
139 silly audit   '@next/swc-darwin-x64': [ '15.2.3' ],
139 silly audit   '@next/swc-linux-arm64-gnu': [ '15.2.3' ],
139 silly audit   '@next/swc-linux-arm64-musl': [ '15.2.3' ],
139 silly audit   '@next/swc-linux-x64-gnu': [ '15.2.3' ],
139 silly audit   '@next/swc-linux-x64-musl': [ '15.2.3' ],
139 silly audit   '@next/swc-win32-arm64-msvc': [ '15.2.3' ],
139 silly audit   '@next/swc-win32-x64-msvc': [ '15.2.3' ],
139 silly audit   '@radix-ui/primitive': [ '1.1.1' ],
139 silly audit   '@radix-ui/react-compose-refs': [ '1.1.1' ],
139 silly audit   '@radix-ui/react-context': [ '1.1.1' ],
139 silly audit   '@radix-ui/react-dialog': [ '1.1.6' ],
139 silly audit   '@radix-ui/react-dismissable-layer': [ '1.1.5' ],
139 silly audit   '@radix-ui/react-focus-guards': [ '1.1.1' ],
139 silly audit   '@radix-ui/react-focus-scope': [ '1.1.2' ],
139 silly audit   '@radix-ui/react-id': [ '1.1.0' ],
139 silly audit   '@radix-ui/react-portal': [ '1.1.4' ],
139 silly audit   '@radix-ui/react-presence': [ '1.1.2' ],
139 silly audit   '@radix-ui/react-primitive': [ '2.0.2' ],
139 silly audit   '@radix-ui/react-slot': [ '1.1.2' ],
139 silly audit   '@radix-ui/react-use-callback-ref': [ '1.1.0' ],
139 silly audit   '@radix-ui/react-use-controllable-state': [ '1.1.0' ],
139 silly audit   '@radix-ui/react-use-escape-keydown': [ '1.1.0' ],
139 silly audit   '@radix-ui/react-use-layout-effect': [ '1.1.0' ],
139 silly audit   '@react-oauth/google': [ '0.12.1' ],
139 silly audit   '@swc/counter': [ '0.1.3' ],
139 silly audit   '@swc/helpers': [ '0.5.15' ],
139 silly audit   '@tailwindcss/node': [ '4.0.15' ],
139 silly audit   '@tailwindcss/oxide': [ '4.0.15' ],
139 silly audit   '@tailwindcss/oxide-android-arm64': [ '4.0.15' ],
139 silly audit   '@tailwindcss/oxide-darwin-arm64': [ '4.0.15' ],
139 silly audit   '@tailwindcss/oxide-darwin-x64': [ '4.0.15' ],
139 silly audit   '@tailwindcss/oxide-freebsd-x64': [ '4.0.15' ],
139 silly audit   '@tailwindcss/oxide-linux-arm-gnueabihf': [ '4.0.15' ],
139 silly audit   '@tailwindcss/oxide-linux-arm64-gnu': [ '4.0.15' ],
139 silly audit   '@tailwindcss/oxide-linux-arm64-musl': [ '4.0.15' ],
139 silly audit   '@tailwindcss/oxide-linux-x64-gnu': [ '4.0.15' ],
139 silly audit   '@tailwindcss/oxide-linux-x64-musl': [ '4.0.15' ],
139 silly audit   '@tailwindcss/oxide-win32-arm64-msvc': [ '4.0.15' ],
139 silly audit   '@tailwindcss/oxide-win32-x64-msvc': [ '4.0.15' ],
139 silly audit   '@tailwindcss/postcss': [ '4.0.15' ],
139 silly audit   'aria-hidden': [ '1.2.4' ],
139 silly audit   autoprefixer: [ '10.4.21' ],
139 silly audit   browserslist: [ '4.24.4' ],
139 silly audit   busboy: [ '1.6.0' ],
139 silly audit   'caniuse-lite': [ '1.0.30001706' ],
139 silly audit   'class-variance-authority': [ '0.7.1' ],
139 silly audit   'client-only': [ '0.0.1' ],
139 silly audit   clsx: [ '2.1.1' ],
139 silly audit   color: [ '4.2.3' ],
139 silly audit   'color-convert': [ '2.0.1' ],
139 silly audit   'color-name': [ '1.1.4' ],
139 silly audit   'color-string': [ '1.9.1' ],
139 silly audit   dedent: [ '1.5.3' ],
139 silly audit   'detect-libc': [ '2.0.3' ],
139 silly audit   'detect-node-es': [ '1.1.0' ],
139 silly audit   'electron-to-chromium': [ '1.5.123' ],
139 silly audit   'enhanced-resolve': [ '5.18.1' ],
139 silly audit   escalade: [ '3.2.0' ],
139 silly audit   'fraction.js': [ '4.3.7' ],
139 silly audit   'get-nonce': [ '1.0.1' ],
139 silly audit   'graceful-fs': [ '4.2.11' ],
139 silly audit   'is-arrayish': [ '0.3.2' ],
139 silly audit   jiti: [ '2.4.2' ],
139 silly audit   'js-tokens': [ '4.0.0' ],
139 silly audit   lightningcss: [ '1.29.2' ],
139 silly audit   'lightningcss-darwin-arm64': [ '1.29.2' ],
139 silly audit   'lightningcss-darwin-x64': [ '1.29.2' ],
139 silly audit   'lightningcss-freebsd-x64': [ '1.29.2' ],
139 silly audit   'lightningcss-linux-arm-gnueabihf': [ '1.29.2' ],
139 silly audit   'lightningcss-linux-arm64-gnu': [ '1.29.2' ],
139 silly audit   'lightningcss-linux-arm64-musl': [ '1.29.2' ],
139 silly audit   'lightningcss-linux-x64-gnu': [ '1.29.2' ],
139 silly audit   'lightningcss-linux-x64-musl': [ '1.29.2' ],
139 silly audit   'lightningcss-win32-arm64-msvc': [ '1.29.2' ],
139 silly audit   'lightningcss-win32-x64-msvc': [ '1.29.2' ],
139 silly audit   'loose-envify': [ '1.4.0' ],
139 silly audit   'lucide-react': [ '0.483.0' ],
139 silly audit   nanoid: [ '3.3.11' ],
139 silly audit   next: [ '15.2.3' ],
139 silly audit   'next-themes': [ '0.4.6' ],
139 silly audit   postcss: [ '8.4.31', '8.5.3' ],
139 silly audit   'node-releases': [ '2.0.19' ],
139 silly audit   'normalize-range': [ '0.1.2' ],
139 silly audit   picocolors: [ '1.1.1' ],
139 silly audit   'postcss-value-parser': [ '4.2.0' ],
139 silly audit   react: [ '18.3.1' ],
139 silly audit   'react-dom': [ '18.3.1' ],
139 silly audit   'react-remove-scroll': [ '2.6.3' ],
139 silly audit   'react-remove-scroll-bar': [ '2.3.8' ],
139 silly audit   'react-style-singleton': [ '2.2.3' ],
139 silly audit   scheduler: [ '0.23.2' ],
139 silly audit   semver: [ '7.7.1' ],
139 silly audit   sharp: [ '0.33.5' ],
139 silly audit   'simple-swizzle': [ '0.2.2' ],
139 silly audit   'source-map-js': [ '1.2.1' ],
139 silly audit   streamsearch: [ '1.1.0' ],
139 silly audit   'styled-jsx': [ '5.1.6' ],
139 silly audit   'tailwind-merge': [ '3.0.2' ],
139 silly audit   tailwindcss: [ '4.0.15' ],
139 silly audit   tapable: [ '2.2.1' ],
139 silly audit   tslib: [ '2.8.1' ],
139 silly audit   'tw-animate-css': [ '1.2.4' ],
139 silly audit   'update-browserslist-db': [ '1.1.3' ],
139 silly audit   'use-callback-ref': [ '1.3.3' ],
139 silly audit   'use-sidecar': [ '1.1.3' ],
139 silly audit   axios: [ '1.8.4' ],
139 silly audit   'follow-redirects': [ '1.15.9' ],
139 silly audit   'form-data': [ '4.0.2' ],
139 silly audit   'proxy-from-env': [ '1.1.0' ],
139 silly audit   asynckit: [ '0.4.0' ],
139 silly audit   'combined-stream': [ '1.0.8' ],
139 silly audit   'es-set-tostringtag': [ '2.1.0' ],
139 silly audit   'mime-types': [ '2.1.35' ],
139 silly audit   'delayed-stream': [ '1.0.0' ],
139 silly audit   'es-errors': [ '1.3.0' ],
139 silly audit   'get-intrinsic': [ '1.3.0' ],
139 silly audit   'has-tostringtag': [ '1.0.2' ],
139 silly audit   hasown: [ '2.0.2' ],
139 silly audit   'call-bind-apply-helpers': [ '1.0.2' ],
139 silly audit   'es-define-property': [ '1.0.1' ],
139 silly audit   'es-object-atoms': [ '1.1.1' ],
139 silly audit   'function-bind': [ '1.1.2' ],
139 silly audit   'get-proto': [ '1.0.1' ],
139 silly audit   gopd: [ '1.2.0' ],
139 silly audit   'has-symbols': [ '1.1.0' ],
139 silly audit   'math-intrinsics': [ '1.1.0' ],
139 silly audit   'dunder-proto': [ '1.0.1' ],
139 silly audit   'mime-db': [ '1.52.0' ]
139 silly audit }
140 verbose reify failed optional dependency C:\Users\Krishna jadhav\Desktop\Git\Projects\volt\node_modules\lightningcss-win32-arm64-msvc
141 silly reify mark deleted [
141 silly reify   'C:\\Users\\Krishna jadhav\\Desktop\\Git\\Projects\\volt\\node_modules\\lightningcss-win32-arm64-msvc'
141 silly reify ]
142 verbose reify failed optional dependency C:\Users\Krishna jadhav\Desktop\Git\Projects\volt\node_modules\lightningcss-linux-x64-musl
143 silly reify mark deleted [
143 silly reify   'C:\\Users\\Krishna jadhav\\Desktop\\Git\\Projects\\volt\\node_modules\\lightningcss-linux-x64-musl'
143 silly reify ]
144 verbose reify failed optional dependency C:\Users\Krishna jadhav\Desktop\Git\Projects\volt\node_modules\lightningcss-linux-x64-gnu
145 silly reify mark deleted [
145 silly reify   'C:\\Users\\Krishna jadhav\\Desktop\\Git\\Projects\\volt\\node_modules\\lightningcss-linux-x64-gnu'
145 silly reify ]
146 verbose reify failed optional dependency C:\Users\Krishna jadhav\Desktop\Git\Projects\volt\node_modules\lightningcss-linux-arm64-musl
147 silly reify mark deleted [
147 silly reify   'C:\\Users\\Krishna jadhav\\Desktop\\Git\\Projects\\volt\\node_modules\\lightningcss-linux-arm64-musl'
147 silly reify ]
148 verbose reify failed optional dependency C:\Users\Krishna jadhav\Desktop\Git\Projects\volt\node_modules\lightningcss-linux-arm64-gnu
149 silly reify mark deleted [
149 silly reify   'C:\\Users\\Krishna jadhav\\Desktop\\Git\\Projects\\volt\\node_modules\\lightningcss-linux-arm64-gnu'
149 silly reify ]
150 verbose reify failed optional dependency C:\Users\Krishna jadhav\Desktop\Git\Projects\volt\node_modules\lightningcss-linux-arm-gnueabihf
151 silly reify mark deleted [
151 silly reify   'C:\\Users\\Krishna jadhav\\Desktop\\Git\\Projects\\volt\\node_modules\\lightningcss-linux-arm-gnueabihf'
151 silly reify ]
152 verbose reify failed optional dependency C:\Users\Krishna jadhav\Desktop\Git\Projects\volt\node_modules\lightningcss-freebsd-x64
153 silly reify mark deleted [
153 silly reify   'C:\\Users\\Krishna jadhav\\Desktop\\Git\\Projects\\volt\\node_modules\\lightningcss-freebsd-x64'
153 silly reify ]
154 verbose reify failed optional dependency C:\Users\Krishna jadhav\Desktop\Git\Projects\volt\node_modules\lightningcss-darwin-x64
155 silly reify mark deleted [
155 silly reify   'C:\\Users\\Krishna jadhav\\Desktop\\Git\\Projects\\volt\\node_modules\\lightningcss-darwin-x64'
155 silly reify ]
156 verbose reify failed optional dependency C:\Users\Krishna jadhav\Desktop\Git\Projects\volt\node_modules\lightningcss-darwin-arm64
157 silly reify mark deleted [
157 silly reify   'C:\\Users\\Krishna jadhav\\Desktop\\Git\\Projects\\volt\\node_modules\\lightningcss-darwin-arm64'
157 silly reify ]
158 verbose reify failed optional dependency C:\Users\Krishna jadhav\Desktop\Git\Projects\volt\node_modules\@tailwindcss\oxide-win32-arm64-msvc
159 silly reify mark deleted [
159 silly reify   'C:\\Users\\Krishna jadhav\\Desktop\\Git\\Projects\\volt\\node_modules\\@tailwindcss\\oxide-win32-arm64-msvc'
159 silly reify ]
160 verbose reify failed optional dependency C:\Users\Krishna jadhav\Desktop\Git\Projects\volt\node_modules\@tailwindcss\oxide-linux-x64-musl
161 silly reify mark deleted [
161 silly reify   'C:\\Users\\Krishna jadhav\\Desktop\\Git\\Projects\\volt\\node_modules\\@tailwindcss\\oxide-linux-x64-musl'
161 silly reify ]
162 verbose reify failed optional dependency C:\Users\Krishna jadhav\Desktop\Git\Projects\volt\node_modules\@tailwindcss\oxide-linux-x64-gnu
163 silly reify mark deleted [
163 silly reify   'C:\\Users\\Krishna jadhav\\Desktop\\Git\\Projects\\volt\\node_modules\\@tailwindcss\\oxide-linux-x64-gnu'
163 silly reify ]
164 verbose reify failed optional dependency C:\Users\Krishna jadhav\Desktop\Git\Projects\volt\node_modules\@tailwindcss\oxide-linux-arm64-musl
165 silly reify mark deleted [
165 silly reify   'C:\\Users\\Krishna jadhav\\Desktop\\Git\\Projects\\volt\\node_modules\\@tailwindcss\\oxide-linux-arm64-musl'
165 silly reify ]
166 verbose reify failed optional dependency C:\Users\Krishna jadhav\Desktop\Git\Projects\volt\node_modules\@tailwindcss\oxide-linux-arm64-gnu
167 silly reify mark deleted [
167 silly reify   'C:\\Users\\Krishna jadhav\\Desktop\\Git\\Projects\\volt\\node_modules\\@tailwindcss\\oxide-linux-arm64-gnu'
167 silly reify ]
168 verbose reify failed optional dependency C:\Users\Krishna jadhav\Desktop\Git\Projects\volt\node_modules\@tailwindcss\oxide-linux-arm-gnueabihf
169 silly reify mark deleted [
169 silly reify   'C:\\Users\\Krishna jadhav\\Desktop\\Git\\Projects\\volt\\node_modules\\@tailwindcss\\oxide-linux-arm-gnueabihf'
169 silly reify ]
170 verbose reify failed optional dependency C:\Users\Krishna jadhav\Desktop\Git\Projects\volt\node_modules\@tailwindcss\oxide-freebsd-x64
171 silly reify mark deleted [
171 silly reify   'C:\\Users\\Krishna jadhav\\Desktop\\Git\\Projects\\volt\\node_modules\\@tailwindcss\\oxide-freebsd-x64'
171 silly reify ]
172 verbose reify failed optional dependency C:\Users\Krishna jadhav\Desktop\Git\Projects\volt\node_modules\@tailwindcss\oxide-darwin-x64
173 silly reify mark deleted [
173 silly reify   'C:\\Users\\Krishna jadhav\\Desktop\\Git\\Projects\\volt\\node_modules\\@tailwindcss\\oxide-darwin-x64'
173 silly reify ]
174 verbose reify failed optional dependency C:\Users\Krishna jadhav\Desktop\Git\Projects\volt\node_modules\@tailwindcss\oxide-darwin-arm64
175 silly reify mark deleted [
175 silly reify   'C:\\Users\\Krishna jadhav\\Desktop\\Git\\Projects\\volt\\node_modules\\@tailwindcss\\oxide-darwin-arm64'
175 silly reify ]
176 verbose reify failed optional dependency C:\Users\Krishna jadhav\Desktop\Git\Projects\volt\node_modules\@tailwindcss\oxide-android-arm64
177 silly reify mark deleted [
177 silly reify   'C:\\Users\\Krishna jadhav\\Desktop\\Git\\Projects\\volt\\node_modules\\@tailwindcss\\oxide-android-arm64'
177 silly reify ]
178 verbose reify failed optional dependency C:\Users\Krishna jadhav\Desktop\Git\Projects\volt\node_modules\@next\swc-win32-arm64-msvc
179 silly reify mark deleted [
179 silly reify   'C:\\Users\\Krishna jadhav\\Desktop\\Git\\Projects\\volt\\node_modules\\@next\\swc-win32-arm64-msvc'
179 silly reify ]
180 verbose reify failed optional dependency C:\Users\Krishna jadhav\Desktop\Git\Projects\volt\node_modules\@next\swc-linux-x64-musl
181 silly reify mark deleted [
181 silly reify   'C:\\Users\\Krishna jadhav\\Desktop\\Git\\Projects\\volt\\node_modules\\@next\\swc-linux-x64-musl'
181 silly reify ]
182 verbose reify failed optional dependency C:\Users\Krishna jadhav\Desktop\Git\Projects\volt\node_modules\@next\swc-linux-x64-gnu
183 silly reify mark deleted [
183 silly reify   'C:\\Users\\Krishna jadhav\\Desktop\\Git\\Projects\\volt\\node_modules\\@next\\swc-linux-x64-gnu'
183 silly reify ]
184 verbose reify failed optional dependency C:\Users\Krishna jadhav\Desktop\Git\Projects\volt\node_modules\@next\swc-linux-arm64-musl
185 silly reify mark deleted [
185 silly reify   'C:\\Users\\Krishna jadhav\\Desktop\\Git\\Projects\\volt\\node_modules\\@next\\swc-linux-arm64-musl'
185 silly reify ]
186 verbose reify failed optional dependency C:\Users\Krishna jadhav\Desktop\Git\Projects\volt\node_modules\@next\swc-linux-arm64-gnu
187 silly reify mark deleted [
187 silly reify   'C:\\Users\\Krishna jadhav\\Desktop\\Git\\Projects\\volt\\node_modules\\@next\\swc-linux-arm64-gnu'
187 silly reify ]
188 verbose reify failed optional dependency C:\Users\Krishna jadhav\Desktop\Git\Projects\volt\node_modules\@next\swc-darwin-x64
189 silly reify mark deleted [
189 silly reify   'C:\\Users\\Krishna jadhav\\Desktop\\Git\\Projects\\volt\\node_modules\\@next\\swc-darwin-x64'
189 silly reify ]
190 verbose reify failed optional dependency C:\Users\Krishna jadhav\Desktop\Git\Projects\volt\node_modules\@next\swc-darwin-arm64
191 silly reify mark deleted [
191 silly reify   'C:\\Users\\Krishna jadhav\\Desktop\\Git\\Projects\\volt\\node_modules\\@next\\swc-darwin-arm64'
191 silly reify ]
192 verbose reify failed optional dependency C:\Users\Krishna jadhav\Desktop\Git\Projects\volt\node_modules\@img\sharp-win32-ia32
193 silly reify mark deleted [
193 silly reify   'C:\\Users\\Krishna jadhav\\Desktop\\Git\\Projects\\volt\\node_modules\\@img\\sharp-win32-ia32'
193 silly reify ]
194 verbose reify failed optional dependency C:\Users\Krishna jadhav\Desktop\Git\Projects\volt\node_modules\@img\sharp-wasm32
195 silly reify mark deleted [
195 silly reify   'C:\\Users\\Krishna jadhav\\Desktop\\Git\\Projects\\volt\\node_modules\\@img\\sharp-wasm32'
195 silly reify ]
196 verbose reify failed optional dependency C:\Users\Krishna jadhav\Desktop\Git\Projects\volt\node_modules\@emnapi\runtime
197 silly reify mark deleted [
197 silly reify   'C:\\Users\\Krishna jadhav\\Desktop\\Git\\Projects\\volt\\node_modules\\@emnapi\\runtime'
197 silly reify ]
198 verbose reify failed optional dependency C:\Users\Krishna jadhav\Desktop\Git\Projects\volt\node_modules\@img\sharp-linuxmusl-x64
199 silly reify mark deleted [
199 silly reify   'C:\\Users\\Krishna jadhav\\Desktop\\Git\\Projects\\volt\\node_modules\\@img\\sharp-linuxmusl-x64'
199 silly reify ]
200 verbose reify failed optional dependency C:\Users\Krishna jadhav\Desktop\Git\Projects\volt\node_modules\@img\sharp-linuxmusl-arm64
201 silly reify mark deleted [
201 silly reify   'C:\\Users\\Krishna jadhav\\Desktop\\Git\\Projects\\volt\\node_modules\\@img\\sharp-linuxmusl-arm64'
201 silly reify ]
202 verbose reify failed optional dependency C:\Users\Krishna jadhav\Desktop\Git\Projects\volt\node_modules\@img\sharp-linux-x64
203 silly reify mark deleted [
203 silly reify   'C:\\Users\\Krishna jadhav\\Desktop\\Git\\Projects\\volt\\node_modules\\@img\\sharp-linux-x64'
203 silly reify ]
204 verbose reify failed optional dependency C:\Users\Krishna jadhav\Desktop\Git\Projects\volt\node_modules\@img\sharp-linux-s390x
205 silly reify mark deleted [
205 silly reify   'C:\\Users\\Krishna jadhav\\Desktop\\Git\\Projects\\volt\\node_modules\\@img\\sharp-linux-s390x'
205 silly reify ]
206 verbose reify failed optional dependency C:\Users\Krishna jadhav\Desktop\Git\Projects\volt\node_modules\@img\sharp-linux-arm64
207 silly reify mark deleted [
207 silly reify   'C:\\Users\\Krishna jadhav\\Desktop\\Git\\Projects\\volt\\node_modules\\@img\\sharp-linux-arm64'
207 silly reify ]
208 verbose reify failed optional dependency C:\Users\Krishna jadhav\Desktop\Git\Projects\volt\node_modules\@img\sharp-linux-arm
209 silly reify mark deleted [
209 silly reify   'C:\\Users\\Krishna jadhav\\Desktop\\Git\\Projects\\volt\\node_modules\\@img\\sharp-linux-arm'
209 silly reify ]
210 verbose reify failed optional dependency C:\Users\Krishna jadhav\Desktop\Git\Projects\volt\node_modules\@img\sharp-libvips-linuxmusl-x64
211 silly reify mark deleted [
211 silly reify   'C:\\Users\\Krishna jadhav\\Desktop\\Git\\Projects\\volt\\node_modules\\@img\\sharp-libvips-linuxmusl-x64'
211 silly reify ]
212 verbose reify failed optional dependency C:\Users\Krishna jadhav\Desktop\Git\Projects\volt\node_modules\@img\sharp-libvips-linuxmusl-arm64
213 silly reify mark deleted [
213 silly reify   'C:\\Users\\Krishna jadhav\\Desktop\\Git\\Projects\\volt\\node_modules\\@img\\sharp-libvips-linuxmusl-arm64'
213 silly reify ]
214 verbose reify failed optional dependency C:\Users\Krishna jadhav\Desktop\Git\Projects\volt\node_modules\@img\sharp-libvips-linux-x64
215 silly reify mark deleted [
215 silly reify   'C:\\Users\\Krishna jadhav\\Desktop\\Git\\Projects\\volt\\node_modules\\@img\\sharp-libvips-linux-x64'
215 silly reify ]
216 verbose reify failed optional dependency C:\Users\Krishna jadhav\Desktop\Git\Projects\volt\node_modules\@img\sharp-libvips-linux-s390x
217 silly reify mark deleted [
217 silly reify   'C:\\Users\\Krishna jadhav\\Desktop\\Git\\Projects\\volt\\node_modules\\@img\\sharp-libvips-linux-s390x'
217 silly reify ]
218 verbose reify failed optional dependency C:\Users\Krishna jadhav\Desktop\Git\Projects\volt\node_modules\@img\sharp-libvips-linux-arm64
219 silly reify mark deleted [
219 silly reify   'C:\\Users\\Krishna jadhav\\Desktop\\Git\\Projects\\volt\\node_modules\\@img\\sharp-libvips-linux-arm64'
219 silly reify ]
220 verbose reify failed optional dependency C:\Users\Krishna jadhav\Desktop\Git\Projects\volt\node_modules\@img\sharp-libvips-linux-arm
221 silly reify mark deleted [
221 silly reify   'C:\\Users\\Krishna jadhav\\Desktop\\Git\\Projects\\volt\\node_modules\\@img\\sharp-libvips-linux-arm'
221 silly reify ]
222 verbose reify failed optional dependency C:\Users\Krishna jadhav\Desktop\Git\Projects\volt\node_modules\@img\sharp-libvips-darwin-x64
223 silly reify mark deleted [
223 silly reify   'C:\\Users\\Krishna jadhav\\Desktop\\Git\\Projects\\volt\\node_modules\\@img\\sharp-libvips-darwin-x64'
223 silly reify ]
224 verbose reify failed optional dependency C:\Users\Krishna jadhav\Desktop\Git\Projects\volt\node_modules\@img\sharp-libvips-darwin-arm64
225 silly reify mark deleted [
225 silly reify   'C:\\Users\\Krishna jadhav\\Desktop\\Git\\Projects\\volt\\node_modules\\@img\\sharp-libvips-darwin-arm64'
225 silly reify ]
226 verbose reify failed optional dependency C:\Users\Krishna jadhav\Desktop\Git\Projects\volt\node_modules\@img\sharp-darwin-x64
227 silly reify mark deleted [
227 silly reify   'C:\\Users\\Krishna jadhav\\Desktop\\Git\\Projects\\volt\\node_modules\\@img\\sharp-darwin-x64'
227 silly reify ]
228 verbose reify failed optional dependency C:\Users\Krishna jadhav\Desktop\Git\Projects\volt\node_modules\@img\sharp-darwin-arm64
229 silly reify mark deleted [
229 silly reify   'C:\\Users\\Krishna jadhav\\Desktop\\Git\\Projects\\volt\\node_modules\\@img\\sharp-darwin-arm64'
229 silly reify ]
230 http cache math-intrinsics@https://registry.npmjs.org/math-intrinsics/-/math-intrinsics-1.1.0.tgz 0ms (cache hit)
231 http cache mime-db@https://registry.npmjs.org/mime-db/-/mime-db-1.52.0.tgz 0ms (cache hit)
232 http cache gopd@https://registry.npmjs.org/gopd/-/gopd-1.2.0.tgz 0ms (cache hit)
233 http cache has-symbols@https://registry.npmjs.org/has-symbols/-/has-symbols-1.1.0.tgz 0ms (cache hit)
234 http cache get-proto@https://registry.npmjs.org/get-proto/-/get-proto-1.0.1.tgz 0ms (cache hit)
235 http cache es-object-atoms@https://registry.npmjs.org/es-object-atoms/-/es-object-atoms-1.1.1.tgz 0ms (cache hit)
236 http cache dunder-proto@https://registry.npmjs.org/dunder-proto/-/dunder-proto-1.0.1.tgz 0ms (cache hit)
237 http cache es-define-property@https://registry.npmjs.org/es-define-property/-/es-define-property-1.0.1.tgz 0ms (cache hit)
238 http cache get-intrinsic@https://registry.npmjs.org/get-intrinsic/-/get-intrinsic-1.3.0.tgz 0ms (cache hit)
239 http cache hasown@https://registry.npmjs.org/hasown/-/hasown-2.0.2.tgz 0ms (cache hit)
240 http cache has-tostringtag@https://registry.npmjs.org/has-tostringtag/-/has-tostringtag-1.0.2.tgz 0ms (cache hit)
241 http cache es-errors@https://registry.npmjs.org/es-errors/-/es-errors-1.3.0.tgz 0ms (cache hit)
242 http cache function-bind@https://registry.npmjs.org/function-bind/-/function-bind-1.1.2.tgz 0ms (cache hit)
243 http cache es-set-tostringtag@https://registry.npmjs.org/es-set-tostringtag/-/es-set-tostringtag-2.1.0.tgz 0ms (cache hit)
244 http cache delayed-stream@https://registry.npmjs.org/delayed-stream/-/delayed-stream-1.0.0.tgz 0ms (cache hit)
245 http cache mime-types@https://registry.npmjs.org/mime-types/-/mime-types-2.1.35.tgz 0ms (cache hit)
246 http cache combined-stream@https://registry.npmjs.org/combined-stream/-/combined-stream-1.0.8.tgz 0ms (cache hit)
247 http cache call-bind-apply-helpers@https://registry.npmjs.org/call-bind-apply-helpers/-/call-bind-apply-helpers-1.0.2.tgz 0ms (cache hit)
248 http cache axios@https://registry.npmjs.org/axios/-/axios-1.8.4.tgz 0ms (cache hit)
249 http cache asynckit@https://registry.npmjs.org/asynckit/-/asynckit-0.4.0.tgz 0ms (cache hit)
250 http cache follow-redirects@https://registry.npmjs.org/follow-redirects/-/follow-redirects-1.15.9.tgz 0ms (cache hit)
251 http cache @emnapi/runtime@https://registry.npmjs.org/@emnapi/runtime/-/runtime-1.3.1.tgz 1ms (cache hit)
252 http cache form-data@https://registry.npmjs.org/form-data/-/form-data-4.0.2.tgz 0ms (cache hit)
253 http cache proxy-from-env@https://registry.npmjs.org/proxy-from-env/-/proxy-from-env-1.1.0.tgz 0ms (cache hit)
254 silly tarball no local data for math-intrinsics@https://registry.npmjs.org/math-intrinsics/-/math-intrinsics-1.1.0.tgz. Extracting by manifest.
255 silly tarball no local data for mime-db@https://registry.npmjs.org/mime-db/-/mime-db-1.52.0.tgz. Extracting by manifest.
256 silly tarball no local data for gopd@https://registry.npmjs.org/gopd/-/gopd-1.2.0.tgz. Extracting by manifest.
257 silly tarball no local data for has-symbols@https://registry.npmjs.org/has-symbols/-/has-symbols-1.1.0.tgz. Extracting by manifest.
258 silly tarball no local data for get-proto@https://registry.npmjs.org/get-proto/-/get-proto-1.0.1.tgz. Extracting by manifest.
259 silly tarball no local data for es-object-atoms@https://registry.npmjs.org/es-object-atoms/-/es-object-atoms-1.1.1.tgz. Extracting by manifest.
260 silly tarball no local data for dunder-proto@https://registry.npmjs.org/dunder-proto/-/dunder-proto-1.0.1.tgz. Extracting by manifest.
261 silly tarball no local data for es-define-property@https://registry.npmjs.org/es-define-property/-/es-define-property-1.0.1.tgz. Extracting by manifest.
262 silly tarball no local data for get-intrinsic@https://registry.npmjs.org/get-intrinsic/-/get-intrinsic-1.3.0.tgz. Extracting by manifest.
263 silly tarball no local data for hasown@https://registry.npmjs.org/hasown/-/hasown-2.0.2.tgz. Extracting by manifest.
264 silly tarball no local data for has-tostringtag@https://registry.npmjs.org/has-tostringtag/-/has-tostringtag-1.0.2.tgz. Extracting by manifest.
265 silly tarball no local data for es-errors@https://registry.npmjs.org/es-errors/-/es-errors-1.3.0.tgz. Extracting by manifest.
266 silly tarball no local data for function-bind@https://registry.npmjs.org/function-bind/-/function-bind-1.1.2.tgz. Extracting by manifest.
267 silly tarball no local data for es-set-tostringtag@https://registry.npmjs.org/es-set-tostringtag/-/es-set-tostringtag-2.1.0.tgz. Extracting by manifest.
268 silly tarball no local data for delayed-stream@https://registry.npmjs.org/delayed-stream/-/delayed-stream-1.0.0.tgz. Extracting by manifest.
269 silly tarball no local data for mime-types@https://registry.npmjs.org/mime-types/-/mime-types-2.1.35.tgz. Extracting by manifest.
270 silly tarball no local data for combined-stream@https://registry.npmjs.org/combined-stream/-/combined-stream-1.0.8.tgz. Extracting by manifest.
271 silly tarball no local data for call-bind-apply-helpers@https://registry.npmjs.org/call-bind-apply-helpers/-/call-bind-apply-helpers-1.0.2.tgz. Extracting by manifest.
272 silly tarball no local data for axios@https://registry.npmjs.org/axios/-/axios-1.8.4.tgz. Extracting by manifest.
273 silly tarball no local data for asynckit@https://registry.npmjs.org/asynckit/-/asynckit-0.4.0.tgz. Extracting by manifest.
274 silly tarball no local data for follow-redirects@https://registry.npmjs.org/follow-redirects/-/follow-redirects-1.15.9.tgz. Extracting by manifest.
275 silly tarball no local data for form-data@https://registry.npmjs.org/form-data/-/form-data-4.0.2.tgz. Extracting by manifest.
276 silly tarball no local data for proxy-from-env@https://registry.npmjs.org/proxy-from-env/-/proxy-from-env-1.1.0.tgz. Extracting by manifest.
277 http fetch POST 200 https://registry.npmjs.org/-/npm/v1/security/advisories/bulk 456ms
278 silly audit report {}
279 http fetch GET 200 https://registry.npmjs.org/math-intrinsics/-/math-intrinsics-1.1.0.tgz 393ms (cache miss)
280 http fetch GET 200 https://registry.npmjs.org/mime-types/-/mime-types-2.1.35.tgz 376ms (cache miss)
281 http fetch GET 200 https://registry.npmjs.org/mime-db/-/mime-db-1.52.0.tgz 415ms (cache miss)
282 http fetch GET 200 https://registry.npmjs.org/combined-stream/-/combined-stream-1.0.8.tgz 399ms (cache miss)
283 http fetch GET 200 https://registry.npmjs.org/delayed-stream/-/delayed-stream-1.0.0.tgz 410ms (cache miss)
284 http fetch GET 200 https://registry.npmjs.org/follow-redirects/-/follow-redirects-1.15.9.tgz 420ms (cache miss)
285 http fetch GET 200 https://registry.npmjs.org/get-intrinsic/-/get-intrinsic-1.3.0.tgz 465ms (cache miss)
286 http fetch GET 200 https://registry.npmjs.org/proxy-from-env/-/proxy-from-env-1.1.0.tgz 442ms (cache miss)
287 http fetch GET 200 https://registry.npmjs.org/es-define-property/-/es-define-property-1.0.1.tgz 498ms (cache miss)
288 http fetch GET 200 https://registry.npmjs.org/gopd/-/gopd-1.2.0.tgz 512ms (cache miss)
289 http fetch GET 200 https://registry.npmjs.org/form-data/-/form-data-4.0.2.tgz 474ms (cache miss)
290 http fetch GET 200 https://registry.npmjs.org/get-proto/-/get-proto-1.0.1.tgz 560ms (cache miss)
291 http fetch GET 200 https://registry.npmjs.org/dunder-proto/-/dunder-proto-1.0.1.tgz 559ms (cache miss)
292 http fetch GET 200 https://registry.npmjs.org/es-object-atoms/-/es-object-atoms-1.1.1.tgz 571ms (cache miss)
293 http fetch GET 200 https://registry.npmjs.org/has-symbols/-/has-symbols-1.1.0.tgz 581ms (cache miss)
294 http fetch GET 200 https://registry.npmjs.org/hasown/-/hasown-2.0.2.tgz 709ms (cache miss)
295 http fetch GET 200 https://registry.npmjs.org/asynckit/-/asynckit-0.4.0.tgz 721ms (cache miss)
296 http fetch GET 200 https://registry.npmjs.org/call-bind-apply-helpers/-/call-bind-apply-helpers-1.0.2.tgz 737ms (cache miss)
297 http fetch GET 200 https://registry.npmjs.org/function-bind/-/function-bind-1.1.2.tgz 774ms (cache miss)
298 http fetch GET 200 https://registry.npmjs.org/es-set-tostringtag/-/es-set-tostringtag-2.1.0.tgz 774ms (cache miss)
299 http fetch GET 200 https://registry.npmjs.org/has-tostringtag/-/has-tostringtag-1.0.2.tgz 820ms (cache miss)
300 http fetch GET 200 https://registry.npmjs.org/es-errors/-/es-errors-1.3.0.tgz 850ms (cache miss)
301 http fetch GET 200 https://registry.npmjs.org/axios/-/axios-1.8.4.tgz 1195ms (cache miss)
302 silly ADD node_modules/mime-db
303 silly ADD node_modules/dunder-proto
304 silly ADD node_modules/math-intrinsics
305 silly ADD node_modules/has-symbols
306 silly ADD node_modules/gopd
307 silly ADD node_modules/get-proto
308 silly ADD node_modules/function-bind
309 silly ADD node_modules/es-object-atoms
310 silly ADD node_modules/es-define-property
311 silly ADD node_modules/call-bind-apply-helpers
312 silly ADD node_modules/hasown
313 silly ADD node_modules/has-tostringtag
314 silly ADD node_modules/get-intrinsic
315 silly ADD node_modules/es-errors
316 silly ADD node_modules/delayed-stream
317 silly ADD node_modules/mime-types
318 silly ADD node_modules/es-set-tostringtag
319 silly ADD node_modules/combined-stream
320 silly ADD node_modules/asynckit
321 silly ADD node_modules/proxy-from-env
322 silly ADD node_modules/form-data
323 silly ADD node_modules/follow-redirects
324 silly ADD node_modules/axios
325 silly ADD
326 silly ADD
327 silly ADD
328 silly ADD
329 silly ADD
330 silly ADD
331 silly ADD
332 silly ADD
333 silly ADD
334 silly ADD
335 silly ADD
336 silly ADD
337 silly ADD
338 silly ADD
339 silly ADD
340 silly ADD
341 silly ADD
342 silly ADD
343 silly ADD
344 silly ADD
345 silly ADD
346 silly ADD
347 silly ADD
348 silly ADD
349 silly ADD
350 silly ADD
351 silly ADD
352 silly ADD
353 silly ADD
354 silly ADD
355 silly ADD
356 silly ADD
357 silly ADD
358 silly ADD
359 silly ADD
360 silly ADD
361 silly ADD
362 silly ADD
363 silly ADD
364 silly ADD
365 silly ADD
366 silly ADD
367 silly ADD
368 silly ADD
369 silly ADD
370 verbose cwd C:\Users\Krishna jadhav\Desktop\Git\Projects\volt
371 verbose os Windows_NT 10.0.22621
372 verbose node v20.17.0
373 verbose npm  v11.2.0
374 verbose exit 0
375 info ok
