0 verbose cli C:\Program Files\nodejs\node.exe C:\Users\Krishna jadhav\Desktop\Git\Projects\volt\%APPDATA%\npm\node_modules\npm\bin\npm-cli.js
1 info using npm@11.2.0
2 info using node@v20.17.0
3 silly config load:file:C:\Users\Krishna jadhav\Desktop\Git\Projects\volt\%APPDATA%\npm\node_modules\npm\npmrc
4 silly config load:file:C:\Users\Krishna jadhav\Desktop\Git\Projects\volt\.npmrc
5 silly config load:file:C:\Users\Krishna jadhav\.npmrc
6 silly config load:file:C:\Users\Krishna jadhav\Desktop\Git\Projects\volt\%APPDATA%\npm\etc\npmrc
7 verbose title npm install convex
8 verbose argv "install" "convex"
9 verbose logfile logs-max:10 dir:C:\Users\Krishna jadhav\Desktop\Git\Projects\volt\%LOCALAPPDATA%\npm-cache\_logs\2025-03-29T07_00_36_263Z-
10 verbose logfile C:\Users\Krishna jadhav\Desktop\Git\Projects\volt\%LOCALAPPDATA%\npm-cache\_logs\2025-03-29T07_00_36_263Z-debug-0.log
11 silly logfile start cleaning logs, removing 1 files
12 silly packumentCache heap:2197815296 maxSize:549453824 maxEntrySize:274726912
13 silly logfile done cleaning log files
14 silly idealTree buildDeps
15 silly fetch manifest convex@*
16 silly packumentCache full:https://registry.npmjs.org/convex cache-miss
17 http fetch GET 200 https://registry.npmjs.org/convex 438ms (cache miss)
18 silly packumentCache full:https://registry.npmjs.org/convex set size:undefined disposed:false
19 silly fetch manifest @auth0/auth0-react@^2.0.1
20 silly packumentCache full:https://registry.npmjs.org/@auth0%2fauth0-react cache-miss
21 http fetch GET 200 https://registry.npmjs.org/@auth0%2fauth0-react 114ms (cache miss)
22 silly packumentCache full:https://registry.npmjs.org/@auth0%2fauth0-react set size:undefined disposed:false
23 silly fetch manifest react@^18.0.0
24 silly packumentCache full:https://registry.npmjs.org/react cache-miss
25 http fetch GET 200 https://registry.npmjs.org/react 415ms (cache updated)
26 silly packumentCache full:https://registry.npmjs.org/react set size:undefined disposed:false
27 silly fetch manifest react-dom@^18.0.0
28 silly packumentCache full:https://registry.npmjs.org/react-dom cache-miss
29 http fetch GET 200 https://registry.npmjs.org/react-dom 344ms (cache updated)
30 silly packumentCache full:https://registry.npmjs.org/react-dom set size:undefined disposed:false
31 silly fetch manifest @clerk/clerk-react@^4.12.8 || ^5.0.0
32 silly packumentCache full:https://registry.npmjs.org/@clerk%2fclerk-react cache-miss
33 http fetch GET 200 https://registry.npmjs.org/@clerk%2fclerk-react 471ms (cache miss)
34 silly packumentCache full:https://registry.npmjs.org/@clerk%2fclerk-react set size:undefined disposed:false
35 silly placeDep ROOT convex@1.21.0 OK for: volt@0.1.0 want: *
36 silly fetch manifest esbuild@0.25.1
37 silly packumentCache full:https://registry.npmjs.org/esbuild cache-miss
38 silly fetch manifest prettier@3.4.2
39 silly packumentCache full:https://registry.npmjs.org/prettier cache-miss
40 silly fetch manifest jwt-decode@^3.1.2
41 silly packumentCache full:https://registry.npmjs.org/jwt-decode cache-miss
42 http fetch GET 200 https://registry.npmjs.org/esbuild 242ms (cache miss)
43 silly packumentCache full:https://registry.npmjs.org/esbuild set size:undefined disposed:false
44 http fetch GET 200 https://registry.npmjs.org/jwt-decode 413ms (cache miss)
45 silly packumentCache full:https://registry.npmjs.org/jwt-decode set size:undefined disposed:false
46 http fetch GET 200 https://registry.npmjs.org/prettier 432ms (cache miss)
47 silly packumentCache full:https://registry.npmjs.org/prettier set size:undefined disposed:false
48 silly placeDep ROOT esbuild@0.25.1 OK for: convex@1.21.0 want: 0.25.1
49 silly placeDep ROOT jwt-decode@3.1.2 OK for: convex@1.21.0 want: ^3.1.2
50 silly placeDep ROOT prettier@3.4.2 OK for: convex@1.21.0 want: 3.4.2
51 silly fetch manifest @esbuild/aix-ppc64@0.25.1
52 silly packumentCache full:https://registry.npmjs.org/@esbuild%2faix-ppc64 cache-miss
53 silly fetch manifest @esbuild/android-arm@0.25.1
54 silly packumentCache full:https://registry.npmjs.org/@esbuild%2fandroid-arm cache-miss
55 silly fetch manifest @esbuild/android-arm64@0.25.1
56 silly packumentCache full:https://registry.npmjs.org/@esbuild%2fandroid-arm64 cache-miss
57 silly fetch manifest @esbuild/android-x64@0.25.1
58 silly packumentCache full:https://registry.npmjs.org/@esbuild%2fandroid-x64 cache-miss
59 silly fetch manifest @esbuild/darwin-arm64@0.25.1
60 silly packumentCache full:https://registry.npmjs.org/@esbuild%2fdarwin-arm64 cache-miss
61 silly fetch manifest @esbuild/darwin-x64@0.25.1
62 silly packumentCache full:https://registry.npmjs.org/@esbuild%2fdarwin-x64 cache-miss
63 silly fetch manifest @esbuild/freebsd-arm64@0.25.1
64 silly packumentCache full:https://registry.npmjs.org/@esbuild%2ffreebsd-arm64 cache-miss
65 silly fetch manifest @esbuild/freebsd-x64@0.25.1
66 silly packumentCache full:https://registry.npmjs.org/@esbuild%2ffreebsd-x64 cache-miss
67 silly fetch manifest @esbuild/linux-arm@0.25.1
68 silly packumentCache full:https://registry.npmjs.org/@esbuild%2flinux-arm cache-miss
69 silly fetch manifest @esbuild/linux-arm64@0.25.1
70 silly packumentCache full:https://registry.npmjs.org/@esbuild%2flinux-arm64 cache-miss
71 silly fetch manifest @esbuild/linux-ia32@0.25.1
72 silly packumentCache full:https://registry.npmjs.org/@esbuild%2flinux-ia32 cache-miss
73 http fetch GET 200 https://registry.npmjs.org/@esbuild%2faix-ppc64 174ms (cache miss)
74 silly packumentCache full:https://registry.npmjs.org/@esbuild%2faix-ppc64 set size:undefined disposed:false
75 silly fetch manifest @esbuild/linux-loong64@0.25.1
76 silly packumentCache full:https://registry.npmjs.org/@esbuild%2flinux-loong64 cache-miss
77 http fetch GET 200 https://registry.npmjs.org/@esbuild%2fandroid-arm64 190ms (cache miss)
78 silly packumentCache full:https://registry.npmjs.org/@esbuild%2fandroid-arm64 set size:undefined disposed:false
79 silly fetch manifest @esbuild/linux-mips64el@0.25.1
80 silly packumentCache full:https://registry.npmjs.org/@esbuild%2flinux-mips64el cache-miss
81 http fetch GET 200 https://registry.npmjs.org/@esbuild%2fandroid-arm 199ms (cache miss)
82 silly packumentCache full:https://registry.npmjs.org/@esbuild%2fandroid-arm set size:undefined disposed:false
83 silly fetch manifest @esbuild/linux-ppc64@0.25.1
84 silly packumentCache full:https://registry.npmjs.org/@esbuild%2flinux-ppc64 cache-miss
85 http fetch GET 200 https://registry.npmjs.org/@esbuild%2fdarwin-x64 290ms (cache miss)
86 silly packumentCache full:https://registry.npmjs.org/@esbuild%2fdarwin-x64 set size:undefined disposed:false
87 silly fetch manifest @esbuild/linux-riscv64@0.25.1
88 silly packumentCache full:https://registry.npmjs.org/@esbuild%2flinux-riscv64 cache-miss
89 http fetch GET 200 https://registry.npmjs.org/@esbuild%2flinux-mips64el 105ms (cache miss)
90 silly packumentCache full:https://registry.npmjs.org/@esbuild%2flinux-mips64el set size:undefined disposed:false
91 silly fetch manifest @esbuild/linux-s390x@0.25.1
92 silly packumentCache full:https://registry.npmjs.org/@esbuild%2flinux-s390x cache-miss
93 http fetch GET 200 https://registry.npmjs.org/@esbuild%2fandroid-x64 318ms (cache miss)
94 silly packumentCache full:https://registry.npmjs.org/@esbuild%2fandroid-x64 set size:undefined disposed:false
95 silly fetch manifest @esbuild/linux-x64@0.25.1
96 silly packumentCache full:https://registry.npmjs.org/@esbuild%2flinux-x64 cache-miss
97 http fetch GET 200 https://registry.npmjs.org/@esbuild%2flinux-ia32 317ms (cache miss)
98 silly packumentCache full:https://registry.npmjs.org/@esbuild%2flinux-ia32 set size:undefined disposed:false
99 silly fetch manifest @esbuild/netbsd-arm64@0.25.1
100 silly packumentCache full:https://registry.npmjs.org/@esbuild%2fnetbsd-arm64 cache-miss
101 http fetch GET 200 https://registry.npmjs.org/@esbuild%2flinux-arm64 342ms (cache miss)
102 silly packumentCache full:https://registry.npmjs.org/@esbuild%2flinux-arm64 set size:undefined disposed:false
103 silly fetch manifest @esbuild/netbsd-x64@0.25.1
104 silly packumentCache full:https://registry.npmjs.org/@esbuild%2fnetbsd-x64 cache-miss
105 http fetch GET 200 https://registry.npmjs.org/@esbuild%2flinux-ppc64 154ms (cache miss)
106 silly packumentCache full:https://registry.npmjs.org/@esbuild%2flinux-ppc64 set size:undefined disposed:false
107 silly fetch manifest @esbuild/openbsd-arm64@0.25.1
108 silly packumentCache full:https://registry.npmjs.org/@esbuild%2fopenbsd-arm64 cache-miss
109 http fetch GET 200 https://registry.npmjs.org/@esbuild%2flinux-arm 360ms (cache miss)
110 silly packumentCache full:https://registry.npmjs.org/@esbuild%2flinux-arm set size:undefined disposed:false
111 silly fetch manifest @esbuild/openbsd-x64@0.25.1
112 silly packumentCache full:https://registry.npmjs.org/@esbuild%2fopenbsd-x64 cache-miss
113 http fetch GET 200 https://registry.npmjs.org/@esbuild%2ffreebsd-arm64 366ms (cache miss)
114 silly packumentCache full:https://registry.npmjs.org/@esbuild%2ffreebsd-arm64 set size:undefined disposed:false
115 silly fetch manifest @esbuild/sunos-x64@0.25.1
116 silly packumentCache full:https://registry.npmjs.org/@esbuild%2fsunos-x64 cache-miss
117 http fetch GET 200 https://registry.npmjs.org/@esbuild%2flinux-riscv64 122ms (cache miss)
118 silly packumentCache full:https://registry.npmjs.org/@esbuild%2flinux-riscv64 set size:undefined disposed:false
119 silly fetch manifest @esbuild/win32-arm64@0.25.1
120 silly packumentCache full:https://registry.npmjs.org/@esbuild%2fwin32-arm64 cache-miss
121 http fetch GET 200 https://registry.npmjs.org/@esbuild%2flinux-s390x 128ms (cache miss)
122 silly packumentCache full:https://registry.npmjs.org/@esbuild%2flinux-s390x set size:undefined disposed:false
123 silly fetch manifest @esbuild/win32-ia32@0.25.1
124 silly packumentCache full:https://registry.npmjs.org/@esbuild%2fwin32-ia32 cache-miss
125 http fetch GET 200 https://registry.npmjs.org/@esbuild%2flinux-x64 125ms (cache miss)
126 silly packumentCache full:https://registry.npmjs.org/@esbuild%2flinux-x64 set size:undefined disposed:false
127 silly fetch manifest @esbuild/win32-x64@0.25.1
128 silly packumentCache full:https://registry.npmjs.org/@esbuild%2fwin32-x64 cache-miss
129 http fetch GET 200 https://registry.npmjs.org/@esbuild%2fnetbsd-arm64 126ms (cache miss)
130 silly packumentCache full:https://registry.npmjs.org/@esbuild%2fnetbsd-arm64 set size:undefined disposed:false
131 http fetch GET 200 https://registry.npmjs.org/@esbuild%2flinux-loong64 293ms (cache miss)
132 silly packumentCache full:https://registry.npmjs.org/@esbuild%2flinux-loong64 set size:undefined disposed:false
133 http fetch GET 200 https://registry.npmjs.org/@esbuild%2fopenbsd-arm64 112ms (cache miss)
134 silly packumentCache full:https://registry.npmjs.org/@esbuild%2fopenbsd-arm64 set size:undefined disposed:false
135 http fetch GET 200 https://registry.npmjs.org/@esbuild%2fnetbsd-x64 128ms (cache miss)
136 silly packumentCache full:https://registry.npmjs.org/@esbuild%2fnetbsd-x64 set size:undefined disposed:false
137 http fetch GET 200 https://registry.npmjs.org/@esbuild%2ffreebsd-x64 494ms (cache miss)
138 silly packumentCache full:https://registry.npmjs.org/@esbuild%2ffreebsd-x64 set size:undefined disposed:false
139 http fetch GET 200 https://registry.npmjs.org/@esbuild%2fopenbsd-x64 146ms (cache miss)
140 silly packumentCache full:https://registry.npmjs.org/@esbuild%2fopenbsd-x64 set size:undefined disposed:false
141 http fetch GET 200 https://registry.npmjs.org/@esbuild%2fdarwin-arm64 538ms (cache miss)
142 silly packumentCache full:https://registry.npmjs.org/@esbuild%2fdarwin-arm64 set size:undefined disposed:false
143 http fetch GET 200 https://registry.npmjs.org/@esbuild%2fwin32-arm64 126ms (cache miss)
144 silly packumentCache full:https://registry.npmjs.org/@esbuild%2fwin32-arm64 set size:undefined disposed:false
145 http fetch GET 200 https://registry.npmjs.org/@esbuild%2fwin32-ia32 131ms (cache miss)
146 silly packumentCache full:https://registry.npmjs.org/@esbuild%2fwin32-ia32 set size:undefined disposed:false
147 http fetch GET 200 https://registry.npmjs.org/@esbuild%2fwin32-x64 123ms (cache miss)
148 silly packumentCache full:https://registry.npmjs.org/@esbuild%2fwin32-x64 set size:undefined disposed:false
149 http fetch GET 200 https://registry.npmjs.org/@esbuild%2fsunos-x64 297ms (cache miss)
150 silly packumentCache full:https://registry.npmjs.org/@esbuild%2fsunos-x64 set size:undefined disposed:false
151 silly placeDep ROOT @esbuild/aix-ppc64@0.25.1 OK for: esbuild@0.25.1 want: 0.25.1
152 silly placeDep ROOT @esbuild/android-arm@0.25.1 OK for: esbuild@0.25.1 want: 0.25.1
153 silly placeDep ROOT @esbuild/android-arm64@0.25.1 OK for: esbuild@0.25.1 want: 0.25.1
154 silly placeDep ROOT @esbuild/android-x64@0.25.1 OK for: esbuild@0.25.1 want: 0.25.1
155 silly placeDep ROOT @esbuild/darwin-arm64@0.25.1 OK for: esbuild@0.25.1 want: 0.25.1
156 silly placeDep ROOT @esbuild/darwin-x64@0.25.1 OK for: esbuild@0.25.1 want: 0.25.1
157 silly placeDep ROOT @esbuild/freebsd-arm64@0.25.1 OK for: esbuild@0.25.1 want: 0.25.1
158 silly placeDep ROOT @esbuild/freebsd-x64@0.25.1 OK for: esbuild@0.25.1 want: 0.25.1
159 silly placeDep ROOT @esbuild/linux-arm@0.25.1 OK for: esbuild@0.25.1 want: 0.25.1
160 silly placeDep ROOT @esbuild/linux-arm64@0.25.1 OK for: esbuild@0.25.1 want: 0.25.1
161 silly placeDep ROOT @esbuild/linux-ia32@0.25.1 OK for: esbuild@0.25.1 want: 0.25.1
162 silly placeDep ROOT @esbuild/linux-loong64@0.25.1 OK for: esbuild@0.25.1 want: 0.25.1
163 silly placeDep ROOT @esbuild/linux-mips64el@0.25.1 OK for: esbuild@0.25.1 want: 0.25.1
164 silly placeDep ROOT @esbuild/linux-ppc64@0.25.1 OK for: esbuild@0.25.1 want: 0.25.1
165 silly placeDep ROOT @esbuild/linux-riscv64@0.25.1 OK for: esbuild@0.25.1 want: 0.25.1
166 silly placeDep ROOT @esbuild/linux-s390x@0.25.1 OK for: esbuild@0.25.1 want: 0.25.1
167 silly placeDep ROOT @esbuild/linux-x64@0.25.1 OK for: esbuild@0.25.1 want: 0.25.1
168 silly placeDep ROOT @esbuild/netbsd-arm64@0.25.1 OK for: esbuild@0.25.1 want: 0.25.1
169 silly placeDep ROOT @esbuild/netbsd-x64@0.25.1 OK for: esbuild@0.25.1 want: 0.25.1
170 silly placeDep ROOT @esbuild/openbsd-arm64@0.25.1 OK for: esbuild@0.25.1 want: 0.25.1
171 silly placeDep ROOT @esbuild/openbsd-x64@0.25.1 OK for: esbuild@0.25.1 want: 0.25.1
172 silly placeDep ROOT @esbuild/sunos-x64@0.25.1 OK for: esbuild@0.25.1 want: 0.25.1
173 silly placeDep ROOT @esbuild/win32-arm64@0.25.1 OK for: esbuild@0.25.1 want: 0.25.1
174 silly placeDep ROOT @esbuild/win32-ia32@0.25.1 OK for: esbuild@0.25.1 want: 0.25.1
175 silly placeDep ROOT @esbuild/win32-x64@0.25.1 OK for: esbuild@0.25.1 want: 0.25.1
176 silly reify moves {}
177 silly audit bulk request {
177 silly audit   '@alloc/quick-lru': [ '5.2.0' ],
177 silly audit   '@emnapi/runtime': [ '1.3.1' ],
177 silly audit   '@img/sharp-darwin-arm64': [ '0.33.5' ],
177 silly audit   '@img/sharp-darwin-x64': [ '0.33.5' ],
177 silly audit   '@img/sharp-libvips-darwin-arm64': [ '1.0.4' ],
177 silly audit   '@img/sharp-libvips-darwin-x64': [ '1.0.4' ],
177 silly audit   '@img/sharp-libvips-linux-arm': [ '1.0.5' ],
177 silly audit   '@img/sharp-libvips-linux-arm64': [ '1.0.4' ],
177 silly audit   '@img/sharp-libvips-linux-s390x': [ '1.0.4' ],
177 silly audit   '@img/sharp-libvips-linux-x64': [ '1.0.4' ],
177 silly audit   '@img/sharp-libvips-linuxmusl-arm64': [ '1.0.4' ],
177 silly audit   '@img/sharp-libvips-linuxmusl-x64': [ '1.0.4' ],
177 silly audit   '@img/sharp-linux-arm': [ '0.33.5' ],
177 silly audit   '@img/sharp-linux-arm64': [ '0.33.5' ],
177 silly audit   '@img/sharp-linux-s390x': [ '0.33.5' ],
177 silly audit   '@img/sharp-linux-x64': [ '0.33.5' ],
177 silly audit   '@img/sharp-linuxmusl-arm64': [ '0.33.5' ],
177 silly audit   '@img/sharp-linuxmusl-x64': [ '0.33.5' ],
177 silly audit   '@img/sharp-wasm32': [ '0.33.5' ],
177 silly audit   '@img/sharp-win32-ia32': [ '0.33.5' ],
177 silly audit   '@img/sharp-win32-x64': [ '0.33.5' ],
177 silly audit   '@next/env': [ '15.2.3' ],
177 silly audit   '@next/swc-darwin-arm64': [ '15.2.3' ],
177 silly audit   '@next/swc-darwin-x64': [ '15.2.3' ],
177 silly audit   '@next/swc-linux-arm64-gnu': [ '15.2.3' ],
177 silly audit   '@next/swc-linux-arm64-musl': [ '15.2.3' ],
177 silly audit   '@next/swc-linux-x64-gnu': [ '15.2.3' ],
177 silly audit   '@next/swc-linux-x64-musl': [ '15.2.3' ],
177 silly audit   '@next/swc-win32-arm64-msvc': [ '15.2.3' ],
177 silly audit   '@next/swc-win32-x64-msvc': [ '15.2.3' ],
177 silly audit   '@radix-ui/primitive': [ '1.1.1' ],
177 silly audit   '@radix-ui/react-compose-refs': [ '1.1.1' ],
177 silly audit   '@radix-ui/react-context': [ '1.1.1' ],
177 silly audit   '@radix-ui/react-dialog': [ '1.1.6' ],
177 silly audit   '@radix-ui/react-dismissable-layer': [ '1.1.5' ],
177 silly audit   '@radix-ui/react-focus-guards': [ '1.1.1' ],
177 silly audit   '@radix-ui/react-focus-scope': [ '1.1.2' ],
177 silly audit   '@radix-ui/react-id': [ '1.1.0' ],
177 silly audit   '@radix-ui/react-portal': [ '1.1.4' ],
177 silly audit   '@radix-ui/react-presence': [ '1.1.2' ],
177 silly audit   '@radix-ui/react-primitive': [ '2.0.2' ],
177 silly audit   '@radix-ui/react-slot': [ '1.1.2' ],
177 silly audit   '@radix-ui/react-use-callback-ref': [ '1.1.0' ],
177 silly audit   '@radix-ui/react-use-controllable-state': [ '1.1.0' ],
177 silly audit   '@radix-ui/react-use-escape-keydown': [ '1.1.0' ],
177 silly audit   '@radix-ui/react-use-layout-effect': [ '1.1.0' ],
177 silly audit   '@react-oauth/google': [ '0.12.1' ],
177 silly audit   '@swc/counter': [ '0.1.3' ],
177 silly audit   '@swc/helpers': [ '0.5.15' ],
177 silly audit   '@tailwindcss/node': [ '4.0.15' ],
177 silly audit   '@tailwindcss/oxide': [ '4.0.15' ],
177 silly audit   '@tailwindcss/oxide-android-arm64': [ '4.0.15' ],
177 silly audit   '@tailwindcss/oxide-darwin-arm64': [ '4.0.15' ],
177 silly audit   '@tailwindcss/oxide-darwin-x64': [ '4.0.15' ],
177 silly audit   '@tailwindcss/oxide-freebsd-x64': [ '4.0.15' ],
177 silly audit   '@tailwindcss/oxide-linux-arm-gnueabihf': [ '4.0.15' ],
177 silly audit   '@tailwindcss/oxide-linux-arm64-gnu': [ '4.0.15' ],
177 silly audit   '@tailwindcss/oxide-linux-arm64-musl': [ '4.0.15' ],
177 silly audit   '@tailwindcss/oxide-linux-x64-gnu': [ '4.0.15' ],
177 silly audit   '@tailwindcss/oxide-linux-x64-musl': [ '4.0.15' ],
177 silly audit   '@tailwindcss/oxide-win32-arm64-msvc': [ '4.0.15' ],
177 silly audit   '@tailwindcss/oxide-win32-x64-msvc': [ '4.0.15' ],
177 silly audit   '@tailwindcss/postcss': [ '4.0.15' ],
177 silly audit   'aria-hidden': [ '1.2.4' ],
177 silly audit   asynckit: [ '0.4.0' ],
177 silly audit   autoprefixer: [ '10.4.21' ],
177 silly audit   axios: [ '1.8.4' ],
177 silly audit   browserslist: [ '4.24.4' ],
177 silly audit   busboy: [ '1.6.0' ],
177 silly audit   'call-bind-apply-helpers': [ '1.0.2' ],
177 silly audit   'caniuse-lite': [ '1.0.30001706' ],
177 silly audit   'class-variance-authority': [ '0.7.1' ],
177 silly audit   'client-only': [ '0.0.1' ],
177 silly audit   clsx: [ '2.1.1' ],
177 silly audit   color: [ '4.2.3' ],
177 silly audit   'color-convert': [ '2.0.1' ],
177 silly audit   'color-name': [ '1.1.4' ],
177 silly audit   'color-string': [ '1.9.1' ],
177 silly audit   'combined-stream': [ '1.0.8' ],
177 silly audit   dedent: [ '1.5.3' ],
177 silly audit   'delayed-stream': [ '1.0.0' ],
177 silly audit   'detect-libc': [ '2.0.3' ],
177 silly audit   'detect-node-es': [ '1.1.0' ],
177 silly audit   'dunder-proto': [ '1.0.1' ],
177 silly audit   'electron-to-chromium': [ '1.5.123' ],
177 silly audit   'enhanced-resolve': [ '5.18.1' ],
177 silly audit   'es-define-property': [ '1.0.1' ],
177 silly audit   'es-errors': [ '1.3.0' ],
177 silly audit   'es-object-atoms': [ '1.1.1' ],
177 silly audit   'es-set-tostringtag': [ '2.1.0' ],
177 silly audit   escalade: [ '3.2.0' ],
177 silly audit   'follow-redirects': [ '1.15.9' ],
177 silly audit   'form-data': [ '4.0.2' ],
177 silly audit   'fraction.js': [ '4.3.7' ],
177 silly audit   'function-bind': [ '1.1.2' ],
177 silly audit   'get-intrinsic': [ '1.3.0' ],
177 silly audit   'get-nonce': [ '1.0.1' ],
177 silly audit   'get-proto': [ '1.0.1' ],
177 silly audit   gopd: [ '1.2.0' ],
177 silly audit   'graceful-fs': [ '4.2.11' ],
177 silly audit   'has-symbols': [ '1.1.0' ],
177 silly audit   'has-tostringtag': [ '1.0.2' ],
177 silly audit   hasown: [ '2.0.2' ],
177 silly audit   'is-arrayish': [ '0.3.2' ],
177 silly audit   jiti: [ '2.4.2' ],
177 silly audit   'js-tokens': [ '4.0.0' ],
177 silly audit   lightningcss: [ '1.29.2' ],
177 silly audit   'lightningcss-darwin-arm64': [ '1.29.2' ],
177 silly audit   'lightningcss-darwin-x64': [ '1.29.2' ],
177 silly audit   'lightningcss-freebsd-x64': [ '1.29.2' ],
177 silly audit   'lightningcss-linux-arm-gnueabihf': [ '1.29.2' ],
177 silly audit   'lightningcss-linux-arm64-gnu': [ '1.29.2' ],
177 silly audit   'lightningcss-linux-arm64-musl': [ '1.29.2' ],
177 silly audit   'lightningcss-linux-x64-gnu': [ '1.29.2' ],
177 silly audit   'lightningcss-linux-x64-musl': [ '1.29.2' ],
177 silly audit   'lightningcss-win32-arm64-msvc': [ '1.29.2' ],
177 silly audit   'lightningcss-win32-x64-msvc': [ '1.29.2' ],
177 silly audit   'loose-envify': [ '1.4.0' ],
177 silly audit   'lucide-react': [ '0.483.0' ],
177 silly audit   'math-intrinsics': [ '1.1.0' ],
177 silly audit   'mime-db': [ '1.52.0' ],
177 silly audit   'mime-types': [ '2.1.35' ],
177 silly audit   nanoid: [ '3.3.11' ],
177 silly audit   next: [ '15.2.3' ],
177 silly audit   'next-themes': [ '0.4.6' ],
177 silly audit   postcss: [ '8.4.31', '8.5.3' ],
177 silly audit   'node-releases': [ '2.0.19' ],
177 silly audit   'normalize-range': [ '0.1.2' ],
177 silly audit   picocolors: [ '1.1.1' ],
177 silly audit   'postcss-value-parser': [ '4.2.0' ],
177 silly audit   'proxy-from-env': [ '1.1.0' ],
177 silly audit   react: [ '18.3.1' ],
177 silly audit   'react-dom': [ '18.3.1' ],
177 silly audit   'react-remove-scroll': [ '2.6.3' ],
177 silly audit   'react-remove-scroll-bar': [ '2.3.8' ],
177 silly audit   'react-style-singleton': [ '2.2.3' ],
177 silly audit   scheduler: [ '0.23.2' ],
177 silly audit   semver: [ '7.7.1' ],
177 silly audit   sharp: [ '0.33.5' ],
177 silly audit   'simple-swizzle': [ '0.2.2' ],
177 silly audit   'source-map-js': [ '1.2.1' ],
177 silly audit   streamsearch: [ '1.1.0' ],
177 silly audit   'styled-jsx': [ '5.1.6' ],
177 silly audit   'tailwind-merge': [ '3.0.2' ],
177 silly audit   tailwindcss: [ '4.0.15' ],
177 silly audit   tapable: [ '2.2.1' ],
177 silly audit   tslib: [ '2.8.1' ],
177 silly audit   'tw-animate-css': [ '1.2.4' ],
177 silly audit   'update-browserslist-db': [ '1.1.3' ],
177 silly audit   'use-callback-ref': [ '1.3.3' ],
177 silly audit   'use-sidecar': [ '1.1.3' ],
177 silly audit   convex: [ '1.21.0' ],
177 silly audit   esbuild: [ '0.25.1' ],
177 silly audit   'jwt-decode': [ '3.1.2' ],
177 silly audit   prettier: [ '3.4.2' ],
177 silly audit   '@esbuild/aix-ppc64': [ '0.25.1' ],
177 silly audit   '@esbuild/android-arm': [ '0.25.1' ],
177 silly audit   '@esbuild/android-arm64': [ '0.25.1' ],
177 silly audit   '@esbuild/android-x64': [ '0.25.1' ],
177 silly audit   '@esbuild/darwin-arm64': [ '0.25.1' ],
177 silly audit   '@esbuild/darwin-x64': [ '0.25.1' ],
177 silly audit   '@esbuild/freebsd-arm64': [ '0.25.1' ],
177 silly audit   '@esbuild/freebsd-x64': [ '0.25.1' ],
177 silly audit   '@esbuild/linux-arm': [ '0.25.1' ],
177 silly audit   '@esbuild/linux-arm64': [ '0.25.1' ],
177 silly audit   '@esbuild/linux-ia32': [ '0.25.1' ],
177 silly audit   '@esbuild/linux-loong64': [ '0.25.1' ],
177 silly audit   '@esbuild/linux-mips64el': [ '0.25.1' ],
177 silly audit   '@esbuild/linux-ppc64': [ '0.25.1' ],
177 silly audit   '@esbuild/linux-riscv64': [ '0.25.1' ],
177 silly audit   '@esbuild/linux-s390x': [ '0.25.1' ],
177 silly audit   '@esbuild/linux-x64': [ '0.25.1' ],
177 silly audit   '@esbuild/netbsd-arm64': [ '0.25.1' ],
177 silly audit   '@esbuild/netbsd-x64': [ '0.25.1' ],
177 silly audit   '@esbuild/openbsd-arm64': [ '0.25.1' ],
177 silly audit   '@esbuild/openbsd-x64': [ '0.25.1' ],
177 silly audit   '@esbuild/sunos-x64': [ '0.25.1' ],
177 silly audit   '@esbuild/win32-arm64': [ '0.25.1' ],
177 silly audit   '@esbuild/win32-ia32': [ '0.25.1' ],
177 silly audit   '@esbuild/win32-x64': [ '0.25.1' ]
177 silly audit }
178 verbose reify failed optional dependency C:\Users\Krishna jadhav\Desktop\Git\Projects\volt\node_modules\@esbuild\win32-ia32
179 silly reify mark deleted [
179 silly reify   'C:\\Users\\Krishna jadhav\\Desktop\\Git\\Projects\\volt\\node_modules\\@esbuild\\win32-ia32'
179 silly reify ]
180 verbose reify failed optional dependency C:\Users\Krishna jadhav\Desktop\Git\Projects\volt\node_modules\@esbuild\win32-arm64
181 silly reify mark deleted [
181 silly reify   'C:\\Users\\Krishna jadhav\\Desktop\\Git\\Projects\\volt\\node_modules\\@esbuild\\win32-arm64'
181 silly reify ]
182 verbose reify failed optional dependency C:\Users\Krishna jadhav\Desktop\Git\Projects\volt\node_modules\@esbuild\sunos-x64
183 silly reify mark deleted [
183 silly reify   'C:\\Users\\Krishna jadhav\\Desktop\\Git\\Projects\\volt\\node_modules\\@esbuild\\sunos-x64'
183 silly reify ]
184 verbose reify failed optional dependency C:\Users\Krishna jadhav\Desktop\Git\Projects\volt\node_modules\@esbuild\openbsd-x64
185 silly reify mark deleted [
185 silly reify   'C:\\Users\\Krishna jadhav\\Desktop\\Git\\Projects\\volt\\node_modules\\@esbuild\\openbsd-x64'
185 silly reify ]
186 verbose reify failed optional dependency C:\Users\Krishna jadhav\Desktop\Git\Projects\volt\node_modules\@esbuild\openbsd-arm64
187 silly reify mark deleted [
187 silly reify   'C:\\Users\\Krishna jadhav\\Desktop\\Git\\Projects\\volt\\node_modules\\@esbuild\\openbsd-arm64'
187 silly reify ]
188 verbose reify failed optional dependency C:\Users\Krishna jadhav\Desktop\Git\Projects\volt\node_modules\@esbuild\netbsd-x64
189 silly reify mark deleted [
189 silly reify   'C:\\Users\\Krishna jadhav\\Desktop\\Git\\Projects\\volt\\node_modules\\@esbuild\\netbsd-x64'
189 silly reify ]
190 verbose reify failed optional dependency C:\Users\Krishna jadhav\Desktop\Git\Projects\volt\node_modules\@esbuild\netbsd-arm64
191 silly reify mark deleted [
191 silly reify   'C:\\Users\\Krishna jadhav\\Desktop\\Git\\Projects\\volt\\node_modules\\@esbuild\\netbsd-arm64'
191 silly reify ]
192 verbose reify failed optional dependency C:\Users\Krishna jadhav\Desktop\Git\Projects\volt\node_modules\@esbuild\linux-x64
193 silly reify mark deleted [
193 silly reify   'C:\\Users\\Krishna jadhav\\Desktop\\Git\\Projects\\volt\\node_modules\\@esbuild\\linux-x64'
193 silly reify ]
194 verbose reify failed optional dependency C:\Users\Krishna jadhav\Desktop\Git\Projects\volt\node_modules\@esbuild\linux-s390x
195 silly reify mark deleted [
195 silly reify   'C:\\Users\\Krishna jadhav\\Desktop\\Git\\Projects\\volt\\node_modules\\@esbuild\\linux-s390x'
195 silly reify ]
196 verbose reify failed optional dependency C:\Users\Krishna jadhav\Desktop\Git\Projects\volt\node_modules\@esbuild\linux-riscv64
197 silly reify mark deleted [
197 silly reify   'C:\\Users\\Krishna jadhav\\Desktop\\Git\\Projects\\volt\\node_modules\\@esbuild\\linux-riscv64'
197 silly reify ]
198 verbose reify failed optional dependency C:\Users\Krishna jadhav\Desktop\Git\Projects\volt\node_modules\@esbuild\linux-ppc64
199 silly reify mark deleted [
199 silly reify   'C:\\Users\\Krishna jadhav\\Desktop\\Git\\Projects\\volt\\node_modules\\@esbuild\\linux-ppc64'
199 silly reify ]
200 verbose reify failed optional dependency C:\Users\Krishna jadhav\Desktop\Git\Projects\volt\node_modules\@esbuild\linux-mips64el
201 silly reify mark deleted [
201 silly reify   'C:\\Users\\Krishna jadhav\\Desktop\\Git\\Projects\\volt\\node_modules\\@esbuild\\linux-mips64el'
201 silly reify ]
202 verbose reify failed optional dependency C:\Users\Krishna jadhav\Desktop\Git\Projects\volt\node_modules\@esbuild\linux-loong64
203 silly reify mark deleted [
203 silly reify   'C:\\Users\\Krishna jadhav\\Desktop\\Git\\Projects\\volt\\node_modules\\@esbuild\\linux-loong64'
203 silly reify ]
204 verbose reify failed optional dependency C:\Users\Krishna jadhav\Desktop\Git\Projects\volt\node_modules\@esbuild\linux-ia32
205 silly reify mark deleted [
205 silly reify   'C:\\Users\\Krishna jadhav\\Desktop\\Git\\Projects\\volt\\node_modules\\@esbuild\\linux-ia32'
205 silly reify ]
206 verbose reify failed optional dependency C:\Users\Krishna jadhav\Desktop\Git\Projects\volt\node_modules\@esbuild\linux-arm64
207 silly reify mark deleted [
207 silly reify   'C:\\Users\\Krishna jadhav\\Desktop\\Git\\Projects\\volt\\node_modules\\@esbuild\\linux-arm64'
207 silly reify ]
208 verbose reify failed optional dependency C:\Users\Krishna jadhav\Desktop\Git\Projects\volt\node_modules\@esbuild\linux-arm
209 silly reify mark deleted [
209 silly reify   'C:\\Users\\Krishna jadhav\\Desktop\\Git\\Projects\\volt\\node_modules\\@esbuild\\linux-arm'
209 silly reify ]
210 verbose reify failed optional dependency C:\Users\Krishna jadhav\Desktop\Git\Projects\volt\node_modules\@esbuild\freebsd-x64
211 silly reify mark deleted [
211 silly reify   'C:\\Users\\Krishna jadhav\\Desktop\\Git\\Projects\\volt\\node_modules\\@esbuild\\freebsd-x64'
211 silly reify ]
212 verbose reify failed optional dependency C:\Users\Krishna jadhav\Desktop\Git\Projects\volt\node_modules\@esbuild\freebsd-arm64
213 silly reify mark deleted [
213 silly reify   'C:\\Users\\Krishna jadhav\\Desktop\\Git\\Projects\\volt\\node_modules\\@esbuild\\freebsd-arm64'
213 silly reify ]
214 verbose reify failed optional dependency C:\Users\Krishna jadhav\Desktop\Git\Projects\volt\node_modules\@esbuild\darwin-x64
215 silly reify mark deleted [
215 silly reify   'C:\\Users\\Krishna jadhav\\Desktop\\Git\\Projects\\volt\\node_modules\\@esbuild\\darwin-x64'
215 silly reify ]
216 verbose reify failed optional dependency C:\Users\Krishna jadhav\Desktop\Git\Projects\volt\node_modules\@esbuild\darwin-arm64
217 silly reify mark deleted [
217 silly reify   'C:\\Users\\Krishna jadhav\\Desktop\\Git\\Projects\\volt\\node_modules\\@esbuild\\darwin-arm64'
217 silly reify ]
218 verbose reify failed optional dependency C:\Users\Krishna jadhav\Desktop\Git\Projects\volt\node_modules\@esbuild\android-x64
219 silly reify mark deleted [
219 silly reify   'C:\\Users\\Krishna jadhav\\Desktop\\Git\\Projects\\volt\\node_modules\\@esbuild\\android-x64'
219 silly reify ]
220 verbose reify failed optional dependency C:\Users\Krishna jadhav\Desktop\Git\Projects\volt\node_modules\@esbuild\android-arm64
221 silly reify mark deleted [
221 silly reify   'C:\\Users\\Krishna jadhav\\Desktop\\Git\\Projects\\volt\\node_modules\\@esbuild\\android-arm64'
221 silly reify ]
222 verbose reify failed optional dependency C:\Users\Krishna jadhav\Desktop\Git\Projects\volt\node_modules\@esbuild\android-arm
223 silly reify mark deleted [
223 silly reify   'C:\\Users\\Krishna jadhav\\Desktop\\Git\\Projects\\volt\\node_modules\\@esbuild\\android-arm'
223 silly reify ]
224 verbose reify failed optional dependency C:\Users\Krishna jadhav\Desktop\Git\Projects\volt\node_modules\@esbuild\aix-ppc64
225 silly reify mark deleted [
225 silly reify   'C:\\Users\\Krishna jadhav\\Desktop\\Git\\Projects\\volt\\node_modules\\@esbuild\\aix-ppc64'
225 silly reify ]
226 verbose reify failed optional dependency C:\Users\Krishna jadhav\Desktop\Git\Projects\volt\node_modules\lightningcss-win32-arm64-msvc
227 silly reify mark deleted [
227 silly reify   'C:\\Users\\Krishna jadhav\\Desktop\\Git\\Projects\\volt\\node_modules\\lightningcss-win32-arm64-msvc'
227 silly reify ]
228 verbose reify failed optional dependency C:\Users\Krishna jadhav\Desktop\Git\Projects\volt\node_modules\lightningcss-linux-x64-musl
229 silly reify mark deleted [
229 silly reify   'C:\\Users\\Krishna jadhav\\Desktop\\Git\\Projects\\volt\\node_modules\\lightningcss-linux-x64-musl'
229 silly reify ]
230 verbose reify failed optional dependency C:\Users\Krishna jadhav\Desktop\Git\Projects\volt\node_modules\lightningcss-linux-x64-gnu
231 silly reify mark deleted [
231 silly reify   'C:\\Users\\Krishna jadhav\\Desktop\\Git\\Projects\\volt\\node_modules\\lightningcss-linux-x64-gnu'
231 silly reify ]
232 verbose reify failed optional dependency C:\Users\Krishna jadhav\Desktop\Git\Projects\volt\node_modules\lightningcss-linux-arm64-musl
233 silly reify mark deleted [
233 silly reify   'C:\\Users\\Krishna jadhav\\Desktop\\Git\\Projects\\volt\\node_modules\\lightningcss-linux-arm64-musl'
233 silly reify ]
234 verbose reify failed optional dependency C:\Users\Krishna jadhav\Desktop\Git\Projects\volt\node_modules\lightningcss-linux-arm64-gnu
235 silly reify mark deleted [
235 silly reify   'C:\\Users\\Krishna jadhav\\Desktop\\Git\\Projects\\volt\\node_modules\\lightningcss-linux-arm64-gnu'
235 silly reify ]
236 verbose reify failed optional dependency C:\Users\Krishna jadhav\Desktop\Git\Projects\volt\node_modules\lightningcss-linux-arm-gnueabihf
237 silly reify mark deleted [
237 silly reify   'C:\\Users\\Krishna jadhav\\Desktop\\Git\\Projects\\volt\\node_modules\\lightningcss-linux-arm-gnueabihf'
237 silly reify ]
238 verbose reify failed optional dependency C:\Users\Krishna jadhav\Desktop\Git\Projects\volt\node_modules\lightningcss-freebsd-x64
239 silly reify mark deleted [
239 silly reify   'C:\\Users\\Krishna jadhav\\Desktop\\Git\\Projects\\volt\\node_modules\\lightningcss-freebsd-x64'
239 silly reify ]
240 verbose reify failed optional dependency C:\Users\Krishna jadhav\Desktop\Git\Projects\volt\node_modules\lightningcss-darwin-x64
241 silly reify mark deleted [
241 silly reify   'C:\\Users\\Krishna jadhav\\Desktop\\Git\\Projects\\volt\\node_modules\\lightningcss-darwin-x64'
241 silly reify ]
242 verbose reify failed optional dependency C:\Users\Krishna jadhav\Desktop\Git\Projects\volt\node_modules\lightningcss-darwin-arm64
243 silly reify mark deleted [
243 silly reify   'C:\\Users\\Krishna jadhav\\Desktop\\Git\\Projects\\volt\\node_modules\\lightningcss-darwin-arm64'
243 silly reify ]
244 verbose reify failed optional dependency C:\Users\Krishna jadhav\Desktop\Git\Projects\volt\node_modules\@tailwindcss\oxide-win32-arm64-msvc
245 silly reify mark deleted [
245 silly reify   'C:\\Users\\Krishna jadhav\\Desktop\\Git\\Projects\\volt\\node_modules\\@tailwindcss\\oxide-win32-arm64-msvc'
245 silly reify ]
246 verbose reify failed optional dependency C:\Users\Krishna jadhav\Desktop\Git\Projects\volt\node_modules\@tailwindcss\oxide-linux-x64-musl
247 silly reify mark deleted [
247 silly reify   'C:\\Users\\Krishna jadhav\\Desktop\\Git\\Projects\\volt\\node_modules\\@tailwindcss\\oxide-linux-x64-musl'
247 silly reify ]
248 verbose reify failed optional dependency C:\Users\Krishna jadhav\Desktop\Git\Projects\volt\node_modules\@tailwindcss\oxide-linux-x64-gnu
249 silly reify mark deleted [
249 silly reify   'C:\\Users\\Krishna jadhav\\Desktop\\Git\\Projects\\volt\\node_modules\\@tailwindcss\\oxide-linux-x64-gnu'
249 silly reify ]
250 verbose reify failed optional dependency C:\Users\Krishna jadhav\Desktop\Git\Projects\volt\node_modules\@tailwindcss\oxide-linux-arm64-musl
251 silly reify mark deleted [
251 silly reify   'C:\\Users\\Krishna jadhav\\Desktop\\Git\\Projects\\volt\\node_modules\\@tailwindcss\\oxide-linux-arm64-musl'
251 silly reify ]
252 verbose reify failed optional dependency C:\Users\Krishna jadhav\Desktop\Git\Projects\volt\node_modules\@tailwindcss\oxide-linux-arm64-gnu
253 silly reify mark deleted [
253 silly reify   'C:\\Users\\Krishna jadhav\\Desktop\\Git\\Projects\\volt\\node_modules\\@tailwindcss\\oxide-linux-arm64-gnu'
253 silly reify ]
254 verbose reify failed optional dependency C:\Users\Krishna jadhav\Desktop\Git\Projects\volt\node_modules\@tailwindcss\oxide-linux-arm-gnueabihf
255 silly reify mark deleted [
255 silly reify   'C:\\Users\\Krishna jadhav\\Desktop\\Git\\Projects\\volt\\node_modules\\@tailwindcss\\oxide-linux-arm-gnueabihf'
255 silly reify ]
256 verbose reify failed optional dependency C:\Users\Krishna jadhav\Desktop\Git\Projects\volt\node_modules\@tailwindcss\oxide-freebsd-x64
257 silly reify mark deleted [
257 silly reify   'C:\\Users\\Krishna jadhav\\Desktop\\Git\\Projects\\volt\\node_modules\\@tailwindcss\\oxide-freebsd-x64'
257 silly reify ]
258 verbose reify failed optional dependency C:\Users\Krishna jadhav\Desktop\Git\Projects\volt\node_modules\@tailwindcss\oxide-darwin-x64
259 silly reify mark deleted [
259 silly reify   'C:\\Users\\Krishna jadhav\\Desktop\\Git\\Projects\\volt\\node_modules\\@tailwindcss\\oxide-darwin-x64'
259 silly reify ]
260 verbose reify failed optional dependency C:\Users\Krishna jadhav\Desktop\Git\Projects\volt\node_modules\@tailwindcss\oxide-darwin-arm64
261 silly reify mark deleted [
261 silly reify   'C:\\Users\\Krishna jadhav\\Desktop\\Git\\Projects\\volt\\node_modules\\@tailwindcss\\oxide-darwin-arm64'
261 silly reify ]
262 verbose reify failed optional dependency C:\Users\Krishna jadhav\Desktop\Git\Projects\volt\node_modules\@tailwindcss\oxide-android-arm64
263 silly reify mark deleted [
263 silly reify   'C:\\Users\\Krishna jadhav\\Desktop\\Git\\Projects\\volt\\node_modules\\@tailwindcss\\oxide-android-arm64'
263 silly reify ]
264 verbose reify failed optional dependency C:\Users\Krishna jadhav\Desktop\Git\Projects\volt\node_modules\@next\swc-win32-arm64-msvc
265 silly reify mark deleted [
265 silly reify   'C:\\Users\\Krishna jadhav\\Desktop\\Git\\Projects\\volt\\node_modules\\@next\\swc-win32-arm64-msvc'
265 silly reify ]
266 verbose reify failed optional dependency C:\Users\Krishna jadhav\Desktop\Git\Projects\volt\node_modules\@next\swc-linux-x64-musl
267 silly reify mark deleted [
267 silly reify   'C:\\Users\\Krishna jadhav\\Desktop\\Git\\Projects\\volt\\node_modules\\@next\\swc-linux-x64-musl'
267 silly reify ]
268 verbose reify failed optional dependency C:\Users\Krishna jadhav\Desktop\Git\Projects\volt\node_modules\@next\swc-linux-x64-gnu
269 silly reify mark deleted [
269 silly reify   'C:\\Users\\Krishna jadhav\\Desktop\\Git\\Projects\\volt\\node_modules\\@next\\swc-linux-x64-gnu'
269 silly reify ]
270 verbose reify failed optional dependency C:\Users\Krishna jadhav\Desktop\Git\Projects\volt\node_modules\@next\swc-linux-arm64-musl
271 silly reify mark deleted [
271 silly reify   'C:\\Users\\Krishna jadhav\\Desktop\\Git\\Projects\\volt\\node_modules\\@next\\swc-linux-arm64-musl'
271 silly reify ]
272 verbose reify failed optional dependency C:\Users\Krishna jadhav\Desktop\Git\Projects\volt\node_modules\@next\swc-linux-arm64-gnu
273 silly reify mark deleted [
273 silly reify   'C:\\Users\\Krishna jadhav\\Desktop\\Git\\Projects\\volt\\node_modules\\@next\\swc-linux-arm64-gnu'
273 silly reify ]
274 verbose reify failed optional dependency C:\Users\Krishna jadhav\Desktop\Git\Projects\volt\node_modules\@next\swc-darwin-x64
275 silly reify mark deleted [
275 silly reify   'C:\\Users\\Krishna jadhav\\Desktop\\Git\\Projects\\volt\\node_modules\\@next\\swc-darwin-x64'
275 silly reify ]
276 verbose reify failed optional dependency C:\Users\Krishna jadhav\Desktop\Git\Projects\volt\node_modules\@next\swc-darwin-arm64
277 silly reify mark deleted [
277 silly reify   'C:\\Users\\Krishna jadhav\\Desktop\\Git\\Projects\\volt\\node_modules\\@next\\swc-darwin-arm64'
277 silly reify ]
278 verbose reify failed optional dependency C:\Users\Krishna jadhav\Desktop\Git\Projects\volt\node_modules\@img\sharp-win32-ia32
279 silly reify mark deleted [
279 silly reify   'C:\\Users\\Krishna jadhav\\Desktop\\Git\\Projects\\volt\\node_modules\\@img\\sharp-win32-ia32'
279 silly reify ]
280 verbose reify failed optional dependency C:\Users\Krishna jadhav\Desktop\Git\Projects\volt\node_modules\@img\sharp-wasm32
281 silly reify mark deleted [
281 silly reify   'C:\\Users\\Krishna jadhav\\Desktop\\Git\\Projects\\volt\\node_modules\\@img\\sharp-wasm32'
281 silly reify ]
282 verbose reify failed optional dependency C:\Users\Krishna jadhav\Desktop\Git\Projects\volt\node_modules\@emnapi\runtime
283 silly reify mark deleted [
283 silly reify   'C:\\Users\\Krishna jadhav\\Desktop\\Git\\Projects\\volt\\node_modules\\@emnapi\\runtime'
283 silly reify ]
284 verbose reify failed optional dependency C:\Users\Krishna jadhav\Desktop\Git\Projects\volt\node_modules\@img\sharp-linuxmusl-x64
285 silly reify mark deleted [
285 silly reify   'C:\\Users\\Krishna jadhav\\Desktop\\Git\\Projects\\volt\\node_modules\\@img\\sharp-linuxmusl-x64'
285 silly reify ]
286 verbose reify failed optional dependency C:\Users\Krishna jadhav\Desktop\Git\Projects\volt\node_modules\@img\sharp-linuxmusl-arm64
287 silly reify mark deleted [
287 silly reify   'C:\\Users\\Krishna jadhav\\Desktop\\Git\\Projects\\volt\\node_modules\\@img\\sharp-linuxmusl-arm64'
287 silly reify ]
288 verbose reify failed optional dependency C:\Users\Krishna jadhav\Desktop\Git\Projects\volt\node_modules\@img\sharp-linux-x64
289 silly reify mark deleted [
289 silly reify   'C:\\Users\\Krishna jadhav\\Desktop\\Git\\Projects\\volt\\node_modules\\@img\\sharp-linux-x64'
289 silly reify ]
290 verbose reify failed optional dependency C:\Users\Krishna jadhav\Desktop\Git\Projects\volt\node_modules\@img\sharp-linux-s390x
291 silly reify mark deleted [
291 silly reify   'C:\\Users\\Krishna jadhav\\Desktop\\Git\\Projects\\volt\\node_modules\\@img\\sharp-linux-s390x'
291 silly reify ]
292 verbose reify failed optional dependency C:\Users\Krishna jadhav\Desktop\Git\Projects\volt\node_modules\@img\sharp-linux-arm64
293 silly reify mark deleted [
293 silly reify   'C:\\Users\\Krishna jadhav\\Desktop\\Git\\Projects\\volt\\node_modules\\@img\\sharp-linux-arm64'
293 silly reify ]
294 verbose reify failed optional dependency C:\Users\Krishna jadhav\Desktop\Git\Projects\volt\node_modules\@img\sharp-linux-arm
295 silly reify mark deleted [
295 silly reify   'C:\\Users\\Krishna jadhav\\Desktop\\Git\\Projects\\volt\\node_modules\\@img\\sharp-linux-arm'
295 silly reify ]
296 verbose reify failed optional dependency C:\Users\Krishna jadhav\Desktop\Git\Projects\volt\node_modules\@img\sharp-libvips-linuxmusl-x64
297 silly reify mark deleted [
297 silly reify   'C:\\Users\\Krishna jadhav\\Desktop\\Git\\Projects\\volt\\node_modules\\@img\\sharp-libvips-linuxmusl-x64'
297 silly reify ]
298 verbose reify failed optional dependency C:\Users\Krishna jadhav\Desktop\Git\Projects\volt\node_modules\@img\sharp-libvips-linuxmusl-arm64
299 silly reify mark deleted [
299 silly reify   'C:\\Users\\Krishna jadhav\\Desktop\\Git\\Projects\\volt\\node_modules\\@img\\sharp-libvips-linuxmusl-arm64'
299 silly reify ]
300 verbose reify failed optional dependency C:\Users\Krishna jadhav\Desktop\Git\Projects\volt\node_modules\@img\sharp-libvips-linux-x64
301 silly reify mark deleted [
301 silly reify   'C:\\Users\\Krishna jadhav\\Desktop\\Git\\Projects\\volt\\node_modules\\@img\\sharp-libvips-linux-x64'
301 silly reify ]
302 verbose reify failed optional dependency C:\Users\Krishna jadhav\Desktop\Git\Projects\volt\node_modules\@img\sharp-libvips-linux-s390x
303 silly reify mark deleted [
303 silly reify   'C:\\Users\\Krishna jadhav\\Desktop\\Git\\Projects\\volt\\node_modules\\@img\\sharp-libvips-linux-s390x'
303 silly reify ]
304 verbose reify failed optional dependency C:\Users\Krishna jadhav\Desktop\Git\Projects\volt\node_modules\@img\sharp-libvips-linux-arm64
305 silly reify mark deleted [
305 silly reify   'C:\\Users\\Krishna jadhav\\Desktop\\Git\\Projects\\volt\\node_modules\\@img\\sharp-libvips-linux-arm64'
305 silly reify ]
306 verbose reify failed optional dependency C:\Users\Krishna jadhav\Desktop\Git\Projects\volt\node_modules\@img\sharp-libvips-linux-arm
307 silly reify mark deleted [
307 silly reify   'C:\\Users\\Krishna jadhav\\Desktop\\Git\\Projects\\volt\\node_modules\\@img\\sharp-libvips-linux-arm'
307 silly reify ]
308 verbose reify failed optional dependency C:\Users\Krishna jadhav\Desktop\Git\Projects\volt\node_modules\@img\sharp-libvips-darwin-x64
309 silly reify mark deleted [
309 silly reify   'C:\\Users\\Krishna jadhav\\Desktop\\Git\\Projects\\volt\\node_modules\\@img\\sharp-libvips-darwin-x64'
309 silly reify ]
310 verbose reify failed optional dependency C:\Users\Krishna jadhav\Desktop\Git\Projects\volt\node_modules\@img\sharp-libvips-darwin-arm64
311 silly reify mark deleted [
311 silly reify   'C:\\Users\\Krishna jadhav\\Desktop\\Git\\Projects\\volt\\node_modules\\@img\\sharp-libvips-darwin-arm64'
311 silly reify ]
312 verbose reify failed optional dependency C:\Users\Krishna jadhav\Desktop\Git\Projects\volt\node_modules\@img\sharp-darwin-x64
313 silly reify mark deleted [
313 silly reify   'C:\\Users\\Krishna jadhav\\Desktop\\Git\\Projects\\volt\\node_modules\\@img\\sharp-darwin-x64'
313 silly reify ]
314 verbose reify failed optional dependency C:\Users\Krishna jadhav\Desktop\Git\Projects\volt\node_modules\@img\sharp-darwin-arm64
315 silly reify mark deleted [
315 silly reify   'C:\\Users\\Krishna jadhav\\Desktop\\Git\\Projects\\volt\\node_modules\\@img\\sharp-darwin-arm64'
315 silly reify ]
316 http cache prettier@https://registry.npmjs.org/prettier/-/prettier-3.4.2.tgz 0ms (cache hit)
317 http cache convex@https://registry.npmjs.org/convex/-/convex-1.21.0.tgz 0ms (cache hit)
318 http cache esbuild@https://registry.npmjs.org/esbuild/-/esbuild-0.25.1.tgz 0ms (cache hit)
319 http cache @esbuild/win32-x64@https://registry.npmjs.org/@esbuild/win32-x64/-/win32-x64-0.25.1.tgz 0ms (cache hit)
320 http cache jwt-decode@https://registry.npmjs.org/jwt-decode/-/jwt-decode-3.1.2.tgz 0ms (cache hit)
321 silly tarball no local data for prettier@https://registry.npmjs.org/prettier/-/prettier-3.4.2.tgz. Extracting by manifest.
322 http cache @emnapi/runtime@https://registry.npmjs.org/@emnapi/runtime/-/runtime-1.3.1.tgz 0ms (cache hit)
323 silly tarball no local data for convex@https://registry.npmjs.org/convex/-/convex-1.21.0.tgz. Extracting by manifest.
324 silly tarball no local data for esbuild@https://registry.npmjs.org/esbuild/-/esbuild-0.25.1.tgz. Extracting by manifest.
325 silly tarball no local data for @esbuild/win32-x64@https://registry.npmjs.org/@esbuild/win32-x64/-/win32-x64-0.25.1.tgz. Extracting by manifest.
326 silly tarball no local data for jwt-decode@https://registry.npmjs.org/jwt-decode/-/jwt-decode-3.1.2.tgz. Extracting by manifest.
327 http fetch GET 200 https://registry.npmjs.org/esbuild/-/esbuild-0.25.1.tgz 208ms (cache miss)
328 http fetch GET 200 https://registry.npmjs.org/jwt-decode/-/jwt-decode-3.1.2.tgz 224ms (cache miss)
329 http fetch POST 200 https://registry.npmjs.org/-/npm/v1/security/advisories/bulk 698ms
330 silly audit report {}
331 http fetch GET 200 https://registry.npmjs.org/prettier/-/prettier-3.4.2.tgz 2555ms (cache miss)
332 http fetch GET 200 https://registry.npmjs.org/convex/-/convex-1.21.0.tgz 4734ms (cache miss)
333 http fetch GET 200 https://registry.npmjs.org/@esbuild/win32-x64/-/win32-x64-0.25.1.tgz 5382ms (cache miss)
334 info run esbuild@0.25.1 postinstall node_modules/esbuild node install.js
335 info run esbuild@0.25.1 postinstall { code: 0, signal: null }
336 silly ADD node_modules/@esbuild/win32-x64
337 silly ADD
338 silly ADD
339 silly ADD
340 silly ADD
341 silly ADD
342 silly ADD
343 silly ADD
344 silly ADD
345 silly ADD
346 silly ADD
347 silly ADD
348 silly ADD
349 silly ADD
350 silly ADD
351 silly ADD
352 silly ADD
353 silly ADD
354 silly ADD
355 silly ADD
356 silly ADD
357 silly ADD
358 silly ADD
359 silly ADD
360 silly ADD
361 silly ADD node_modules/prettier
362 silly ADD node_modules/jwt-decode
363 silly ADD node_modules/esbuild
364 silly ADD node_modules/convex
365 silly ADD
366 silly ADD
367 silly ADD
368 silly ADD
369 silly ADD
370 silly ADD
371 silly ADD
372 silly ADD
373 silly ADD
374 silly ADD
375 silly ADD
376 silly ADD
377 silly ADD
378 silly ADD
379 silly ADD
380 silly ADD
381 silly ADD
382 silly ADD
383 silly ADD
384 silly ADD
385 silly ADD
386 silly ADD
387 silly ADD
388 silly ADD
389 silly ADD
390 silly ADD
391 silly ADD
392 silly ADD
393 silly ADD
394 silly ADD
395 silly ADD
396 silly ADD
397 silly ADD
398 silly ADD
399 silly ADD
400 silly ADD
401 silly ADD
402 silly ADD
403 silly ADD
404 silly ADD
405 silly ADD
406 silly ADD
407 silly ADD
408 silly ADD
409 silly ADD
410 verbose cwd C:\Users\Krishna jadhav\Desktop\Git\Projects\volt
411 verbose os Windows_NT 10.0.22621
412 verbose node v20.17.0
413 verbose npm  v11.2.0
414 verbose exit 0
415 info ok
