0 verbose cli C:\Program Files\nodejs\node.exe C:\Users\Krishna jadhav\Desktop\Git\Projects\volt\%APPDATA%\npm\node_modules\npm\bin\npm-cli.js
1 info using npm@11.2.0
2 info using node@v20.17.0
3 silly config load:file:C:\Users\Krishna jadhav\Desktop\Git\Projects\volt\%APPDATA%\npm\node_modules\npm\npmrc
4 silly config load:file:C:\Users\Krishna jadhav\Desktop\Git\Projects\volt\.npmrc
5 silly config load:file:C:\Users\Krishna jadhav\.npmrc
6 silly config load:file:C:\Users\Krishna jadhav\Desktop\Git\Projects\volt\%APPDATA%\npm\etc\npmrc
7 verbose title npm install next-themes
8 verbose argv "install" "next-themes"
9 verbose logfile logs-max:10 dir:C:\Users\Krishna jadhav\Desktop\Git\Projects\volt\%LOCALAPPDATA%\npm-cache\_logs\2025-03-22T17_00_02_285Z-
10 verbose logfile C:\Users\Krishna jadhav\Desktop\Git\Projects\volt\%LOCALAPPDATA%\npm-cache\_logs\2025-03-22T17_00_02_285Z-debug-0.log
11 silly logfile start cleaning logs, removing 1 files
12 silly packumentCache heap:2197815296 maxSize:549453824 maxEntrySize:274726912
13 silly logfile done cleaning log files
14 silly idealTree buildDeps
15 silly fetch manifest next-themes@*
16 silly packumentCache full:https://registry.npmjs.org/next-themes cache-miss
17 http fetch GET 200 https://registry.npmjs.org/next-themes 669ms (cache miss)
18 silly packumentCache full:https://registry.npmjs.org/next-themes set size:undefined disposed:false
19 silly fetch manifest react@^18.0.0
20 silly packumentCache full:https://registry.npmjs.org/react cache-miss
21 http fetch GET 200 https://registry.npmjs.org/react 4496ms (cache updated)
22 silly packumentCache full:https://registry.npmjs.org/react set size:undefined disposed:false
23 silly fetch manifest react-dom@^18.0.0
24 silly packumentCache full:https://registry.npmjs.org/react-dom cache-miss
25 http fetch GET 200 https://registry.npmjs.org/react-dom 2876ms (cache updated)
26 silly packumentCache full:https://registry.npmjs.org/react-dom set size:undefined disposed:false
27 silly placeDep ROOT next-themes@0.4.6 OK for: volt@0.1.0 want: *
28 silly reify moves {}
29 silly audit bulk request {
29 silly audit   '@alloc/quick-lru': [ '5.2.0' ],
29 silly audit   '@emnapi/runtime': [ '1.3.1' ],
29 silly audit   '@img/sharp-darwin-arm64': [ '0.33.5' ],
29 silly audit   '@img/sharp-darwin-x64': [ '0.33.5' ],
29 silly audit   '@img/sharp-libvips-darwin-arm64': [ '1.0.4' ],
29 silly audit   '@img/sharp-libvips-darwin-x64': [ '1.0.4' ],
29 silly audit   '@img/sharp-libvips-linux-arm': [ '1.0.5' ],
29 silly audit   '@img/sharp-libvips-linux-arm64': [ '1.0.4' ],
29 silly audit   '@img/sharp-libvips-linux-s390x': [ '1.0.4' ],
29 silly audit   '@img/sharp-libvips-linux-x64': [ '1.0.4' ],
29 silly audit   '@img/sharp-libvips-linuxmusl-arm64': [ '1.0.4' ],
29 silly audit   '@img/sharp-libvips-linuxmusl-x64': [ '1.0.4' ],
29 silly audit   '@img/sharp-linux-arm': [ '0.33.5' ],
29 silly audit   '@img/sharp-linux-arm64': [ '0.33.5' ],
29 silly audit   '@img/sharp-linux-s390x': [ '0.33.5' ],
29 silly audit   '@img/sharp-linux-x64': [ '0.33.5' ],
29 silly audit   '@img/sharp-linuxmusl-arm64': [ '0.33.5' ],
29 silly audit   '@img/sharp-linuxmusl-x64': [ '0.33.5' ],
29 silly audit   '@img/sharp-wasm32': [ '0.33.5' ],
29 silly audit   '@img/sharp-win32-ia32': [ '0.33.5' ],
29 silly audit   '@img/sharp-win32-x64': [ '0.33.5' ],
29 silly audit   '@next/env': [ '15.2.3' ],
29 silly audit   '@next/swc-darwin-arm64': [ '15.2.3' ],
29 silly audit   '@next/swc-darwin-x64': [ '15.2.3' ],
29 silly audit   '@next/swc-linux-arm64-gnu': [ '15.2.3' ],
29 silly audit   '@next/swc-linux-arm64-musl': [ '15.2.3' ],
29 silly audit   '@next/swc-linux-x64-gnu': [ '15.2.3' ],
29 silly audit   '@next/swc-linux-x64-musl': [ '15.2.3' ],
29 silly audit   '@next/swc-win32-arm64-msvc': [ '15.2.3' ],
29 silly audit   '@next/swc-win32-x64-msvc': [ '15.2.3' ],
29 silly audit   '@radix-ui/react-compose-refs': [ '1.1.1' ],
29 silly audit   '@radix-ui/react-slot': [ '1.1.2' ],
29 silly audit   '@swc/counter': [ '0.1.3' ],
29 silly audit   '@swc/helpers': [ '0.5.15' ],
29 silly audit   '@tailwindcss/node': [ '4.0.15' ],
29 silly audit   '@tailwindcss/oxide': [ '4.0.15' ],
29 silly audit   '@tailwindcss/oxide-android-arm64': [ '4.0.15' ],
29 silly audit   '@tailwindcss/oxide-darwin-arm64': [ '4.0.15' ],
29 silly audit   '@tailwindcss/oxide-darwin-x64': [ '4.0.15' ],
29 silly audit   '@tailwindcss/oxide-freebsd-x64': [ '4.0.15' ],
29 silly audit   '@tailwindcss/oxide-linux-arm-gnueabihf': [ '4.0.15' ],
29 silly audit   '@tailwindcss/oxide-linux-arm64-gnu': [ '4.0.15' ],
29 silly audit   '@tailwindcss/oxide-linux-arm64-musl': [ '4.0.15' ],
29 silly audit   '@tailwindcss/oxide-linux-x64-gnu': [ '4.0.15' ],
29 silly audit   '@tailwindcss/oxide-linux-x64-musl': [ '4.0.15' ],
29 silly audit   '@tailwindcss/oxide-win32-arm64-msvc': [ '4.0.15' ],
29 silly audit   '@tailwindcss/oxide-win32-x64-msvc': [ '4.0.15' ],
29 silly audit   '@tailwindcss/postcss': [ '4.0.15' ],
29 silly audit   autoprefixer: [ '10.4.21' ],
29 silly audit   browserslist: [ '4.24.4' ],
29 silly audit   busboy: [ '1.6.0' ],
29 silly audit   'caniuse-lite': [ '1.0.30001706' ],
29 silly audit   'class-variance-authority': [ '0.7.1' ],
29 silly audit   'client-only': [ '0.0.1' ],
29 silly audit   clsx: [ '2.1.1' ],
29 silly audit   color: [ '4.2.3' ],
29 silly audit   'color-convert': [ '2.0.1' ],
29 silly audit   'color-name': [ '1.1.4' ],
29 silly audit   'color-string': [ '1.9.1' ],
29 silly audit   'detect-libc': [ '2.0.3' ],
29 silly audit   'electron-to-chromium': [ '1.5.123' ],
29 silly audit   'enhanced-resolve': [ '5.18.1' ],
29 silly audit   escalade: [ '3.2.0' ],
29 silly audit   'fraction.js': [ '4.3.7' ],
29 silly audit   'graceful-fs': [ '4.2.11' ],
29 silly audit   'is-arrayish': [ '0.3.2' ],
29 silly audit   jiti: [ '2.4.2' ],
29 silly audit   'js-tokens': [ '4.0.0' ],
29 silly audit   lightningcss: [ '1.29.2' ],
29 silly audit   'lightningcss-darwin-arm64': [ '1.29.2' ],
29 silly audit   'lightningcss-darwin-x64': [ '1.29.2' ],
29 silly audit   'lightningcss-freebsd-x64': [ '1.29.2' ],
29 silly audit   'lightningcss-linux-arm-gnueabihf': [ '1.29.2' ],
29 silly audit   'lightningcss-linux-arm64-gnu': [ '1.29.2' ],
29 silly audit   'lightningcss-linux-arm64-musl': [ '1.29.2' ],
29 silly audit   'lightningcss-linux-x64-gnu': [ '1.29.2' ],
29 silly audit   'lightningcss-linux-x64-musl': [ '1.29.2' ],
29 silly audit   'lightningcss-win32-arm64-msvc': [ '1.29.2' ],
29 silly audit   'lightningcss-win32-x64-msvc': [ '1.29.2' ],
29 silly audit   'loose-envify': [ '1.4.0' ],
29 silly audit   'lucide-react': [ '0.483.0' ],
29 silly audit   nanoid: [ '3.3.11' ],
29 silly audit   next: [ '15.2.3' ],
29 silly audit   postcss: [ '8.4.31', '8.5.3' ],
29 silly audit   'node-releases': [ '2.0.19' ],
29 silly audit   'normalize-range': [ '0.1.2' ],
29 silly audit   picocolors: [ '1.1.1' ],
29 silly audit   'postcss-value-parser': [ '4.2.0' ],
29 silly audit   react: [ '18.3.1' ],
29 silly audit   'react-dom': [ '18.3.1' ],
29 silly audit   scheduler: [ '0.23.2' ],
29 silly audit   semver: [ '7.7.1' ],
29 silly audit   sharp: [ '0.33.5' ],
29 silly audit   'simple-swizzle': [ '0.2.2' ],
29 silly audit   'source-map-js': [ '1.2.1' ],
29 silly audit   streamsearch: [ '1.1.0' ],
29 silly audit   'styled-jsx': [ '5.1.6' ],
29 silly audit   'tailwind-merge': [ '3.0.2' ],
29 silly audit   tailwindcss: [ '4.0.15' ],
29 silly audit   tapable: [ '2.2.1' ],
29 silly audit   tslib: [ '2.8.1' ],
29 silly audit   'tw-animate-css': [ '1.2.4' ],
29 silly audit   'update-browserslist-db': [ '1.1.3' ],
29 silly audit   'next-themes': [ '0.4.6' ]
29 silly audit }
30 verbose reify failed optional dependency C:\Users\Krishna jadhav\Desktop\Git\Projects\volt\node_modules\lightningcss-win32-arm64-msvc
31 silly reify mark deleted [
31 silly reify   'C:\\Users\\Krishna jadhav\\Desktop\\Git\\Projects\\volt\\node_modules\\lightningcss-win32-arm64-msvc'
31 silly reify ]
32 verbose reify failed optional dependency C:\Users\Krishna jadhav\Desktop\Git\Projects\volt\node_modules\lightningcss-linux-x64-musl
33 silly reify mark deleted [
33 silly reify   'C:\\Users\\Krishna jadhav\\Desktop\\Git\\Projects\\volt\\node_modules\\lightningcss-linux-x64-musl'
33 silly reify ]
34 verbose reify failed optional dependency C:\Users\Krishna jadhav\Desktop\Git\Projects\volt\node_modules\lightningcss-linux-x64-gnu
35 silly reify mark deleted [
35 silly reify   'C:\\Users\\Krishna jadhav\\Desktop\\Git\\Projects\\volt\\node_modules\\lightningcss-linux-x64-gnu'
35 silly reify ]
36 verbose reify failed optional dependency C:\Users\Krishna jadhav\Desktop\Git\Projects\volt\node_modules\lightningcss-linux-arm64-musl
37 silly reify mark deleted [
37 silly reify   'C:\\Users\\Krishna jadhav\\Desktop\\Git\\Projects\\volt\\node_modules\\lightningcss-linux-arm64-musl'
37 silly reify ]
38 verbose reify failed optional dependency C:\Users\Krishna jadhav\Desktop\Git\Projects\volt\node_modules\lightningcss-linux-arm64-gnu
39 silly reify mark deleted [
39 silly reify   'C:\\Users\\Krishna jadhav\\Desktop\\Git\\Projects\\volt\\node_modules\\lightningcss-linux-arm64-gnu'
39 silly reify ]
40 verbose reify failed optional dependency C:\Users\Krishna jadhav\Desktop\Git\Projects\volt\node_modules\lightningcss-linux-arm-gnueabihf
41 silly reify mark deleted [
41 silly reify   'C:\\Users\\Krishna jadhav\\Desktop\\Git\\Projects\\volt\\node_modules\\lightningcss-linux-arm-gnueabihf'
41 silly reify ]
42 verbose reify failed optional dependency C:\Users\Krishna jadhav\Desktop\Git\Projects\volt\node_modules\lightningcss-freebsd-x64
43 silly reify mark deleted [
43 silly reify   'C:\\Users\\Krishna jadhav\\Desktop\\Git\\Projects\\volt\\node_modules\\lightningcss-freebsd-x64'
43 silly reify ]
44 verbose reify failed optional dependency C:\Users\Krishna jadhav\Desktop\Git\Projects\volt\node_modules\lightningcss-darwin-x64
45 silly reify mark deleted [
45 silly reify   'C:\\Users\\Krishna jadhav\\Desktop\\Git\\Projects\\volt\\node_modules\\lightningcss-darwin-x64'
45 silly reify ]
46 verbose reify failed optional dependency C:\Users\Krishna jadhav\Desktop\Git\Projects\volt\node_modules\lightningcss-darwin-arm64
47 silly reify mark deleted [
47 silly reify   'C:\\Users\\Krishna jadhav\\Desktop\\Git\\Projects\\volt\\node_modules\\lightningcss-darwin-arm64'
47 silly reify ]
48 verbose reify failed optional dependency C:\Users\Krishna jadhav\Desktop\Git\Projects\volt\node_modules\@tailwindcss\oxide-win32-arm64-msvc
49 silly reify mark deleted [
49 silly reify   'C:\\Users\\Krishna jadhav\\Desktop\\Git\\Projects\\volt\\node_modules\\@tailwindcss\\oxide-win32-arm64-msvc'
49 silly reify ]
50 verbose reify failed optional dependency C:\Users\Krishna jadhav\Desktop\Git\Projects\volt\node_modules\@tailwindcss\oxide-linux-x64-musl
51 silly reify mark deleted [
51 silly reify   'C:\\Users\\Krishna jadhav\\Desktop\\Git\\Projects\\volt\\node_modules\\@tailwindcss\\oxide-linux-x64-musl'
51 silly reify ]
52 verbose reify failed optional dependency C:\Users\Krishna jadhav\Desktop\Git\Projects\volt\node_modules\@tailwindcss\oxide-linux-x64-gnu
53 silly reify mark deleted [
53 silly reify   'C:\\Users\\Krishna jadhav\\Desktop\\Git\\Projects\\volt\\node_modules\\@tailwindcss\\oxide-linux-x64-gnu'
53 silly reify ]
54 verbose reify failed optional dependency C:\Users\Krishna jadhav\Desktop\Git\Projects\volt\node_modules\@tailwindcss\oxide-linux-arm64-musl
55 silly reify mark deleted [
55 silly reify   'C:\\Users\\Krishna jadhav\\Desktop\\Git\\Projects\\volt\\node_modules\\@tailwindcss\\oxide-linux-arm64-musl'
55 silly reify ]
56 verbose reify failed optional dependency C:\Users\Krishna jadhav\Desktop\Git\Projects\volt\node_modules\@tailwindcss\oxide-linux-arm64-gnu
57 silly reify mark deleted [
57 silly reify   'C:\\Users\\Krishna jadhav\\Desktop\\Git\\Projects\\volt\\node_modules\\@tailwindcss\\oxide-linux-arm64-gnu'
57 silly reify ]
58 verbose reify failed optional dependency C:\Users\Krishna jadhav\Desktop\Git\Projects\volt\node_modules\@tailwindcss\oxide-linux-arm-gnueabihf
59 silly reify mark deleted [
59 silly reify   'C:\\Users\\Krishna jadhav\\Desktop\\Git\\Projects\\volt\\node_modules\\@tailwindcss\\oxide-linux-arm-gnueabihf'
59 silly reify ]
60 verbose reify failed optional dependency C:\Users\Krishna jadhav\Desktop\Git\Projects\volt\node_modules\@tailwindcss\oxide-freebsd-x64
61 silly reify mark deleted [
61 silly reify   'C:\\Users\\Krishna jadhav\\Desktop\\Git\\Projects\\volt\\node_modules\\@tailwindcss\\oxide-freebsd-x64'
61 silly reify ]
62 verbose reify failed optional dependency C:\Users\Krishna jadhav\Desktop\Git\Projects\volt\node_modules\@tailwindcss\oxide-darwin-x64
63 silly reify mark deleted [
63 silly reify   'C:\\Users\\Krishna jadhav\\Desktop\\Git\\Projects\\volt\\node_modules\\@tailwindcss\\oxide-darwin-x64'
63 silly reify ]
64 verbose reify failed optional dependency C:\Users\Krishna jadhav\Desktop\Git\Projects\volt\node_modules\@tailwindcss\oxide-darwin-arm64
65 silly reify mark deleted [
65 silly reify   'C:\\Users\\Krishna jadhav\\Desktop\\Git\\Projects\\volt\\node_modules\\@tailwindcss\\oxide-darwin-arm64'
65 silly reify ]
66 verbose reify failed optional dependency C:\Users\Krishna jadhav\Desktop\Git\Projects\volt\node_modules\@tailwindcss\oxide-android-arm64
67 silly reify mark deleted [
67 silly reify   'C:\\Users\\Krishna jadhav\\Desktop\\Git\\Projects\\volt\\node_modules\\@tailwindcss\\oxide-android-arm64'
67 silly reify ]
68 verbose reify failed optional dependency C:\Users\Krishna jadhav\Desktop\Git\Projects\volt\node_modules\@next\swc-win32-arm64-msvc
69 silly reify mark deleted [
69 silly reify   'C:\\Users\\Krishna jadhav\\Desktop\\Git\\Projects\\volt\\node_modules\\@next\\swc-win32-arm64-msvc'
69 silly reify ]
70 verbose reify failed optional dependency C:\Users\Krishna jadhav\Desktop\Git\Projects\volt\node_modules\@next\swc-linux-x64-musl
71 silly reify mark deleted [
71 silly reify   'C:\\Users\\Krishna jadhav\\Desktop\\Git\\Projects\\volt\\node_modules\\@next\\swc-linux-x64-musl'
71 silly reify ]
72 verbose reify failed optional dependency C:\Users\Krishna jadhav\Desktop\Git\Projects\volt\node_modules\@next\swc-linux-x64-gnu
73 silly reify mark deleted [
73 silly reify   'C:\\Users\\Krishna jadhav\\Desktop\\Git\\Projects\\volt\\node_modules\\@next\\swc-linux-x64-gnu'
73 silly reify ]
74 verbose reify failed optional dependency C:\Users\Krishna jadhav\Desktop\Git\Projects\volt\node_modules\@next\swc-linux-arm64-musl
75 silly reify mark deleted [
75 silly reify   'C:\\Users\\Krishna jadhav\\Desktop\\Git\\Projects\\volt\\node_modules\\@next\\swc-linux-arm64-musl'
75 silly reify ]
76 verbose reify failed optional dependency C:\Users\Krishna jadhav\Desktop\Git\Projects\volt\node_modules\@next\swc-linux-arm64-gnu
77 silly reify mark deleted [
77 silly reify   'C:\\Users\\Krishna jadhav\\Desktop\\Git\\Projects\\volt\\node_modules\\@next\\swc-linux-arm64-gnu'
77 silly reify ]
78 verbose reify failed optional dependency C:\Users\Krishna jadhav\Desktop\Git\Projects\volt\node_modules\@next\swc-darwin-x64
79 silly reify mark deleted [
79 silly reify   'C:\\Users\\Krishna jadhav\\Desktop\\Git\\Projects\\volt\\node_modules\\@next\\swc-darwin-x64'
79 silly reify ]
80 verbose reify failed optional dependency C:\Users\Krishna jadhav\Desktop\Git\Projects\volt\node_modules\@next\swc-darwin-arm64
81 silly reify mark deleted [
81 silly reify   'C:\\Users\\Krishna jadhav\\Desktop\\Git\\Projects\\volt\\node_modules\\@next\\swc-darwin-arm64'
81 silly reify ]
82 verbose reify failed optional dependency C:\Users\Krishna jadhav\Desktop\Git\Projects\volt\node_modules\@img\sharp-win32-ia32
83 silly reify mark deleted [
83 silly reify   'C:\\Users\\Krishna jadhav\\Desktop\\Git\\Projects\\volt\\node_modules\\@img\\sharp-win32-ia32'
83 silly reify ]
84 verbose reify failed optional dependency C:\Users\Krishna jadhav\Desktop\Git\Projects\volt\node_modules\@img\sharp-wasm32
85 silly reify mark deleted [
85 silly reify   'C:\\Users\\Krishna jadhav\\Desktop\\Git\\Projects\\volt\\node_modules\\@img\\sharp-wasm32'
85 silly reify ]
86 verbose reify failed optional dependency C:\Users\Krishna jadhav\Desktop\Git\Projects\volt\node_modules\@emnapi\runtime
87 silly reify mark deleted [
87 silly reify   'C:\\Users\\Krishna jadhav\\Desktop\\Git\\Projects\\volt\\node_modules\\@emnapi\\runtime'
87 silly reify ]
88 verbose reify failed optional dependency C:\Users\Krishna jadhav\Desktop\Git\Projects\volt\node_modules\@img\sharp-linuxmusl-x64
89 silly reify mark deleted [
89 silly reify   'C:\\Users\\Krishna jadhav\\Desktop\\Git\\Projects\\volt\\node_modules\\@img\\sharp-linuxmusl-x64'
89 silly reify ]
90 verbose reify failed optional dependency C:\Users\Krishna jadhav\Desktop\Git\Projects\volt\node_modules\@img\sharp-linuxmusl-arm64
91 silly reify mark deleted [
91 silly reify   'C:\\Users\\Krishna jadhav\\Desktop\\Git\\Projects\\volt\\node_modules\\@img\\sharp-linuxmusl-arm64'
91 silly reify ]
92 verbose reify failed optional dependency C:\Users\Krishna jadhav\Desktop\Git\Projects\volt\node_modules\@img\sharp-linux-x64
93 silly reify mark deleted [
93 silly reify   'C:\\Users\\Krishna jadhav\\Desktop\\Git\\Projects\\volt\\node_modules\\@img\\sharp-linux-x64'
93 silly reify ]
94 verbose reify failed optional dependency C:\Users\Krishna jadhav\Desktop\Git\Projects\volt\node_modules\@img\sharp-linux-s390x
95 silly reify mark deleted [
95 silly reify   'C:\\Users\\Krishna jadhav\\Desktop\\Git\\Projects\\volt\\node_modules\\@img\\sharp-linux-s390x'
95 silly reify ]
96 verbose reify failed optional dependency C:\Users\Krishna jadhav\Desktop\Git\Projects\volt\node_modules\@img\sharp-linux-arm64
97 silly reify mark deleted [
97 silly reify   'C:\\Users\\Krishna jadhav\\Desktop\\Git\\Projects\\volt\\node_modules\\@img\\sharp-linux-arm64'
97 silly reify ]
98 verbose reify failed optional dependency C:\Users\Krishna jadhav\Desktop\Git\Projects\volt\node_modules\@img\sharp-linux-arm
99 silly reify mark deleted [
99 silly reify   'C:\\Users\\Krishna jadhav\\Desktop\\Git\\Projects\\volt\\node_modules\\@img\\sharp-linux-arm'
99 silly reify ]
100 verbose reify failed optional dependency C:\Users\Krishna jadhav\Desktop\Git\Projects\volt\node_modules\@img\sharp-libvips-linuxmusl-x64
101 silly reify mark deleted [
101 silly reify   'C:\\Users\\Krishna jadhav\\Desktop\\Git\\Projects\\volt\\node_modules\\@img\\sharp-libvips-linuxmusl-x64'
101 silly reify ]
102 verbose reify failed optional dependency C:\Users\Krishna jadhav\Desktop\Git\Projects\volt\node_modules\@img\sharp-libvips-linuxmusl-arm64
103 silly reify mark deleted [
103 silly reify   'C:\\Users\\Krishna jadhav\\Desktop\\Git\\Projects\\volt\\node_modules\\@img\\sharp-libvips-linuxmusl-arm64'
103 silly reify ]
104 verbose reify failed optional dependency C:\Users\Krishna jadhav\Desktop\Git\Projects\volt\node_modules\@img\sharp-libvips-linux-x64
105 silly reify mark deleted [
105 silly reify   'C:\\Users\\Krishna jadhav\\Desktop\\Git\\Projects\\volt\\node_modules\\@img\\sharp-libvips-linux-x64'
105 silly reify ]
106 verbose reify failed optional dependency C:\Users\Krishna jadhav\Desktop\Git\Projects\volt\node_modules\@img\sharp-libvips-linux-s390x
107 silly reify mark deleted [
107 silly reify   'C:\\Users\\Krishna jadhav\\Desktop\\Git\\Projects\\volt\\node_modules\\@img\\sharp-libvips-linux-s390x'
107 silly reify ]
108 verbose reify failed optional dependency C:\Users\Krishna jadhav\Desktop\Git\Projects\volt\node_modules\@img\sharp-libvips-linux-arm64
109 silly reify mark deleted [
109 silly reify   'C:\\Users\\Krishna jadhav\\Desktop\\Git\\Projects\\volt\\node_modules\\@img\\sharp-libvips-linux-arm64'
109 silly reify ]
110 verbose reify failed optional dependency C:\Users\Krishna jadhav\Desktop\Git\Projects\volt\node_modules\@img\sharp-libvips-linux-arm
111 silly reify mark deleted [
111 silly reify   'C:\\Users\\Krishna jadhav\\Desktop\\Git\\Projects\\volt\\node_modules\\@img\\sharp-libvips-linux-arm'
111 silly reify ]
112 verbose reify failed optional dependency C:\Users\Krishna jadhav\Desktop\Git\Projects\volt\node_modules\@img\sharp-libvips-darwin-x64
113 silly reify mark deleted [
113 silly reify   'C:\\Users\\Krishna jadhav\\Desktop\\Git\\Projects\\volt\\node_modules\\@img\\sharp-libvips-darwin-x64'
113 silly reify ]
114 verbose reify failed optional dependency C:\Users\Krishna jadhav\Desktop\Git\Projects\volt\node_modules\@img\sharp-libvips-darwin-arm64
115 silly reify mark deleted [
115 silly reify   'C:\\Users\\Krishna jadhav\\Desktop\\Git\\Projects\\volt\\node_modules\\@img\\sharp-libvips-darwin-arm64'
115 silly reify ]
116 verbose reify failed optional dependency C:\Users\Krishna jadhav\Desktop\Git\Projects\volt\node_modules\@img\sharp-darwin-x64
117 silly reify mark deleted [
117 silly reify   'C:\\Users\\Krishna jadhav\\Desktop\\Git\\Projects\\volt\\node_modules\\@img\\sharp-darwin-x64'
117 silly reify ]
118 verbose reify failed optional dependency C:\Users\Krishna jadhav\Desktop\Git\Projects\volt\node_modules\@img\sharp-darwin-arm64
119 silly reify mark deleted [
119 silly reify   'C:\\Users\\Krishna jadhav\\Desktop\\Git\\Projects\\volt\\node_modules\\@img\\sharp-darwin-arm64'
119 silly reify ]
120 http cache next-themes@https://registry.npmjs.org/next-themes/-/next-themes-0.4.6.tgz 0ms (cache hit)
121 http cache @emnapi/runtime@https://registry.npmjs.org/@emnapi/runtime/-/runtime-1.3.1.tgz 0ms (cache hit)
122 silly tarball no local data for next-themes@https://registry.npmjs.org/next-themes/-/next-themes-0.4.6.tgz. Extracting by manifest.
123 http fetch GET 200 https://registry.npmjs.org/next-themes/-/next-themes-0.4.6.tgz 339ms (cache miss)
124 http fetch POST 200 https://registry.npmjs.org/-/npm/v1/security/advisories/bulk 412ms
125 silly audit report {}
126 silly ADD node_modules/next-themes
127 silly ADD
128 silly ADD
129 silly ADD
130 silly ADD
131 silly ADD
132 silly ADD
133 silly ADD
134 silly ADD
135 silly ADD
136 silly ADD
137 silly ADD
138 silly ADD
139 silly ADD
140 silly ADD
141 silly ADD
142 silly ADD
143 silly ADD
144 silly ADD
145 silly ADD
146 silly ADD
147 silly ADD
148 silly ADD
149 silly ADD
150 silly ADD
151 silly ADD
152 silly ADD
153 silly ADD
154 silly ADD
155 silly ADD
156 silly ADD
157 silly ADD
158 silly ADD
159 silly ADD
160 silly ADD
161 silly ADD
162 silly ADD
163 silly ADD
164 silly ADD
165 silly ADD
166 silly ADD
167 silly ADD
168 silly ADD
169 silly ADD
170 silly ADD
171 silly ADD
172 verbose cwd C:\Users\Krishna jadhav\Desktop\Git\Projects\volt
173 verbose os Windows_NT 10.0.22621
174 verbose node v20.17.0
175 verbose npm  v11.2.0
176 verbose exit 0
177 info ok
