0 verbose cli C:\Program Files\nodejs\node.exe C:\Users\Krishna jadhav\Desktop\Git\Projects\volt\%APPDATA%\npm\node_modules\npm\bin\npm-cli.js
1 info using npm@11.2.0
2 info using node@v20.17.0
3 silly config load:file:C:\Users\Krishna jadhav\Desktop\Git\Projects\volt\%APPDATA%\npm\node_modules\npm\npmrc
4 silly config load:file:C:\Users\Krishna jadhav\Desktop\Git\Projects\volt\.npmrc
5 silly config load:file:C:\Users\Krishna jadhav\.npmrc
6 silly config load:file:C:\Users\Krishna jadhav\Desktop\Git\Projects\volt\%APPDATA%\npm\etc\npmrc
7 verbose title npm install tailwindcss postcss autoprefixer
8 verbose argv "install" "--save-dev" "tailwindcss" "postcss" "autoprefixer"
9 verbose logfile logs-max:10 dir:C:\Users\Krishna jadhav\Desktop\Git\Projects\volt\%LOCALAPPDATA%\npm-cache\_logs\2025-03-22T16_41_32_137Z-
10 verbose logfile C:\Users\Krishna jadhav\Desktop\Git\Projects\volt\%LOCALAPPDATA%\npm-cache\_logs\2025-03-22T16_41_32_137Z-debug-0.log
11 silly logfile start cleaning logs, removing 1 files
12 silly packumentCache heap:2197815296 maxSize:549453824 maxEntrySize:274726912
13 silly logfile done cleaning log files
14 silly idealTree buildDeps
15 silly fetch manifest tailwindcss@^4
16 silly packumentCache full:https://registry.npmjs.org/tailwindcss cache-miss
17 http fetch GET 200 https://registry.npmjs.org/tailwindcss 3201ms (cache miss)
18 silly packumentCache full:https://registry.npmjs.org/tailwindcss set size:undefined disposed:false
19 silly fetch manifest postcss@*
20 silly packumentCache full:https://registry.npmjs.org/postcss cache-miss
21 http fetch GET 200 https://registry.npmjs.org/postcss 284ms (cache updated)
22 silly packumentCache full:https://registry.npmjs.org/postcss set size:undefined disposed:false
23 silly fetch manifest autoprefixer@*
24 silly packumentCache full:https://registry.npmjs.org/autoprefixer cache-miss
25 http fetch GET 200 https://registry.npmjs.org/autoprefixer 310ms (cache miss)
26 silly packumentCache full:https://registry.npmjs.org/autoprefixer set size:undefined disposed:false
27 silly placeDep ROOT autoprefixer@10.4.21 OK for: volt@0.1.0 want: *
28 silly placeDep ROOT postcss@8.5.3 REPLACE for: volt@0.1.0 want: *
29 silly placeDep ROOT tailwindcss@4.0.15 REPLACE for: volt@0.1.0 want: ^4
30 silly fetch manifest browserslist@^4.24.4
31 silly packumentCache full:https://registry.npmjs.org/browserslist cache-miss
32 silly fetch manifest fraction.js@^4.3.7
33 silly packumentCache full:https://registry.npmjs.org/fraction.js cache-miss
34 silly fetch manifest normalize-range@^0.1.2
35 silly packumentCache full:https://registry.npmjs.org/normalize-range cache-miss
36 silly fetch manifest postcss-value-parser@^4.2.0
37 silly packumentCache full:https://registry.npmjs.org/postcss-value-parser cache-miss
38 http fetch GET 200 https://registry.npmjs.org/fraction.js 151ms (cache miss)
39 silly packumentCache full:https://registry.npmjs.org/fraction.js set size:undefined disposed:false
40 http fetch GET 200 https://registry.npmjs.org/normalize-range 386ms (cache miss)
41 silly packumentCache full:https://registry.npmjs.org/normalize-range set size:undefined disposed:false
42 http fetch GET 200 https://registry.npmjs.org/postcss-value-parser 402ms (cache miss)
43 silly packumentCache full:https://registry.npmjs.org/postcss-value-parser set size:undefined disposed:false
44 http fetch GET 200 https://registry.npmjs.org/browserslist 473ms (cache updated)
45 silly packumentCache full:https://registry.npmjs.org/browserslist set size:undefined disposed:false
46 silly placeDep ROOT browserslist@4.24.4 OK for: autoprefixer@10.4.21 want: ^4.24.4
47 silly placeDep ROOT fraction.js@4.3.7 OK for: autoprefixer@10.4.21 want: ^4.3.7
48 silly placeDep ROOT normalize-range@0.1.2 OK for: autoprefixer@10.4.21 want: ^0.1.2
49 silly placeDep ROOT postcss-value-parser@4.2.0 OK for: autoprefixer@10.4.21 want: ^4.2.0
50 silly fetch manifest electron-to-chromium@^1.5.73
51 silly packumentCache full:https://registry.npmjs.org/electron-to-chromium cache-miss
52 silly fetch manifest node-releases@^2.0.19
53 silly packumentCache full:https://registry.npmjs.org/node-releases cache-miss
54 silly fetch manifest update-browserslist-db@^1.1.1
55 silly packumentCache full:https://registry.npmjs.org/update-browserslist-db cache-miss
56 http fetch GET 200 https://registry.npmjs.org/update-browserslist-db 131ms (cache updated)
57 silly packumentCache full:https://registry.npmjs.org/update-browserslist-db set size:undefined disposed:false
58 http fetch GET 200 https://registry.npmjs.org/node-releases 269ms (cache updated)
59 silly packumentCache full:https://registry.npmjs.org/node-releases set size:undefined disposed:false
60 http fetch GET 200 https://registry.npmjs.org/electron-to-chromium 2079ms (cache updated)
61 silly packumentCache full:https://registry.npmjs.org/electron-to-chromium set size:undefined disposed:false
62 silly fetch manifest browserslist@>= 4.21.0
63 silly packumentCache full:https://registry.npmjs.org/browserslist cache-miss
64 http cache https://registry.npmjs.org/browserslist 24ms (cache hit)
65 silly packumentCache full:https://registry.npmjs.org/browserslist set size:476941 disposed:false
66 silly placeDep ROOT electron-to-chromium@1.5.123 OK for: browserslist@4.24.4 want: ^1.5.73
67 silly placeDep ROOT node-releases@2.0.19 OK for: browserslist@4.24.4 want: ^2.0.19
68 silly placeDep ROOT update-browserslist-db@1.1.3 OK for: browserslist@4.24.4 want: ^1.1.1
69 silly fetch manifest escalade@^3.2.0
70 silly packumentCache full:https://registry.npmjs.org/escalade cache-miss
71 http fetch GET 200 https://registry.npmjs.org/escalade 132ms (cache updated)
72 silly packumentCache full:https://registry.npmjs.org/escalade set size:undefined disposed:false
73 silly placeDep ROOT escalade@3.2.0 OK for: update-browserslist-db@1.1.3 want: ^3.2.0
74 silly reify moves {}
75 silly audit bulk request {
75 silly audit   '@alloc/quick-lru': [ '5.2.0' ],
75 silly audit   '@emnapi/runtime': [ '1.3.1' ],
75 silly audit   '@img/sharp-darwin-arm64': [ '0.33.5' ],
75 silly audit   '@img/sharp-darwin-x64': [ '0.33.5' ],
75 silly audit   '@img/sharp-libvips-darwin-arm64': [ '1.0.4' ],
75 silly audit   '@img/sharp-libvips-darwin-x64': [ '1.0.4' ],
75 silly audit   '@img/sharp-libvips-linux-arm': [ '1.0.5' ],
75 silly audit   '@img/sharp-libvips-linux-arm64': [ '1.0.4' ],
75 silly audit   '@img/sharp-libvips-linux-s390x': [ '1.0.4' ],
75 silly audit   '@img/sharp-libvips-linux-x64': [ '1.0.4' ],
75 silly audit   '@img/sharp-libvips-linuxmusl-arm64': [ '1.0.4' ],
75 silly audit   '@img/sharp-libvips-linuxmusl-x64': [ '1.0.4' ],
75 silly audit   '@img/sharp-linux-arm': [ '0.33.5' ],
75 silly audit   '@img/sharp-linux-arm64': [ '0.33.5' ],
75 silly audit   '@img/sharp-linux-s390x': [ '0.33.5' ],
75 silly audit   '@img/sharp-linux-x64': [ '0.33.5' ],
75 silly audit   '@img/sharp-linuxmusl-arm64': [ '0.33.5' ],
75 silly audit   '@img/sharp-linuxmusl-x64': [ '0.33.5' ],
75 silly audit   '@img/sharp-wasm32': [ '0.33.5' ],
75 silly audit   '@img/sharp-win32-ia32': [ '0.33.5' ],
75 silly audit   '@img/sharp-win32-x64': [ '0.33.5' ],
75 silly audit   '@next/env': [ '15.2.3' ],
75 silly audit   '@next/swc-darwin-arm64': [ '15.2.3' ],
75 silly audit   '@next/swc-darwin-x64': [ '15.2.3' ],
75 silly audit   '@next/swc-linux-arm64-gnu': [ '15.2.3' ],
75 silly audit   '@next/swc-linux-arm64-musl': [ '15.2.3' ],
75 silly audit   '@next/swc-linux-x64-gnu': [ '15.2.3' ],
75 silly audit   '@next/swc-linux-x64-musl': [ '15.2.3' ],
75 silly audit   '@next/swc-win32-arm64-msvc': [ '15.2.3' ],
75 silly audit   '@next/swc-win32-x64-msvc': [ '15.2.3' ],
75 silly audit   '@radix-ui/react-compose-refs': [ '1.1.1' ],
75 silly audit   '@radix-ui/react-slot': [ '1.1.2' ],
75 silly audit   '@swc/counter': [ '0.1.3' ],
75 silly audit   '@swc/helpers': [ '0.5.15' ],
75 silly audit   '@tailwindcss/node': [ '4.0.15' ],
75 silly audit   '@tailwindcss/oxide': [ '4.0.15' ],
75 silly audit   '@tailwindcss/oxide-android-arm64': [ '4.0.15' ],
75 silly audit   '@tailwindcss/oxide-darwin-arm64': [ '4.0.15' ],
75 silly audit   '@tailwindcss/oxide-darwin-x64': [ '4.0.15' ],
75 silly audit   '@tailwindcss/oxide-freebsd-x64': [ '4.0.15' ],
75 silly audit   '@tailwindcss/oxide-linux-arm-gnueabihf': [ '4.0.15' ],
75 silly audit   '@tailwindcss/oxide-linux-arm64-gnu': [ '4.0.15' ],
75 silly audit   '@tailwindcss/oxide-linux-arm64-musl': [ '4.0.15' ],
75 silly audit   '@tailwindcss/oxide-linux-x64-gnu': [ '4.0.15' ],
75 silly audit   '@tailwindcss/oxide-linux-x64-musl': [ '4.0.15' ],
75 silly audit   '@tailwindcss/oxide-win32-arm64-msvc': [ '4.0.15' ],
75 silly audit   '@tailwindcss/oxide-win32-x64-msvc': [ '4.0.15' ],
75 silly audit   '@tailwindcss/postcss': [ '4.0.15' ],
75 silly audit   busboy: [ '1.6.0' ],
75 silly audit   'caniuse-lite': [ '1.0.30001706' ],
75 silly audit   'class-variance-authority': [ '0.7.1' ],
75 silly audit   'client-only': [ '0.0.1' ],
75 silly audit   clsx: [ '2.1.1' ],
75 silly audit   color: [ '4.2.3' ],
75 silly audit   'color-convert': [ '2.0.1' ],
75 silly audit   'color-name': [ '1.1.4' ],
75 silly audit   'color-string': [ '1.9.1' ],
75 silly audit   'detect-libc': [ '2.0.3' ],
75 silly audit   'enhanced-resolve': [ '5.18.1' ],
75 silly audit   'graceful-fs': [ '4.2.11' ],
75 silly audit   'is-arrayish': [ '0.3.2' ],
75 silly audit   jiti: [ '2.4.2' ],
75 silly audit   'js-tokens': [ '4.0.0' ],
75 silly audit   lightningcss: [ '1.29.2' ],
75 silly audit   'lightningcss-darwin-arm64': [ '1.29.2' ],
75 silly audit   'lightningcss-darwin-x64': [ '1.29.2' ],
75 silly audit   'lightningcss-freebsd-x64': [ '1.29.2' ],
75 silly audit   'lightningcss-linux-arm-gnueabihf': [ '1.29.2' ],
75 silly audit   'lightningcss-linux-arm64-gnu': [ '1.29.2' ],
75 silly audit   'lightningcss-linux-arm64-musl': [ '1.29.2' ],
75 silly audit   'lightningcss-linux-x64-gnu': [ '1.29.2' ],
75 silly audit   'lightningcss-linux-x64-musl': [ '1.29.2' ],
75 silly audit   'lightningcss-win32-arm64-msvc': [ '1.29.2' ],
75 silly audit   'lightningcss-win32-x64-msvc': [ '1.29.2' ],
75 silly audit   'loose-envify': [ '1.4.0' ],
75 silly audit   'lucide-react': [ '0.483.0' ],
75 silly audit   nanoid: [ '3.3.11' ],
75 silly audit   next: [ '15.2.3' ],
75 silly audit   postcss: [ '8.4.31', '8.5.3' ],
75 silly audit   picocolors: [ '1.1.1' ],
75 silly audit   react: [ '18.3.1' ],
75 silly audit   'react-dom': [ '18.3.1' ],
75 silly audit   scheduler: [ '0.23.2' ],
75 silly audit   semver: [ '7.7.1' ],
75 silly audit   sharp: [ '0.33.5' ],
75 silly audit   'simple-swizzle': [ '0.2.2' ],
75 silly audit   'source-map-js': [ '1.2.1' ],
75 silly audit   streamsearch: [ '1.1.0' ],
75 silly audit   'styled-jsx': [ '5.1.6' ],
75 silly audit   'tailwind-merge': [ '3.0.2' ],
75 silly audit   tapable: [ '2.2.1' ],
75 silly audit   tslib: [ '2.8.1' ],
75 silly audit   'tw-animate-css': [ '1.2.4' ],
75 silly audit   autoprefixer: [ '10.4.21' ],
75 silly audit   tailwindcss: [ '4.0.15' ],
75 silly audit   browserslist: [ '4.24.4' ],
75 silly audit   'fraction.js': [ '4.3.7' ],
75 silly audit   'normalize-range': [ '0.1.2' ],
75 silly audit   'postcss-value-parser': [ '4.2.0' ],
75 silly audit   'electron-to-chromium': [ '1.5.123' ],
75 silly audit   'node-releases': [ '2.0.19' ],
75 silly audit   'update-browserslist-db': [ '1.1.3' ],
75 silly audit   escalade: [ '3.2.0' ]
75 silly audit }
76 verbose reify failed optional dependency C:\Users\Krishna jadhav\Desktop\Git\Projects\volt\node_modules\lightningcss-win32-arm64-msvc
77 silly reify mark deleted [
77 silly reify   'C:\\Users\\Krishna jadhav\\Desktop\\Git\\Projects\\volt\\node_modules\\lightningcss-win32-arm64-msvc'
77 silly reify ]
78 verbose reify failed optional dependency C:\Users\Krishna jadhav\Desktop\Git\Projects\volt\node_modules\lightningcss-linux-x64-musl
79 silly reify mark deleted [
79 silly reify   'C:\\Users\\Krishna jadhav\\Desktop\\Git\\Projects\\volt\\node_modules\\lightningcss-linux-x64-musl'
79 silly reify ]
80 verbose reify failed optional dependency C:\Users\Krishna jadhav\Desktop\Git\Projects\volt\node_modules\lightningcss-linux-x64-gnu
81 silly reify mark deleted [
81 silly reify   'C:\\Users\\Krishna jadhav\\Desktop\\Git\\Projects\\volt\\node_modules\\lightningcss-linux-x64-gnu'
81 silly reify ]
82 verbose reify failed optional dependency C:\Users\Krishna jadhav\Desktop\Git\Projects\volt\node_modules\lightningcss-linux-arm64-musl
83 silly reify mark deleted [
83 silly reify   'C:\\Users\\Krishna jadhav\\Desktop\\Git\\Projects\\volt\\node_modules\\lightningcss-linux-arm64-musl'
83 silly reify ]
84 verbose reify failed optional dependency C:\Users\Krishna jadhav\Desktop\Git\Projects\volt\node_modules\lightningcss-linux-arm64-gnu
85 silly reify mark deleted [
85 silly reify   'C:\\Users\\Krishna jadhav\\Desktop\\Git\\Projects\\volt\\node_modules\\lightningcss-linux-arm64-gnu'
85 silly reify ]
86 verbose reify failed optional dependency C:\Users\Krishna jadhav\Desktop\Git\Projects\volt\node_modules\lightningcss-linux-arm-gnueabihf
87 silly reify mark deleted [
87 silly reify   'C:\\Users\\Krishna jadhav\\Desktop\\Git\\Projects\\volt\\node_modules\\lightningcss-linux-arm-gnueabihf'
87 silly reify ]
88 verbose reify failed optional dependency C:\Users\Krishna jadhav\Desktop\Git\Projects\volt\node_modules\lightningcss-freebsd-x64
89 silly reify mark deleted [
89 silly reify   'C:\\Users\\Krishna jadhav\\Desktop\\Git\\Projects\\volt\\node_modules\\lightningcss-freebsd-x64'
89 silly reify ]
90 verbose reify failed optional dependency C:\Users\Krishna jadhav\Desktop\Git\Projects\volt\node_modules\lightningcss-darwin-x64
91 silly reify mark deleted [
91 silly reify   'C:\\Users\\Krishna jadhav\\Desktop\\Git\\Projects\\volt\\node_modules\\lightningcss-darwin-x64'
91 silly reify ]
92 verbose reify failed optional dependency C:\Users\Krishna jadhav\Desktop\Git\Projects\volt\node_modules\lightningcss-darwin-arm64
93 silly reify mark deleted [
93 silly reify   'C:\\Users\\Krishna jadhav\\Desktop\\Git\\Projects\\volt\\node_modules\\lightningcss-darwin-arm64'
93 silly reify ]
94 verbose reify failed optional dependency C:\Users\Krishna jadhav\Desktop\Git\Projects\volt\node_modules\@tailwindcss\oxide-win32-arm64-msvc
95 silly reify mark deleted [
95 silly reify   'C:\\Users\\Krishna jadhav\\Desktop\\Git\\Projects\\volt\\node_modules\\@tailwindcss\\oxide-win32-arm64-msvc'
95 silly reify ]
96 verbose reify failed optional dependency C:\Users\Krishna jadhav\Desktop\Git\Projects\volt\node_modules\@tailwindcss\oxide-linux-x64-musl
97 silly reify mark deleted [
97 silly reify   'C:\\Users\\Krishna jadhav\\Desktop\\Git\\Projects\\volt\\node_modules\\@tailwindcss\\oxide-linux-x64-musl'
97 silly reify ]
98 verbose reify failed optional dependency C:\Users\Krishna jadhav\Desktop\Git\Projects\volt\node_modules\@tailwindcss\oxide-linux-x64-gnu
99 silly reify mark deleted [
99 silly reify   'C:\\Users\\Krishna jadhav\\Desktop\\Git\\Projects\\volt\\node_modules\\@tailwindcss\\oxide-linux-x64-gnu'
99 silly reify ]
100 verbose reify failed optional dependency C:\Users\Krishna jadhav\Desktop\Git\Projects\volt\node_modules\@tailwindcss\oxide-linux-arm64-musl
101 silly reify mark deleted [
101 silly reify   'C:\\Users\\Krishna jadhav\\Desktop\\Git\\Projects\\volt\\node_modules\\@tailwindcss\\oxide-linux-arm64-musl'
101 silly reify ]
102 verbose reify failed optional dependency C:\Users\Krishna jadhav\Desktop\Git\Projects\volt\node_modules\@tailwindcss\oxide-linux-arm64-gnu
103 silly reify mark deleted [
103 silly reify   'C:\\Users\\Krishna jadhav\\Desktop\\Git\\Projects\\volt\\node_modules\\@tailwindcss\\oxide-linux-arm64-gnu'
103 silly reify ]
104 verbose reify failed optional dependency C:\Users\Krishna jadhav\Desktop\Git\Projects\volt\node_modules\@tailwindcss\oxide-linux-arm-gnueabihf
105 silly reify mark deleted [
105 silly reify   'C:\\Users\\Krishna jadhav\\Desktop\\Git\\Projects\\volt\\node_modules\\@tailwindcss\\oxide-linux-arm-gnueabihf'
105 silly reify ]
106 verbose reify failed optional dependency C:\Users\Krishna jadhav\Desktop\Git\Projects\volt\node_modules\@tailwindcss\oxide-freebsd-x64
107 silly reify mark deleted [
107 silly reify   'C:\\Users\\Krishna jadhav\\Desktop\\Git\\Projects\\volt\\node_modules\\@tailwindcss\\oxide-freebsd-x64'
107 silly reify ]
108 verbose reify failed optional dependency C:\Users\Krishna jadhav\Desktop\Git\Projects\volt\node_modules\@tailwindcss\oxide-darwin-x64
109 silly reify mark deleted [
109 silly reify   'C:\\Users\\Krishna jadhav\\Desktop\\Git\\Projects\\volt\\node_modules\\@tailwindcss\\oxide-darwin-x64'
109 silly reify ]
110 verbose reify failed optional dependency C:\Users\Krishna jadhav\Desktop\Git\Projects\volt\node_modules\@tailwindcss\oxide-darwin-arm64
111 silly reify mark deleted [
111 silly reify   'C:\\Users\\Krishna jadhav\\Desktop\\Git\\Projects\\volt\\node_modules\\@tailwindcss\\oxide-darwin-arm64'
111 silly reify ]
112 verbose reify failed optional dependency C:\Users\Krishna jadhav\Desktop\Git\Projects\volt\node_modules\@tailwindcss\oxide-android-arm64
113 silly reify mark deleted [
113 silly reify   'C:\\Users\\Krishna jadhav\\Desktop\\Git\\Projects\\volt\\node_modules\\@tailwindcss\\oxide-android-arm64'
113 silly reify ]
114 verbose reify failed optional dependency C:\Users\Krishna jadhav\Desktop\Git\Projects\volt\node_modules\@next\swc-win32-arm64-msvc
115 silly reify mark deleted [
115 silly reify   'C:\\Users\\Krishna jadhav\\Desktop\\Git\\Projects\\volt\\node_modules\\@next\\swc-win32-arm64-msvc'
115 silly reify ]
116 verbose reify failed optional dependency C:\Users\Krishna jadhav\Desktop\Git\Projects\volt\node_modules\@next\swc-linux-x64-musl
117 silly reify mark deleted [
117 silly reify   'C:\\Users\\Krishna jadhav\\Desktop\\Git\\Projects\\volt\\node_modules\\@next\\swc-linux-x64-musl'
117 silly reify ]
118 verbose reify failed optional dependency C:\Users\Krishna jadhav\Desktop\Git\Projects\volt\node_modules\@next\swc-linux-x64-gnu
119 silly reify mark deleted [
119 silly reify   'C:\\Users\\Krishna jadhav\\Desktop\\Git\\Projects\\volt\\node_modules\\@next\\swc-linux-x64-gnu'
119 silly reify ]
120 verbose reify failed optional dependency C:\Users\Krishna jadhav\Desktop\Git\Projects\volt\node_modules\@next\swc-linux-arm64-musl
121 silly reify mark deleted [
121 silly reify   'C:\\Users\\Krishna jadhav\\Desktop\\Git\\Projects\\volt\\node_modules\\@next\\swc-linux-arm64-musl'
121 silly reify ]
122 verbose reify failed optional dependency C:\Users\Krishna jadhav\Desktop\Git\Projects\volt\node_modules\@next\swc-linux-arm64-gnu
123 silly reify mark deleted [
123 silly reify   'C:\\Users\\Krishna jadhav\\Desktop\\Git\\Projects\\volt\\node_modules\\@next\\swc-linux-arm64-gnu'
123 silly reify ]
124 verbose reify failed optional dependency C:\Users\Krishna jadhav\Desktop\Git\Projects\volt\node_modules\@next\swc-darwin-x64
125 silly reify mark deleted [
125 silly reify   'C:\\Users\\Krishna jadhav\\Desktop\\Git\\Projects\\volt\\node_modules\\@next\\swc-darwin-x64'
125 silly reify ]
126 verbose reify failed optional dependency C:\Users\Krishna jadhav\Desktop\Git\Projects\volt\node_modules\@next\swc-darwin-arm64
127 silly reify mark deleted [
127 silly reify   'C:\\Users\\Krishna jadhav\\Desktop\\Git\\Projects\\volt\\node_modules\\@next\\swc-darwin-arm64'
127 silly reify ]
128 verbose reify failed optional dependency C:\Users\Krishna jadhav\Desktop\Git\Projects\volt\node_modules\@img\sharp-win32-ia32
129 silly reify mark deleted [
129 silly reify   'C:\\Users\\Krishna jadhav\\Desktop\\Git\\Projects\\volt\\node_modules\\@img\\sharp-win32-ia32'
129 silly reify ]
130 verbose reify failed optional dependency C:\Users\Krishna jadhav\Desktop\Git\Projects\volt\node_modules\@img\sharp-wasm32
131 silly reify mark deleted [
131 silly reify   'C:\\Users\\Krishna jadhav\\Desktop\\Git\\Projects\\volt\\node_modules\\@img\\sharp-wasm32'
131 silly reify ]
132 verbose reify failed optional dependency C:\Users\Krishna jadhav\Desktop\Git\Projects\volt\node_modules\@emnapi\runtime
133 silly reify mark deleted [
133 silly reify   'C:\\Users\\Krishna jadhav\\Desktop\\Git\\Projects\\volt\\node_modules\\@emnapi\\runtime'
133 silly reify ]
134 verbose reify failed optional dependency C:\Users\Krishna jadhav\Desktop\Git\Projects\volt\node_modules\@img\sharp-linuxmusl-x64
135 silly reify mark deleted [
135 silly reify   'C:\\Users\\Krishna jadhav\\Desktop\\Git\\Projects\\volt\\node_modules\\@img\\sharp-linuxmusl-x64'
135 silly reify ]
136 verbose reify failed optional dependency C:\Users\Krishna jadhav\Desktop\Git\Projects\volt\node_modules\@img\sharp-linuxmusl-arm64
137 silly reify mark deleted [
137 silly reify   'C:\\Users\\Krishna jadhav\\Desktop\\Git\\Projects\\volt\\node_modules\\@img\\sharp-linuxmusl-arm64'
137 silly reify ]
138 verbose reify failed optional dependency C:\Users\Krishna jadhav\Desktop\Git\Projects\volt\node_modules\@img\sharp-linux-x64
139 silly reify mark deleted [
139 silly reify   'C:\\Users\\Krishna jadhav\\Desktop\\Git\\Projects\\volt\\node_modules\\@img\\sharp-linux-x64'
139 silly reify ]
140 verbose reify failed optional dependency C:\Users\Krishna jadhav\Desktop\Git\Projects\volt\node_modules\@img\sharp-linux-s390x
141 silly reify mark deleted [
141 silly reify   'C:\\Users\\Krishna jadhav\\Desktop\\Git\\Projects\\volt\\node_modules\\@img\\sharp-linux-s390x'
141 silly reify ]
142 verbose reify failed optional dependency C:\Users\Krishna jadhav\Desktop\Git\Projects\volt\node_modules\@img\sharp-linux-arm64
143 silly reify mark deleted [
143 silly reify   'C:\\Users\\Krishna jadhav\\Desktop\\Git\\Projects\\volt\\node_modules\\@img\\sharp-linux-arm64'
143 silly reify ]
144 verbose reify failed optional dependency C:\Users\Krishna jadhav\Desktop\Git\Projects\volt\node_modules\@img\sharp-linux-arm
145 silly reify mark deleted [
145 silly reify   'C:\\Users\\Krishna jadhav\\Desktop\\Git\\Projects\\volt\\node_modules\\@img\\sharp-linux-arm'
145 silly reify ]
146 verbose reify failed optional dependency C:\Users\Krishna jadhav\Desktop\Git\Projects\volt\node_modules\@img\sharp-libvips-linuxmusl-x64
147 silly reify mark deleted [
147 silly reify   'C:\\Users\\Krishna jadhav\\Desktop\\Git\\Projects\\volt\\node_modules\\@img\\sharp-libvips-linuxmusl-x64'
147 silly reify ]
148 verbose reify failed optional dependency C:\Users\Krishna jadhav\Desktop\Git\Projects\volt\node_modules\@img\sharp-libvips-linuxmusl-arm64
149 silly reify mark deleted [
149 silly reify   'C:\\Users\\Krishna jadhav\\Desktop\\Git\\Projects\\volt\\node_modules\\@img\\sharp-libvips-linuxmusl-arm64'
149 silly reify ]
150 verbose reify failed optional dependency C:\Users\Krishna jadhav\Desktop\Git\Projects\volt\node_modules\@img\sharp-libvips-linux-x64
151 silly reify mark deleted [
151 silly reify   'C:\\Users\\Krishna jadhav\\Desktop\\Git\\Projects\\volt\\node_modules\\@img\\sharp-libvips-linux-x64'
151 silly reify ]
152 verbose reify failed optional dependency C:\Users\Krishna jadhav\Desktop\Git\Projects\volt\node_modules\@img\sharp-libvips-linux-s390x
153 silly reify mark deleted [
153 silly reify   'C:\\Users\\Krishna jadhav\\Desktop\\Git\\Projects\\volt\\node_modules\\@img\\sharp-libvips-linux-s390x'
153 silly reify ]
154 verbose reify failed optional dependency C:\Users\Krishna jadhav\Desktop\Git\Projects\volt\node_modules\@img\sharp-libvips-linux-arm64
155 silly reify mark deleted [
155 silly reify   'C:\\Users\\Krishna jadhav\\Desktop\\Git\\Projects\\volt\\node_modules\\@img\\sharp-libvips-linux-arm64'
155 silly reify ]
156 verbose reify failed optional dependency C:\Users\Krishna jadhav\Desktop\Git\Projects\volt\node_modules\@img\sharp-libvips-linux-arm
157 silly reify mark deleted [
157 silly reify   'C:\\Users\\Krishna jadhav\\Desktop\\Git\\Projects\\volt\\node_modules\\@img\\sharp-libvips-linux-arm'
157 silly reify ]
158 verbose reify failed optional dependency C:\Users\Krishna jadhav\Desktop\Git\Projects\volt\node_modules\@img\sharp-libvips-darwin-x64
159 silly reify mark deleted [
159 silly reify   'C:\\Users\\Krishna jadhav\\Desktop\\Git\\Projects\\volt\\node_modules\\@img\\sharp-libvips-darwin-x64'
159 silly reify ]
160 verbose reify failed optional dependency C:\Users\Krishna jadhav\Desktop\Git\Projects\volt\node_modules\@img\sharp-libvips-darwin-arm64
161 silly reify mark deleted [
161 silly reify   'C:\\Users\\Krishna jadhav\\Desktop\\Git\\Projects\\volt\\node_modules\\@img\\sharp-libvips-darwin-arm64'
161 silly reify ]
162 verbose reify failed optional dependency C:\Users\Krishna jadhav\Desktop\Git\Projects\volt\node_modules\@img\sharp-darwin-x64
163 silly reify mark deleted [
163 silly reify   'C:\\Users\\Krishna jadhav\\Desktop\\Git\\Projects\\volt\\node_modules\\@img\\sharp-darwin-x64'
163 silly reify ]
164 verbose reify failed optional dependency C:\Users\Krishna jadhav\Desktop\Git\Projects\volt\node_modules\@img\sharp-darwin-arm64
165 silly reify mark deleted [
165 silly reify   'C:\\Users\\Krishna jadhav\\Desktop\\Git\\Projects\\volt\\node_modules\\@img\\sharp-darwin-arm64'
165 silly reify ]
166 http cache electron-to-chromium@https://registry.npmjs.org/electron-to-chromium/-/electron-to-chromium-1.5.123.tgz 0ms (cache hit)
167 http cache escalade@https://registry.npmjs.org/escalade/-/escalade-3.2.0.tgz 0ms (cache hit)
168 http cache node-releases@https://registry.npmjs.org/node-releases/-/node-releases-2.0.19.tgz 0ms (cache hit)
169 http cache update-browserslist-db@https://registry.npmjs.org/update-browserslist-db/-/update-browserslist-db-1.1.3.tgz 0ms (cache hit)
170 http cache normalize-range@https://registry.npmjs.org/normalize-range/-/normalize-range-0.1.2.tgz 1ms (cache hit)
171 http cache fraction.js@https://registry.npmjs.org/fraction.js/-/fraction.js-4.3.7.tgz 0ms (cache hit)
172 http cache browserslist@https://registry.npmjs.org/browserslist/-/browserslist-4.24.4.tgz 0ms (cache hit)
173 http cache autoprefixer@https://registry.npmjs.org/autoprefixer/-/autoprefixer-10.4.21.tgz 0ms (cache hit)
174 http cache @emnapi/runtime@https://registry.npmjs.org/@emnapi/runtime/-/runtime-1.3.1.tgz 0ms (cache hit)
175 http cache postcss-value-parser@https://registry.npmjs.org/postcss-value-parser/-/postcss-value-parser-4.2.0.tgz 0ms (cache hit)
176 silly tarball no local data for normalize-range@https://registry.npmjs.org/normalize-range/-/normalize-range-0.1.2.tgz. Extracting by manifest.
177 silly tarball no local data for fraction.js@https://registry.npmjs.org/fraction.js/-/fraction.js-4.3.7.tgz. Extracting by manifest.
178 silly tarball no local data for autoprefixer@https://registry.npmjs.org/autoprefixer/-/autoprefixer-10.4.21.tgz. Extracting by manifest.
179 silly tarball no local data for postcss-value-parser@https://registry.npmjs.org/postcss-value-parser/-/postcss-value-parser-4.2.0.tgz. Extracting by manifest.
180 http fetch GET 200 https://registry.npmjs.org/normalize-range/-/normalize-range-0.1.2.tgz 153ms (cache miss)
181 http fetch GET 200 https://registry.npmjs.org/autoprefixer/-/autoprefixer-10.4.21.tgz 341ms (cache miss)
182 http fetch GET 200 https://registry.npmjs.org/fraction.js/-/fraction.js-4.3.7.tgz 345ms (cache miss)
183 http fetch POST 200 https://registry.npmjs.org/-/npm/v1/security/advisories/bulk 454ms
184 silly audit report {}
185 http fetch GET 200 https://registry.npmjs.org/postcss-value-parser/-/postcss-value-parser-4.2.0.tgz 490ms (cache miss)
186 silly ADD node_modules/escalade
187 silly ADD node_modules/update-browserslist-db
188 silly ADD node_modules/node-releases
189 silly ADD node_modules/electron-to-chromium
190 silly ADD node_modules/postcss-value-parser
191 silly ADD node_modules/normalize-range
192 silly ADD node_modules/fraction.js
193 silly ADD node_modules/browserslist
194 silly ADD node_modules/autoprefixer
195 silly ADD
196 silly ADD
197 silly ADD
198 silly ADD
199 silly ADD
200 silly ADD
201 silly ADD
202 silly ADD
203 silly ADD
204 silly ADD
205 silly ADD
206 silly ADD
207 silly ADD
208 silly ADD
209 silly ADD
210 silly ADD
211 silly ADD
212 silly ADD
213 silly ADD
214 silly ADD
215 silly ADD
216 silly ADD
217 silly ADD
218 silly ADD
219 silly ADD
220 silly ADD
221 silly ADD
222 silly ADD
223 silly ADD
224 silly ADD
225 silly ADD
226 silly ADD
227 silly ADD
228 silly ADD
229 silly ADD
230 silly ADD
231 silly ADD
232 silly ADD
233 silly ADD
234 silly ADD
235 silly ADD
236 silly ADD
237 silly ADD
238 silly ADD
239 silly ADD
240 verbose cwd C:\Users\Krishna jadhav\Desktop\Git\Projects\volt
241 verbose os Windows_NT 10.0.22621
242 verbose node v20.17.0
243 verbose npm  v11.2.0
244 verbose exit 0
245 info ok
