0 verbose cli C:\Program Files\nodejs\node.exe C:\Users\Krishna jadhav\Desktop\Git\Projects\volt\%APPDATA%\npm\node_modules\npm\bin\npm-cli.js
1 info using npm@11.2.0
2 info using node@v20.17.0
3 silly config load:file:C:\Users\Krishna jadhav\Desktop\Git\Projects\volt\%APPDATA%\npm\node_modules\npm\npmrc
4 silly config load:file:C:\Users\Krishna jadhav\Desktop\Git\Projects\volt\.npmrc
5 silly config load:file:C:\Users\Krishna jadhav\.npmrc
6 silly config load:file:C:\Users\Krishna jadhav\Desktop\Git\Projects\volt\%APPDATA%\npm\etc\npmrc
7 verbose title npm install @react-oauth/google@latest
8 verbose argv "install" "@react-oauth/google@latest"
9 verbose logfile logs-max:10 dir:C:\Users\Krishna jadhav\Desktop\Git\Projects\volt\%LOCALAPPDATA%\npm-cache\_logs\2025-03-25T05_30_48_805Z-
10 verbose logfile C:\Users\Krishna jadhav\Desktop\Git\Projects\volt\%LOCALAPPDATA%\npm-cache\_logs\2025-03-25T05_30_48_805Z-debug-0.log
11 silly logfile start cleaning logs, removing 1 files
12 silly packumentCache heap:2197815296 maxSize:549453824 maxEntrySize:274726912
13 silly logfile done cleaning log files
14 silly packumentCache corgi:https://registry.npmjs.org/@react-oauth%2fgoogle cache-miss
15 http fetch GET 200 https://registry.npmjs.org/@react-oauth%2fgoogle 554ms (cache miss)
16 silly packumentCache corgi:https://registry.npmjs.org/@react-oauth%2fgoogle set size:undefined disposed:false
17 silly idealTree buildDeps
18 silly fetch manifest @react-oauth/google@0.12.1
19 silly packumentCache full:https://registry.npmjs.org/@react-oauth%2fgoogle cache-miss
20 http fetch GET 200 https://registry.npmjs.org/@react-oauth%2fgoogle 120ms (cache miss)
21 silly packumentCache full:https://registry.npmjs.org/@react-oauth%2fgoogle set size:undefined disposed:false
22 silly fetch manifest react@^18.0.0
23 silly packumentCache full:https://registry.npmjs.org/react cache-miss
24 http fetch GET 200 https://registry.npmjs.org/react 961ms (cache updated)
25 silly packumentCache full:https://registry.npmjs.org/react set size:undefined disposed:false
26 silly fetch manifest react-dom@^18.0.0
27 silly packumentCache full:https://registry.npmjs.org/react-dom cache-miss
28 http fetch GET 200 https://registry.npmjs.org/react-dom 827ms (cache updated)
29 silly packumentCache full:https://registry.npmjs.org/react-dom set size:undefined disposed:false
30 silly placeDep ROOT @react-oauth/google@0.12.1 OK for: volt@0.1.0 want: 0.12.1
31 silly reify moves {}
32 silly audit bulk request {
32 silly audit   '@alloc/quick-lru': [ '5.2.0' ],
32 silly audit   '@emnapi/runtime': [ '1.3.1' ],
32 silly audit   '@img/sharp-darwin-arm64': [ '0.33.5' ],
32 silly audit   '@img/sharp-darwin-x64': [ '0.33.5' ],
32 silly audit   '@img/sharp-libvips-darwin-arm64': [ '1.0.4' ],
32 silly audit   '@img/sharp-libvips-darwin-x64': [ '1.0.4' ],
32 silly audit   '@img/sharp-libvips-linux-arm': [ '1.0.5' ],
32 silly audit   '@img/sharp-libvips-linux-arm64': [ '1.0.4' ],
32 silly audit   '@img/sharp-libvips-linux-s390x': [ '1.0.4' ],
32 silly audit   '@img/sharp-libvips-linux-x64': [ '1.0.4' ],
32 silly audit   '@img/sharp-libvips-linuxmusl-arm64': [ '1.0.4' ],
32 silly audit   '@img/sharp-libvips-linuxmusl-x64': [ '1.0.4' ],
32 silly audit   '@img/sharp-linux-arm': [ '0.33.5' ],
32 silly audit   '@img/sharp-linux-arm64': [ '0.33.5' ],
32 silly audit   '@img/sharp-linux-s390x': [ '0.33.5' ],
32 silly audit   '@img/sharp-linux-x64': [ '0.33.5' ],
32 silly audit   '@img/sharp-linuxmusl-arm64': [ '0.33.5' ],
32 silly audit   '@img/sharp-linuxmusl-x64': [ '0.33.5' ],
32 silly audit   '@img/sharp-wasm32': [ '0.33.5' ],
32 silly audit   '@img/sharp-win32-ia32': [ '0.33.5' ],
32 silly audit   '@img/sharp-win32-x64': [ '0.33.5' ],
32 silly audit   '@next/env': [ '15.2.3' ],
32 silly audit   '@next/swc-darwin-arm64': [ '15.2.3' ],
32 silly audit   '@next/swc-darwin-x64': [ '15.2.3' ],
32 silly audit   '@next/swc-linux-arm64-gnu': [ '15.2.3' ],
32 silly audit   '@next/swc-linux-arm64-musl': [ '15.2.3' ],
32 silly audit   '@next/swc-linux-x64-gnu': [ '15.2.3' ],
32 silly audit   '@next/swc-linux-x64-musl': [ '15.2.3' ],
32 silly audit   '@next/swc-win32-arm64-msvc': [ '15.2.3' ],
32 silly audit   '@next/swc-win32-x64-msvc': [ '15.2.3' ],
32 silly audit   '@radix-ui/primitive': [ '1.1.1' ],
32 silly audit   '@radix-ui/react-compose-refs': [ '1.1.1' ],
32 silly audit   '@radix-ui/react-context': [ '1.1.1' ],
32 silly audit   '@radix-ui/react-dialog': [ '1.1.6' ],
32 silly audit   '@radix-ui/react-dismissable-layer': [ '1.1.5' ],
32 silly audit   '@radix-ui/react-focus-guards': [ '1.1.1' ],
32 silly audit   '@radix-ui/react-focus-scope': [ '1.1.2' ],
32 silly audit   '@radix-ui/react-id': [ '1.1.0' ],
32 silly audit   '@radix-ui/react-portal': [ '1.1.4' ],
32 silly audit   '@radix-ui/react-presence': [ '1.1.2' ],
32 silly audit   '@radix-ui/react-primitive': [ '2.0.2' ],
32 silly audit   '@radix-ui/react-slot': [ '1.1.2' ],
32 silly audit   '@radix-ui/react-use-callback-ref': [ '1.1.0' ],
32 silly audit   '@radix-ui/react-use-controllable-state': [ '1.1.0' ],
32 silly audit   '@radix-ui/react-use-escape-keydown': [ '1.1.0' ],
32 silly audit   '@radix-ui/react-use-layout-effect': [ '1.1.0' ],
32 silly audit   '@swc/counter': [ '0.1.3' ],
32 silly audit   '@swc/helpers': [ '0.5.15' ],
32 silly audit   '@tailwindcss/node': [ '4.0.15' ],
32 silly audit   '@tailwindcss/oxide': [ '4.0.15' ],
32 silly audit   '@tailwindcss/oxide-android-arm64': [ '4.0.15' ],
32 silly audit   '@tailwindcss/oxide-darwin-arm64': [ '4.0.15' ],
32 silly audit   '@tailwindcss/oxide-darwin-x64': [ '4.0.15' ],
32 silly audit   '@tailwindcss/oxide-freebsd-x64': [ '4.0.15' ],
32 silly audit   '@tailwindcss/oxide-linux-arm-gnueabihf': [ '4.0.15' ],
32 silly audit   '@tailwindcss/oxide-linux-arm64-gnu': [ '4.0.15' ],
32 silly audit   '@tailwindcss/oxide-linux-arm64-musl': [ '4.0.15' ],
32 silly audit   '@tailwindcss/oxide-linux-x64-gnu': [ '4.0.15' ],
32 silly audit   '@tailwindcss/oxide-linux-x64-musl': [ '4.0.15' ],
32 silly audit   '@tailwindcss/oxide-win32-arm64-msvc': [ '4.0.15' ],
32 silly audit   '@tailwindcss/oxide-win32-x64-msvc': [ '4.0.15' ],
32 silly audit   '@tailwindcss/postcss': [ '4.0.15' ],
32 silly audit   'aria-hidden': [ '1.2.4' ],
32 silly audit   autoprefixer: [ '10.4.21' ],
32 silly audit   browserslist: [ '4.24.4' ],
32 silly audit   busboy: [ '1.6.0' ],
32 silly audit   'caniuse-lite': [ '1.0.30001706' ],
32 silly audit   'class-variance-authority': [ '0.7.1' ],
32 silly audit   'client-only': [ '0.0.1' ],
32 silly audit   clsx: [ '2.1.1' ],
32 silly audit   color: [ '4.2.3' ],
32 silly audit   'color-convert': [ '2.0.1' ],
32 silly audit   'color-name': [ '1.1.4' ],
32 silly audit   'color-string': [ '1.9.1' ],
32 silly audit   dedent: [ '1.5.3' ],
32 silly audit   'detect-libc': [ '2.0.3' ],
32 silly audit   'detect-node-es': [ '1.1.0' ],
32 silly audit   'electron-to-chromium': [ '1.5.123' ],
32 silly audit   'enhanced-resolve': [ '5.18.1' ],
32 silly audit   escalade: [ '3.2.0' ],
32 silly audit   'fraction.js': [ '4.3.7' ],
32 silly audit   'get-nonce': [ '1.0.1' ],
32 silly audit   'graceful-fs': [ '4.2.11' ],
32 silly audit   'is-arrayish': [ '0.3.2' ],
32 silly audit   jiti: [ '2.4.2' ],
32 silly audit   'js-tokens': [ '4.0.0' ],
32 silly audit   lightningcss: [ '1.29.2' ],
32 silly audit   'lightningcss-darwin-arm64': [ '1.29.2' ],
32 silly audit   'lightningcss-darwin-x64': [ '1.29.2' ],
32 silly audit   'lightningcss-freebsd-x64': [ '1.29.2' ],
32 silly audit   'lightningcss-linux-arm-gnueabihf': [ '1.29.2' ],
32 silly audit   'lightningcss-linux-arm64-gnu': [ '1.29.2' ],
32 silly audit   'lightningcss-linux-arm64-musl': [ '1.29.2' ],
32 silly audit   'lightningcss-linux-x64-gnu': [ '1.29.2' ],
32 silly audit   'lightningcss-linux-x64-musl': [ '1.29.2' ],
32 silly audit   'lightningcss-win32-arm64-msvc': [ '1.29.2' ],
32 silly audit   'lightningcss-win32-x64-msvc': [ '1.29.2' ],
32 silly audit   'loose-envify': [ '1.4.0' ],
32 silly audit   'lucide-react': [ '0.483.0' ],
32 silly audit   nanoid: [ '3.3.11' ],
32 silly audit   next: [ '15.2.3' ],
32 silly audit   'next-themes': [ '0.4.6' ],
32 silly audit   postcss: [ '8.4.31', '8.5.3' ],
32 silly audit   'node-releases': [ '2.0.19' ],
32 silly audit   'normalize-range': [ '0.1.2' ],
32 silly audit   picocolors: [ '1.1.1' ],
32 silly audit   'postcss-value-parser': [ '4.2.0' ],
32 silly audit   react: [ '18.3.1' ],
32 silly audit   'react-dom': [ '18.3.1' ],
32 silly audit   'react-remove-scroll': [ '2.6.3' ],
32 silly audit   'react-remove-scroll-bar': [ '2.3.8' ],
32 silly audit   'react-style-singleton': [ '2.2.3' ],
32 silly audit   scheduler: [ '0.23.2' ],
32 silly audit   semver: [ '7.7.1' ],
32 silly audit   sharp: [ '0.33.5' ],
32 silly audit   'simple-swizzle': [ '0.2.2' ],
32 silly audit   'source-map-js': [ '1.2.1' ],
32 silly audit   streamsearch: [ '1.1.0' ],
32 silly audit   'styled-jsx': [ '5.1.6' ],
32 silly audit   'tailwind-merge': [ '3.0.2' ],
32 silly audit   tailwindcss: [ '4.0.15' ],
32 silly audit   tapable: [ '2.2.1' ],
32 silly audit   tslib: [ '2.8.1' ],
32 silly audit   'tw-animate-css': [ '1.2.4' ],
32 silly audit   'update-browserslist-db': [ '1.1.3' ],
32 silly audit   'use-callback-ref': [ '1.3.3' ],
32 silly audit   'use-sidecar': [ '1.1.3' ],
32 silly audit   '@react-oauth/google': [ '0.12.1' ]
32 silly audit }
33 verbose reify failed optional dependency C:\Users\Krishna jadhav\Desktop\Git\Projects\volt\node_modules\lightningcss-win32-arm64-msvc
34 silly reify mark deleted [
34 silly reify   'C:\\Users\\Krishna jadhav\\Desktop\\Git\\Projects\\volt\\node_modules\\lightningcss-win32-arm64-msvc'
34 silly reify ]
35 verbose reify failed optional dependency C:\Users\Krishna jadhav\Desktop\Git\Projects\volt\node_modules\lightningcss-linux-x64-musl
36 silly reify mark deleted [
36 silly reify   'C:\\Users\\Krishna jadhav\\Desktop\\Git\\Projects\\volt\\node_modules\\lightningcss-linux-x64-musl'
36 silly reify ]
37 verbose reify failed optional dependency C:\Users\Krishna jadhav\Desktop\Git\Projects\volt\node_modules\lightningcss-linux-x64-gnu
38 silly reify mark deleted [
38 silly reify   'C:\\Users\\Krishna jadhav\\Desktop\\Git\\Projects\\volt\\node_modules\\lightningcss-linux-x64-gnu'
38 silly reify ]
39 verbose reify failed optional dependency C:\Users\Krishna jadhav\Desktop\Git\Projects\volt\node_modules\lightningcss-linux-arm64-musl
40 silly reify mark deleted [
40 silly reify   'C:\\Users\\Krishna jadhav\\Desktop\\Git\\Projects\\volt\\node_modules\\lightningcss-linux-arm64-musl'
40 silly reify ]
41 verbose reify failed optional dependency C:\Users\Krishna jadhav\Desktop\Git\Projects\volt\node_modules\lightningcss-linux-arm64-gnu
42 silly reify mark deleted [
42 silly reify   'C:\\Users\\Krishna jadhav\\Desktop\\Git\\Projects\\volt\\node_modules\\lightningcss-linux-arm64-gnu'
42 silly reify ]
43 verbose reify failed optional dependency C:\Users\Krishna jadhav\Desktop\Git\Projects\volt\node_modules\lightningcss-linux-arm-gnueabihf
44 silly reify mark deleted [
44 silly reify   'C:\\Users\\Krishna jadhav\\Desktop\\Git\\Projects\\volt\\node_modules\\lightningcss-linux-arm-gnueabihf'
44 silly reify ]
45 verbose reify failed optional dependency C:\Users\Krishna jadhav\Desktop\Git\Projects\volt\node_modules\lightningcss-freebsd-x64
46 silly reify mark deleted [
46 silly reify   'C:\\Users\\Krishna jadhav\\Desktop\\Git\\Projects\\volt\\node_modules\\lightningcss-freebsd-x64'
46 silly reify ]
47 verbose reify failed optional dependency C:\Users\Krishna jadhav\Desktop\Git\Projects\volt\node_modules\lightningcss-darwin-x64
48 silly reify mark deleted [
48 silly reify   'C:\\Users\\Krishna jadhav\\Desktop\\Git\\Projects\\volt\\node_modules\\lightningcss-darwin-x64'
48 silly reify ]
49 verbose reify failed optional dependency C:\Users\Krishna jadhav\Desktop\Git\Projects\volt\node_modules\lightningcss-darwin-arm64
50 silly reify mark deleted [
50 silly reify   'C:\\Users\\Krishna jadhav\\Desktop\\Git\\Projects\\volt\\node_modules\\lightningcss-darwin-arm64'
50 silly reify ]
51 verbose reify failed optional dependency C:\Users\Krishna jadhav\Desktop\Git\Projects\volt\node_modules\@tailwindcss\oxide-win32-arm64-msvc
52 silly reify mark deleted [
52 silly reify   'C:\\Users\\Krishna jadhav\\Desktop\\Git\\Projects\\volt\\node_modules\\@tailwindcss\\oxide-win32-arm64-msvc'
52 silly reify ]
53 verbose reify failed optional dependency C:\Users\Krishna jadhav\Desktop\Git\Projects\volt\node_modules\@tailwindcss\oxide-linux-x64-musl
54 silly reify mark deleted [
54 silly reify   'C:\\Users\\Krishna jadhav\\Desktop\\Git\\Projects\\volt\\node_modules\\@tailwindcss\\oxide-linux-x64-musl'
54 silly reify ]
55 verbose reify failed optional dependency C:\Users\Krishna jadhav\Desktop\Git\Projects\volt\node_modules\@tailwindcss\oxide-linux-x64-gnu
56 silly reify mark deleted [
56 silly reify   'C:\\Users\\Krishna jadhav\\Desktop\\Git\\Projects\\volt\\node_modules\\@tailwindcss\\oxide-linux-x64-gnu'
56 silly reify ]
57 verbose reify failed optional dependency C:\Users\Krishna jadhav\Desktop\Git\Projects\volt\node_modules\@tailwindcss\oxide-linux-arm64-musl
58 silly reify mark deleted [
58 silly reify   'C:\\Users\\Krishna jadhav\\Desktop\\Git\\Projects\\volt\\node_modules\\@tailwindcss\\oxide-linux-arm64-musl'
58 silly reify ]
59 verbose reify failed optional dependency C:\Users\Krishna jadhav\Desktop\Git\Projects\volt\node_modules\@tailwindcss\oxide-linux-arm64-gnu
60 silly reify mark deleted [
60 silly reify   'C:\\Users\\Krishna jadhav\\Desktop\\Git\\Projects\\volt\\node_modules\\@tailwindcss\\oxide-linux-arm64-gnu'
60 silly reify ]
61 verbose reify failed optional dependency C:\Users\Krishna jadhav\Desktop\Git\Projects\volt\node_modules\@tailwindcss\oxide-linux-arm-gnueabihf
62 silly reify mark deleted [
62 silly reify   'C:\\Users\\Krishna jadhav\\Desktop\\Git\\Projects\\volt\\node_modules\\@tailwindcss\\oxide-linux-arm-gnueabihf'
62 silly reify ]
63 verbose reify failed optional dependency C:\Users\Krishna jadhav\Desktop\Git\Projects\volt\node_modules\@tailwindcss\oxide-freebsd-x64
64 silly reify mark deleted [
64 silly reify   'C:\\Users\\Krishna jadhav\\Desktop\\Git\\Projects\\volt\\node_modules\\@tailwindcss\\oxide-freebsd-x64'
64 silly reify ]
65 verbose reify failed optional dependency C:\Users\Krishna jadhav\Desktop\Git\Projects\volt\node_modules\@tailwindcss\oxide-darwin-x64
66 silly reify mark deleted [
66 silly reify   'C:\\Users\\Krishna jadhav\\Desktop\\Git\\Projects\\volt\\node_modules\\@tailwindcss\\oxide-darwin-x64'
66 silly reify ]
67 verbose reify failed optional dependency C:\Users\Krishna jadhav\Desktop\Git\Projects\volt\node_modules\@tailwindcss\oxide-darwin-arm64
68 silly reify mark deleted [
68 silly reify   'C:\\Users\\Krishna jadhav\\Desktop\\Git\\Projects\\volt\\node_modules\\@tailwindcss\\oxide-darwin-arm64'
68 silly reify ]
69 verbose reify failed optional dependency C:\Users\Krishna jadhav\Desktop\Git\Projects\volt\node_modules\@tailwindcss\oxide-android-arm64
70 silly reify mark deleted [
70 silly reify   'C:\\Users\\Krishna jadhav\\Desktop\\Git\\Projects\\volt\\node_modules\\@tailwindcss\\oxide-android-arm64'
70 silly reify ]
71 verbose reify failed optional dependency C:\Users\Krishna jadhav\Desktop\Git\Projects\volt\node_modules\@next\swc-win32-arm64-msvc
72 silly reify mark deleted [
72 silly reify   'C:\\Users\\Krishna jadhav\\Desktop\\Git\\Projects\\volt\\node_modules\\@next\\swc-win32-arm64-msvc'
72 silly reify ]
73 verbose reify failed optional dependency C:\Users\Krishna jadhav\Desktop\Git\Projects\volt\node_modules\@next\swc-linux-x64-musl
74 silly reify mark deleted [
74 silly reify   'C:\\Users\\Krishna jadhav\\Desktop\\Git\\Projects\\volt\\node_modules\\@next\\swc-linux-x64-musl'
74 silly reify ]
75 verbose reify failed optional dependency C:\Users\Krishna jadhav\Desktop\Git\Projects\volt\node_modules\@next\swc-linux-x64-gnu
76 silly reify mark deleted [
76 silly reify   'C:\\Users\\Krishna jadhav\\Desktop\\Git\\Projects\\volt\\node_modules\\@next\\swc-linux-x64-gnu'
76 silly reify ]
77 verbose reify failed optional dependency C:\Users\Krishna jadhav\Desktop\Git\Projects\volt\node_modules\@next\swc-linux-arm64-musl
78 silly reify mark deleted [
78 silly reify   'C:\\Users\\Krishna jadhav\\Desktop\\Git\\Projects\\volt\\node_modules\\@next\\swc-linux-arm64-musl'
78 silly reify ]
79 verbose reify failed optional dependency C:\Users\Krishna jadhav\Desktop\Git\Projects\volt\node_modules\@next\swc-linux-arm64-gnu
80 silly reify mark deleted [
80 silly reify   'C:\\Users\\Krishna jadhav\\Desktop\\Git\\Projects\\volt\\node_modules\\@next\\swc-linux-arm64-gnu'
80 silly reify ]
81 verbose reify failed optional dependency C:\Users\Krishna jadhav\Desktop\Git\Projects\volt\node_modules\@next\swc-darwin-x64
82 silly reify mark deleted [
82 silly reify   'C:\\Users\\Krishna jadhav\\Desktop\\Git\\Projects\\volt\\node_modules\\@next\\swc-darwin-x64'
82 silly reify ]
83 verbose reify failed optional dependency C:\Users\Krishna jadhav\Desktop\Git\Projects\volt\node_modules\@next\swc-darwin-arm64
84 silly reify mark deleted [
84 silly reify   'C:\\Users\\Krishna jadhav\\Desktop\\Git\\Projects\\volt\\node_modules\\@next\\swc-darwin-arm64'
84 silly reify ]
85 verbose reify failed optional dependency C:\Users\Krishna jadhav\Desktop\Git\Projects\volt\node_modules\@img\sharp-win32-ia32
86 silly reify mark deleted [
86 silly reify   'C:\\Users\\Krishna jadhav\\Desktop\\Git\\Projects\\volt\\node_modules\\@img\\sharp-win32-ia32'
86 silly reify ]
87 verbose reify failed optional dependency C:\Users\Krishna jadhav\Desktop\Git\Projects\volt\node_modules\@img\sharp-wasm32
88 silly reify mark deleted [
88 silly reify   'C:\\Users\\Krishna jadhav\\Desktop\\Git\\Projects\\volt\\node_modules\\@img\\sharp-wasm32'
88 silly reify ]
89 verbose reify failed optional dependency C:\Users\Krishna jadhav\Desktop\Git\Projects\volt\node_modules\@emnapi\runtime
90 silly reify mark deleted [
90 silly reify   'C:\\Users\\Krishna jadhav\\Desktop\\Git\\Projects\\volt\\node_modules\\@emnapi\\runtime'
90 silly reify ]
91 verbose reify failed optional dependency C:\Users\Krishna jadhav\Desktop\Git\Projects\volt\node_modules\@img\sharp-linuxmusl-x64
92 silly reify mark deleted [
92 silly reify   'C:\\Users\\Krishna jadhav\\Desktop\\Git\\Projects\\volt\\node_modules\\@img\\sharp-linuxmusl-x64'
92 silly reify ]
93 verbose reify failed optional dependency C:\Users\Krishna jadhav\Desktop\Git\Projects\volt\node_modules\@img\sharp-linuxmusl-arm64
94 silly reify mark deleted [
94 silly reify   'C:\\Users\\Krishna jadhav\\Desktop\\Git\\Projects\\volt\\node_modules\\@img\\sharp-linuxmusl-arm64'
94 silly reify ]
95 verbose reify failed optional dependency C:\Users\Krishna jadhav\Desktop\Git\Projects\volt\node_modules\@img\sharp-linux-x64
96 silly reify mark deleted [
96 silly reify   'C:\\Users\\Krishna jadhav\\Desktop\\Git\\Projects\\volt\\node_modules\\@img\\sharp-linux-x64'
96 silly reify ]
97 verbose reify failed optional dependency C:\Users\Krishna jadhav\Desktop\Git\Projects\volt\node_modules\@img\sharp-linux-s390x
98 silly reify mark deleted [
98 silly reify   'C:\\Users\\Krishna jadhav\\Desktop\\Git\\Projects\\volt\\node_modules\\@img\\sharp-linux-s390x'
98 silly reify ]
99 verbose reify failed optional dependency C:\Users\Krishna jadhav\Desktop\Git\Projects\volt\node_modules\@img\sharp-linux-arm64
100 silly reify mark deleted [
100 silly reify   'C:\\Users\\Krishna jadhav\\Desktop\\Git\\Projects\\volt\\node_modules\\@img\\sharp-linux-arm64'
100 silly reify ]
101 verbose reify failed optional dependency C:\Users\Krishna jadhav\Desktop\Git\Projects\volt\node_modules\@img\sharp-linux-arm
102 silly reify mark deleted [
102 silly reify   'C:\\Users\\Krishna jadhav\\Desktop\\Git\\Projects\\volt\\node_modules\\@img\\sharp-linux-arm'
102 silly reify ]
103 verbose reify failed optional dependency C:\Users\Krishna jadhav\Desktop\Git\Projects\volt\node_modules\@img\sharp-libvips-linuxmusl-x64
104 silly reify mark deleted [
104 silly reify   'C:\\Users\\Krishna jadhav\\Desktop\\Git\\Projects\\volt\\node_modules\\@img\\sharp-libvips-linuxmusl-x64'
104 silly reify ]
105 verbose reify failed optional dependency C:\Users\Krishna jadhav\Desktop\Git\Projects\volt\node_modules\@img\sharp-libvips-linuxmusl-arm64
106 silly reify mark deleted [
106 silly reify   'C:\\Users\\Krishna jadhav\\Desktop\\Git\\Projects\\volt\\node_modules\\@img\\sharp-libvips-linuxmusl-arm64'
106 silly reify ]
107 verbose reify failed optional dependency C:\Users\Krishna jadhav\Desktop\Git\Projects\volt\node_modules\@img\sharp-libvips-linux-x64
108 silly reify mark deleted [
108 silly reify   'C:\\Users\\Krishna jadhav\\Desktop\\Git\\Projects\\volt\\node_modules\\@img\\sharp-libvips-linux-x64'
108 silly reify ]
109 verbose reify failed optional dependency C:\Users\Krishna jadhav\Desktop\Git\Projects\volt\node_modules\@img\sharp-libvips-linux-s390x
110 silly reify mark deleted [
110 silly reify   'C:\\Users\\Krishna jadhav\\Desktop\\Git\\Projects\\volt\\node_modules\\@img\\sharp-libvips-linux-s390x'
110 silly reify ]
111 verbose reify failed optional dependency C:\Users\Krishna jadhav\Desktop\Git\Projects\volt\node_modules\@img\sharp-libvips-linux-arm64
112 silly reify mark deleted [
112 silly reify   'C:\\Users\\Krishna jadhav\\Desktop\\Git\\Projects\\volt\\node_modules\\@img\\sharp-libvips-linux-arm64'
112 silly reify ]
113 verbose reify failed optional dependency C:\Users\Krishna jadhav\Desktop\Git\Projects\volt\node_modules\@img\sharp-libvips-linux-arm
114 silly reify mark deleted [
114 silly reify   'C:\\Users\\Krishna jadhav\\Desktop\\Git\\Projects\\volt\\node_modules\\@img\\sharp-libvips-linux-arm'
114 silly reify ]
115 verbose reify failed optional dependency C:\Users\Krishna jadhav\Desktop\Git\Projects\volt\node_modules\@img\sharp-libvips-darwin-x64
116 silly reify mark deleted [
116 silly reify   'C:\\Users\\Krishna jadhav\\Desktop\\Git\\Projects\\volt\\node_modules\\@img\\sharp-libvips-darwin-x64'
116 silly reify ]
117 verbose reify failed optional dependency C:\Users\Krishna jadhav\Desktop\Git\Projects\volt\node_modules\@img\sharp-libvips-darwin-arm64
118 silly reify mark deleted [
118 silly reify   'C:\\Users\\Krishna jadhav\\Desktop\\Git\\Projects\\volt\\node_modules\\@img\\sharp-libvips-darwin-arm64'
118 silly reify ]
119 verbose reify failed optional dependency C:\Users\Krishna jadhav\Desktop\Git\Projects\volt\node_modules\@img\sharp-darwin-x64
120 silly reify mark deleted [
120 silly reify   'C:\\Users\\Krishna jadhav\\Desktop\\Git\\Projects\\volt\\node_modules\\@img\\sharp-darwin-x64'
120 silly reify ]
121 verbose reify failed optional dependency C:\Users\Krishna jadhav\Desktop\Git\Projects\volt\node_modules\@img\sharp-darwin-arm64
122 silly reify mark deleted [
122 silly reify   'C:\\Users\\Krishna jadhav\\Desktop\\Git\\Projects\\volt\\node_modules\\@img\\sharp-darwin-arm64'
122 silly reify ]
123 http cache @react-oauth/google@https://registry.npmjs.org/@react-oauth/google/-/google-0.12.1.tgz 0ms (cache hit)
124 http cache @emnapi/runtime@https://registry.npmjs.org/@emnapi/runtime/-/runtime-1.3.1.tgz 0ms (cache hit)
125 silly tarball no local data for @react-oauth/google@https://registry.npmjs.org/@react-oauth/google/-/google-0.12.1.tgz. Extracting by manifest.
126 http fetch GET 200 https://registry.npmjs.org/@react-oauth/google/-/google-0.12.1.tgz 288ms (cache miss)
127 http fetch POST 200 https://registry.npmjs.org/-/npm/v1/security/advisories/bulk 443ms
128 silly audit report {}
129 silly ADD node_modules/@react-oauth/google
130 silly ADD
131 silly ADD
132 silly ADD
133 silly ADD
134 silly ADD
135 silly ADD
136 silly ADD
137 silly ADD
138 silly ADD
139 silly ADD
140 silly ADD
141 silly ADD
142 silly ADD
143 silly ADD
144 silly ADD
145 silly ADD
146 silly ADD
147 silly ADD
148 silly ADD
149 silly ADD
150 silly ADD
151 silly ADD
152 silly ADD
153 silly ADD
154 silly ADD
155 silly ADD
156 silly ADD
157 silly ADD
158 silly ADD
159 silly ADD
160 silly ADD
161 silly ADD
162 silly ADD
163 silly ADD
164 silly ADD
165 silly ADD
166 silly ADD
167 silly ADD
168 silly ADD
169 silly ADD
170 silly ADD
171 silly ADD
172 silly ADD
173 silly ADD
174 silly ADD
175 verbose cwd C:\Users\Krishna jadhav\Desktop\Git\Projects\volt
176 verbose os Windows_NT 10.0.22621
177 verbose node v20.17.0
178 verbose npm  v11.2.0
179 verbose exit 0
180 info ok
