0 verbose cli C:\Program Files\nodejs\node.exe C:\Users\Krishna jadhav\Desktop\Git\Projects\volt\%APPDATA%\npm\node_modules\npm\bin\npm-cli.js
1 info using npm@11.2.0
2 info using node@v20.17.0
3 silly config load:file:C:\Users\Krishna jadhav\Desktop\Git\Projects\volt\%APPDATA%\npm\node_modules\npm\npmrc
4 silly config load:file:C:\Users\Krishna jadhav\Desktop\Git\Projects\volt\.npmrc
5 silly config load:file:C:\Users\Krishna jadhav\.npmrc
6 silly config load:file:C:\Users\Krishna jadhav\Desktop\Git\Projects\volt\%APPDATA%\npm\etc\npmrc
7 verbose title npm install @radix-ui/react-dialog
8 verbose argv "install" "@radix-ui/react-dialog"
9 verbose logfile logs-max:10 dir:C:\Users\Krishna jadhav\Desktop\Git\Projects\volt\%LOCALAPPDATA%\npm-cache\_logs\2025-03-24T14_10_30_160Z-
10 verbose logfile C:\Users\Krishna jadhav\Desktop\Git\Projects\volt\%LOCALAPPDATA%\npm-cache\_logs\2025-03-24T14_10_30_160Z-debug-0.log
11 silly logfile start cleaning logs, removing 1 files
12 silly packumentCache heap:2197815296 maxSize:549453824 maxEntrySize:274726912
13 silly logfile done cleaning log files
14 silly idealTree buildDeps
15 silly fetch manifest @radix-ui/react-dialog@*
16 silly packumentCache full:https://registry.npmjs.org/@radix-ui%2freact-dialog cache-miss
17 http fetch GET 200 https://registry.npmjs.org/@radix-ui%2freact-dialog 400ms (cache miss)
18 silly packumentCache full:https://registry.npmjs.org/@radix-ui%2freact-dialog set size:undefined disposed:false
19 silly fetch manifest @types/react@*
20 silly packumentCache full:https://registry.npmjs.org/@types%2freact cache-miss
21 http fetch GET 200 https://registry.npmjs.org/@types%2freact 224ms (cache updated)
22 silly packumentCache full:https://registry.npmjs.org/@types%2freact set size:undefined disposed:false
23 silly fetch manifest @types/react-dom@*
24 silly packumentCache full:https://registry.npmjs.org/@types%2freact-dom cache-miss
25 http fetch GET 200 https://registry.npmjs.org/@types%2freact-dom 236ms (cache miss)
26 silly packumentCache full:https://registry.npmjs.org/@types%2freact-dom set size:undefined disposed:false
27 silly fetch manifest react@^18.0.0
28 silly packumentCache full:https://registry.npmjs.org/react cache-miss
29 http fetch GET 200 https://registry.npmjs.org/react 526ms (cache updated)
30 silly packumentCache full:https://registry.npmjs.org/react set size:undefined disposed:false
31 silly fetch manifest react-dom@^18.0.0
32 silly packumentCache full:https://registry.npmjs.org/react-dom cache-miss
33 http fetch GET 200 https://registry.npmjs.org/react-dom 725ms (cache updated)
34 silly packumentCache full:https://registry.npmjs.org/react-dom set size:undefined disposed:false
35 silly placeDep ROOT @radix-ui/react-dialog@1.1.6 OK for: volt@0.1.0 want: *
36 silly fetch manifest aria-hidden@^1.2.4
37 silly packumentCache full:https://registry.npmjs.org/aria-hidden cache-miss
38 silly fetch manifest @radix-ui/react-id@1.1.0
39 silly packumentCache full:https://registry.npmjs.org/@radix-ui%2freact-id cache-miss
40 silly fetch manifest @radix-ui/primitive@1.1.1
41 silly packumentCache full:https://registry.npmjs.org/@radix-ui%2fprimitive cache-miss
42 silly fetch manifest react-remove-scroll@^2.6.3
43 silly packumentCache full:https://registry.npmjs.org/react-remove-scroll cache-miss
44 silly fetch manifest @radix-ui/react-portal@1.1.4
45 silly packumentCache full:https://registry.npmjs.org/@radix-ui%2freact-portal cache-miss
46 silly fetch manifest @radix-ui/react-context@1.1.1
47 silly packumentCache full:https://registry.npmjs.org/@radix-ui%2freact-context cache-miss
48 silly fetch manifest @radix-ui/react-presence@1.1.2
49 silly packumentCache full:https://registry.npmjs.org/@radix-ui%2freact-presence cache-miss
50 silly fetch manifest @radix-ui/react-primitive@2.0.2
51 silly packumentCache full:https://registry.npmjs.org/@radix-ui%2freact-primitive cache-miss
52 silly fetch manifest @radix-ui/react-focus-scope@1.1.2
53 silly packumentCache full:https://registry.npmjs.org/@radix-ui%2freact-focus-scope cache-miss
54 silly fetch manifest @radix-ui/react-focus-guards@1.1.1
55 silly packumentCache full:https://registry.npmjs.org/@radix-ui%2freact-focus-guards cache-miss
56 silly fetch manifest @radix-ui/react-dismissable-layer@1.1.5
57 silly packumentCache full:https://registry.npmjs.org/@radix-ui%2freact-dismissable-layer cache-miss
58 http fetch GET 200 https://registry.npmjs.org/aria-hidden 132ms (cache miss)
59 silly packumentCache full:https://registry.npmjs.org/aria-hidden set size:undefined disposed:false
60 silly fetch manifest @radix-ui/react-use-controllable-state@1.1.0
61 silly packumentCache full:https://registry.npmjs.org/@radix-ui%2freact-use-controllable-state cache-miss
62 http fetch GET 200 https://registry.npmjs.org/@radix-ui%2freact-use-controllable-state 128ms (cache miss)
63 silly packumentCache full:https://registry.npmjs.org/@radix-ui%2freact-use-controllable-state set size:undefined disposed:false
64 http fetch GET 200 https://registry.npmjs.org/react-remove-scroll 281ms (cache miss)
65 silly packumentCache full:https://registry.npmjs.org/react-remove-scroll set size:undefined disposed:false
66 http fetch GET 200 https://registry.npmjs.org/@radix-ui%2freact-portal 395ms (cache miss)
67 silly packumentCache full:https://registry.npmjs.org/@radix-ui%2freact-portal set size:undefined disposed:false
68 http fetch GET 200 https://registry.npmjs.org/@radix-ui%2freact-context 410ms (cache miss)
69 silly packumentCache full:https://registry.npmjs.org/@radix-ui%2freact-context set size:undefined disposed:false
70 http fetch GET 200 https://registry.npmjs.org/@radix-ui%2freact-presence 513ms (cache miss)
71 silly packumentCache full:https://registry.npmjs.org/@radix-ui%2freact-presence set size:undefined disposed:false
72 http fetch GET 200 https://registry.npmjs.org/@radix-ui%2freact-focus-guards 524ms (cache miss)
73 silly packumentCache full:https://registry.npmjs.org/@radix-ui%2freact-focus-guards set size:undefined disposed:false
74 http fetch GET 200 https://registry.npmjs.org/@radix-ui%2freact-id 574ms (cache miss)
75 silly packumentCache full:https://registry.npmjs.org/@radix-ui%2freact-id set size:undefined disposed:false
76 http fetch GET 200 https://registry.npmjs.org/@radix-ui%2freact-focus-scope 592ms (cache miss)
77 silly packumentCache full:https://registry.npmjs.org/@radix-ui%2freact-focus-scope set size:undefined disposed:false
78 http fetch GET 200 https://registry.npmjs.org/@radix-ui%2freact-primitive 777ms (cache miss)
79 silly packumentCache full:https://registry.npmjs.org/@radix-ui%2freact-primitive set size:undefined disposed:false
80 http fetch GET 200 https://registry.npmjs.org/@radix-ui%2fprimitive 799ms (cache miss)
81 silly packumentCache full:https://registry.npmjs.org/@radix-ui%2fprimitive set size:undefined disposed:false
82 http fetch GET 200 https://registry.npmjs.org/@radix-ui%2freact-dismissable-layer 799ms (cache miss)
83 silly packumentCache full:https://registry.npmjs.org/@radix-ui%2freact-dismissable-layer set size:undefined disposed:false
84 silly fetch manifest react@^16.8 || ^17.0 || ^18.0 || ^19.0 || ^19.0.0-rc
85 silly packumentCache full:https://registry.npmjs.org/react cache-miss
86 http cache https://registry.npmjs.org/react 15ms (cache hit)
87 silly packumentCache full:https://registry.npmjs.org/react set size:5541139 disposed:false
88 silly fetch manifest react-dom@^16.8 || ^17.0 || ^18.0 || ^19.0 || ^19.0.0-rc
89 silly packumentCache full:https://registry.npmjs.org/react-dom cache-miss
90 http cache https://registry.npmjs.org/react-dom 22ms (cache hit)
91 silly packumentCache full:https://registry.npmjs.org/react-dom set size:6968890 disposed:false
92 silly placeDep ROOT @radix-ui/primitive@1.1.1 OK for: @radix-ui/react-dialog@1.1.6 want: 1.1.1
93 silly placeDep ROOT @radix-ui/react-context@1.1.1 OK for: @radix-ui/react-dialog@1.1.6 want: 1.1.1
94 silly placeDep ROOT @radix-ui/react-dismissable-layer@1.1.5 OK for: @radix-ui/react-dialog@1.1.6 want: 1.1.5
95 silly placeDep ROOT @radix-ui/react-focus-guards@1.1.1 OK for: @radix-ui/react-dialog@1.1.6 want: 1.1.1
96 silly placeDep ROOT @radix-ui/react-focus-scope@1.1.2 OK for: @radix-ui/react-dialog@1.1.6 want: 1.1.2
97 silly placeDep ROOT @radix-ui/react-id@1.1.0 OK for: @radix-ui/react-dialog@1.1.6 want: 1.1.0
98 silly placeDep ROOT @radix-ui/react-portal@1.1.4 OK for: @radix-ui/react-dialog@1.1.6 want: 1.1.4
99 silly placeDep ROOT @radix-ui/react-presence@1.1.2 OK for: @radix-ui/react-dialog@1.1.6 want: 1.1.2
100 silly placeDep ROOT @radix-ui/react-primitive@2.0.2 OK for: @radix-ui/react-dialog@1.1.6 want: 2.0.2
101 silly placeDep ROOT @radix-ui/react-use-controllable-state@1.1.0 OK for: @radix-ui/react-dialog@1.1.6 want: 1.1.0
102 silly placeDep ROOT aria-hidden@1.2.4 OK for: @radix-ui/react-dialog@1.1.6 want: ^1.2.4
103 silly placeDep ROOT react-remove-scroll@2.6.3 OK for: @radix-ui/react-dialog@1.1.6 want: ^2.6.3
104 silly fetch manifest @radix-ui/react-use-callback-ref@1.1.0
105 silly packumentCache full:https://registry.npmjs.org/@radix-ui%2freact-use-callback-ref cache-miss
106 silly fetch manifest @radix-ui/react-use-escape-keydown@1.1.0
107 silly packumentCache full:https://registry.npmjs.org/@radix-ui%2freact-use-escape-keydown cache-miss
108 silly fetch manifest @radix-ui/react-use-callback-ref@1.1.0
109 silly packumentCache full:https://registry.npmjs.org/@radix-ui%2freact-use-callback-ref cache-miss
110 silly fetch manifest @radix-ui/react-use-layout-effect@1.1.0
111 silly packumentCache full:https://registry.npmjs.org/@radix-ui%2freact-use-layout-effect cache-miss
112 silly fetch manifest @radix-ui/react-use-layout-effect@1.1.0
113 silly packumentCache full:https://registry.npmjs.org/@radix-ui%2freact-use-layout-effect cache-miss
114 silly fetch manifest @radix-ui/react-use-layout-effect@1.1.0
115 silly packumentCache full:https://registry.npmjs.org/@radix-ui%2freact-use-layout-effect cache-miss
116 silly fetch manifest @radix-ui/react-use-callback-ref@1.1.0
117 silly packumentCache full:https://registry.npmjs.org/@radix-ui%2freact-use-callback-ref cache-miss
118 silly fetch manifest react-remove-scroll-bar@^2.3.7
119 silly packumentCache full:https://registry.npmjs.org/react-remove-scroll-bar cache-miss
120 silly fetch manifest react-style-singleton@^2.2.3
121 silly packumentCache full:https://registry.npmjs.org/react-style-singleton cache-miss
122 silly fetch manifest use-callback-ref@^1.3.3
123 silly packumentCache full:https://registry.npmjs.org/use-callback-ref cache-miss
124 silly fetch manifest use-sidecar@^1.1.3
125 silly packumentCache full:https://registry.npmjs.org/use-sidecar cache-miss
126 http fetch GET 200 https://registry.npmjs.org/@radix-ui%2freact-use-layout-effect 163ms (cache miss)
127 silly packumentCache full:https://registry.npmjs.org/@radix-ui%2freact-use-layout-effect set size:undefined disposed:false
128 http fetch GET 200 https://registry.npmjs.org/@radix-ui%2freact-use-callback-ref 232ms (cache miss)
129 silly packumentCache full:https://registry.npmjs.org/@radix-ui%2freact-use-callback-ref set size:undefined disposed:false
130 http fetch GET 200 https://registry.npmjs.org/react-remove-scroll-bar 234ms (cache miss)
131 silly packumentCache full:https://registry.npmjs.org/react-remove-scroll-bar set size:undefined disposed:false
132 http fetch GET 200 https://registry.npmjs.org/@radix-ui%2freact-use-escape-keydown 277ms (cache miss)
133 silly packumentCache full:https://registry.npmjs.org/@radix-ui%2freact-use-escape-keydown set size:undefined disposed:false
134 http fetch GET 200 https://registry.npmjs.org/@radix-ui%2freact-use-layout-effect 335ms (cache miss)
135 silly packumentCache full:https://registry.npmjs.org/@radix-ui%2freact-use-layout-effect set size:undefined disposed:false
136 http fetch GET 200 https://registry.npmjs.org/@radix-ui%2freact-use-callback-ref 354ms (cache miss)
137 silly packumentCache full:https://registry.npmjs.org/@radix-ui%2freact-use-callback-ref set size:undefined disposed:false
138 http fetch GET 200 https://registry.npmjs.org/react-style-singleton 347ms (cache miss)
139 silly packumentCache full:https://registry.npmjs.org/react-style-singleton set size:undefined disposed:false
140 http fetch GET 200 https://registry.npmjs.org/@radix-ui%2freact-use-callback-ref 389ms (cache miss)
141 silly packumentCache full:https://registry.npmjs.org/@radix-ui%2freact-use-callback-ref set size:undefined disposed:false
142 http fetch GET 200 https://registry.npmjs.org/@radix-ui%2freact-use-layout-effect 433ms (cache miss)
143 silly packumentCache full:https://registry.npmjs.org/@radix-ui%2freact-use-layout-effect set size:undefined disposed:false
144 http fetch GET 200 https://registry.npmjs.org/use-callback-ref 930ms (cache miss)
145 silly packumentCache full:https://registry.npmjs.org/use-callback-ref set size:undefined disposed:false
146 http fetch GET 200 https://registry.npmjs.org/use-sidecar 959ms (cache miss)
147 silly packumentCache full:https://registry.npmjs.org/use-sidecar set size:undefined disposed:false
148 silly placeDep ROOT @radix-ui/react-use-callback-ref@1.1.0 OK for: @radix-ui/react-dismissable-layer@1.1.5 want: 1.1.0
149 silly placeDep ROOT @radix-ui/react-use-escape-keydown@1.1.0 OK for: @radix-ui/react-dismissable-layer@1.1.5 want: 1.1.0
150 silly placeDep ROOT @radix-ui/react-use-layout-effect@1.1.0 OK for: @radix-ui/react-id@1.1.0 want: 1.1.0
151 silly fetch manifest react@^16.8.0 || ^17.0.0 || ^18.0.0 || ^19.0.0 || ^19.0.0-rc
152 silly packumentCache full:https://registry.npmjs.org/react cache-miss
153 http cache https://registry.npmjs.org/react 20ms (cache hit)
154 silly packumentCache full:https://registry.npmjs.org/react set size:5541139 disposed:false
155 silly placeDep ROOT react-remove-scroll-bar@2.3.8 OK for: react-remove-scroll@2.6.3 want: ^2.3.7
156 silly placeDep ROOT react-style-singleton@2.2.3 OK for: react-remove-scroll@2.6.3 want: ^2.2.3
157 silly placeDep ROOT use-callback-ref@1.3.3 OK for: react-remove-scroll@2.6.3 want: ^1.3.3
158 silly placeDep ROOT use-sidecar@1.1.3 OK for: react-remove-scroll@2.6.3 want: ^1.1.3
159 silly fetch manifest react-style-singleton@^2.2.2
160 silly packumentCache full:https://registry.npmjs.org/react-style-singleton cache-miss
161 silly fetch manifest get-nonce@^1.0.0
162 silly packumentCache full:https://registry.npmjs.org/get-nonce cache-miss
163 silly fetch manifest detect-node-es@^1.1.0
164 silly packumentCache full:https://registry.npmjs.org/detect-node-es cache-miss
165 http cache https://registry.npmjs.org/react-style-singleton 39ms (cache hit)
166 silly packumentCache full:https://registry.npmjs.org/react-style-singleton set size:33682 disposed:false
167 http fetch GET 200 https://registry.npmjs.org/detect-node-es 86ms (cache miss)
168 silly packumentCache full:https://registry.npmjs.org/detect-node-es set size:undefined disposed:false
169 http fetch GET 200 https://registry.npmjs.org/get-nonce 105ms (cache miss)
170 silly packumentCache full:https://registry.npmjs.org/get-nonce set size:undefined disposed:false
171 silly placeDep ROOT get-nonce@1.0.1 OK for: react-style-singleton@2.2.3 want: ^1.0.0
172 silly placeDep ROOT detect-node-es@1.1.0 OK for: use-sidecar@1.1.3 want: ^1.1.0
173 silly reify moves {}
174 silly audit bulk request {
174 silly audit   '@alloc/quick-lru': [ '5.2.0' ],
174 silly audit   '@emnapi/runtime': [ '1.3.1' ],
174 silly audit   '@img/sharp-darwin-arm64': [ '0.33.5' ],
174 silly audit   '@img/sharp-darwin-x64': [ '0.33.5' ],
174 silly audit   '@img/sharp-libvips-darwin-arm64': [ '1.0.4' ],
174 silly audit   '@img/sharp-libvips-darwin-x64': [ '1.0.4' ],
174 silly audit   '@img/sharp-libvips-linux-arm': [ '1.0.5' ],
174 silly audit   '@img/sharp-libvips-linux-arm64': [ '1.0.4' ],
174 silly audit   '@img/sharp-libvips-linux-s390x': [ '1.0.4' ],
174 silly audit   '@img/sharp-libvips-linux-x64': [ '1.0.4' ],
174 silly audit   '@img/sharp-libvips-linuxmusl-arm64': [ '1.0.4' ],
174 silly audit   '@img/sharp-libvips-linuxmusl-x64': [ '1.0.4' ],
174 silly audit   '@img/sharp-linux-arm': [ '0.33.5' ],
174 silly audit   '@img/sharp-linux-arm64': [ '0.33.5' ],
174 silly audit   '@img/sharp-linux-s390x': [ '0.33.5' ],
174 silly audit   '@img/sharp-linux-x64': [ '0.33.5' ],
174 silly audit   '@img/sharp-linuxmusl-arm64': [ '0.33.5' ],
174 silly audit   '@img/sharp-linuxmusl-x64': [ '0.33.5' ],
174 silly audit   '@img/sharp-wasm32': [ '0.33.5' ],
174 silly audit   '@img/sharp-win32-ia32': [ '0.33.5' ],
174 silly audit   '@img/sharp-win32-x64': [ '0.33.5' ],
174 silly audit   '@next/env': [ '15.2.3' ],
174 silly audit   '@next/swc-darwin-arm64': [ '15.2.3' ],
174 silly audit   '@next/swc-darwin-x64': [ '15.2.3' ],
174 silly audit   '@next/swc-linux-arm64-gnu': [ '15.2.3' ],
174 silly audit   '@next/swc-linux-arm64-musl': [ '15.2.3' ],
174 silly audit   '@next/swc-linux-x64-gnu': [ '15.2.3' ],
174 silly audit   '@next/swc-linux-x64-musl': [ '15.2.3' ],
174 silly audit   '@next/swc-win32-arm64-msvc': [ '15.2.3' ],
174 silly audit   '@next/swc-win32-x64-msvc': [ '15.2.3' ],
174 silly audit   '@radix-ui/react-compose-refs': [ '1.1.1' ],
174 silly audit   '@radix-ui/react-slot': [ '1.1.2' ],
174 silly audit   '@swc/counter': [ '0.1.3' ],
174 silly audit   '@swc/helpers': [ '0.5.15' ],
174 silly audit   '@tailwindcss/node': [ '4.0.15' ],
174 silly audit   '@tailwindcss/oxide': [ '4.0.15' ],
174 silly audit   '@tailwindcss/oxide-android-arm64': [ '4.0.15' ],
174 silly audit   '@tailwindcss/oxide-darwin-arm64': [ '4.0.15' ],
174 silly audit   '@tailwindcss/oxide-darwin-x64': [ '4.0.15' ],
174 silly audit   '@tailwindcss/oxide-freebsd-x64': [ '4.0.15' ],
174 silly audit   '@tailwindcss/oxide-linux-arm-gnueabihf': [ '4.0.15' ],
174 silly audit   '@tailwindcss/oxide-linux-arm64-gnu': [ '4.0.15' ],
174 silly audit   '@tailwindcss/oxide-linux-arm64-musl': [ '4.0.15' ],
174 silly audit   '@tailwindcss/oxide-linux-x64-gnu': [ '4.0.15' ],
174 silly audit   '@tailwindcss/oxide-linux-x64-musl': [ '4.0.15' ],
174 silly audit   '@tailwindcss/oxide-win32-arm64-msvc': [ '4.0.15' ],
174 silly audit   '@tailwindcss/oxide-win32-x64-msvc': [ '4.0.15' ],
174 silly audit   '@tailwindcss/postcss': [ '4.0.15' ],
174 silly audit   autoprefixer: [ '10.4.21' ],
174 silly audit   browserslist: [ '4.24.4' ],
174 silly audit   busboy: [ '1.6.0' ],
174 silly audit   'caniuse-lite': [ '1.0.30001706' ],
174 silly audit   'class-variance-authority': [ '0.7.1' ],
174 silly audit   'client-only': [ '0.0.1' ],
174 silly audit   clsx: [ '2.1.1' ],
174 silly audit   color: [ '4.2.3' ],
174 silly audit   'color-convert': [ '2.0.1' ],
174 silly audit   'color-name': [ '1.1.4' ],
174 silly audit   'color-string': [ '1.9.1' ],
174 silly audit   dedent: [ '1.5.3' ],
174 silly audit   'detect-libc': [ '2.0.3' ],
174 silly audit   'electron-to-chromium': [ '1.5.123' ],
174 silly audit   'enhanced-resolve': [ '5.18.1' ],
174 silly audit   escalade: [ '3.2.0' ],
174 silly audit   'fraction.js': [ '4.3.7' ],
174 silly audit   'graceful-fs': [ '4.2.11' ],
174 silly audit   'is-arrayish': [ '0.3.2' ],
174 silly audit   jiti: [ '2.4.2' ],
174 silly audit   'js-tokens': [ '4.0.0' ],
174 silly audit   lightningcss: [ '1.29.2' ],
174 silly audit   'lightningcss-darwin-arm64': [ '1.29.2' ],
174 silly audit   'lightningcss-darwin-x64': [ '1.29.2' ],
174 silly audit   'lightningcss-freebsd-x64': [ '1.29.2' ],
174 silly audit   'lightningcss-linux-arm-gnueabihf': [ '1.29.2' ],
174 silly audit   'lightningcss-linux-arm64-gnu': [ '1.29.2' ],
174 silly audit   'lightningcss-linux-arm64-musl': [ '1.29.2' ],
174 silly audit   'lightningcss-linux-x64-gnu': [ '1.29.2' ],
174 silly audit   'lightningcss-linux-x64-musl': [ '1.29.2' ],
174 silly audit   'lightningcss-win32-arm64-msvc': [ '1.29.2' ],
174 silly audit   'lightningcss-win32-x64-msvc': [ '1.29.2' ],
174 silly audit   'loose-envify': [ '1.4.0' ],
174 silly audit   'lucide-react': [ '0.483.0' ],
174 silly audit   nanoid: [ '3.3.11' ],
174 silly audit   next: [ '15.2.3' ],
174 silly audit   'next-themes': [ '0.4.6' ],
174 silly audit   postcss: [ '8.4.31', '8.5.3' ],
174 silly audit   'node-releases': [ '2.0.19' ],
174 silly audit   'normalize-range': [ '0.1.2' ],
174 silly audit   picocolors: [ '1.1.1' ],
174 silly audit   'postcss-value-parser': [ '4.2.0' ],
174 silly audit   react: [ '18.3.1' ],
174 silly audit   'react-dom': [ '18.3.1' ],
174 silly audit   scheduler: [ '0.23.2' ],
174 silly audit   semver: [ '7.7.1' ],
174 silly audit   sharp: [ '0.33.5' ],
174 silly audit   'simple-swizzle': [ '0.2.2' ],
174 silly audit   'source-map-js': [ '1.2.1' ],
174 silly audit   streamsearch: [ '1.1.0' ],
174 silly audit   'styled-jsx': [ '5.1.6' ],
174 silly audit   'tailwind-merge': [ '3.0.2' ],
174 silly audit   tailwindcss: [ '4.0.15' ],
174 silly audit   tapable: [ '2.2.1' ],
174 silly audit   tslib: [ '2.8.1' ],
174 silly audit   'tw-animate-css': [ '1.2.4' ],
174 silly audit   'update-browserslist-db': [ '1.1.3' ],
174 silly audit   '@radix-ui/react-dialog': [ '1.1.6' ],
174 silly audit   '@radix-ui/primitive': [ '1.1.1' ],
174 silly audit   '@radix-ui/react-context': [ '1.1.1' ],
174 silly audit   '@radix-ui/react-dismissable-layer': [ '1.1.5' ],
174 silly audit   '@radix-ui/react-focus-guards': [ '1.1.1' ],
174 silly audit   '@radix-ui/react-focus-scope': [ '1.1.2' ],
174 silly audit   '@radix-ui/react-id': [ '1.1.0' ],
174 silly audit   '@radix-ui/react-portal': [ '1.1.4' ],
174 silly audit   '@radix-ui/react-presence': [ '1.1.2' ],
174 silly audit   '@radix-ui/react-primitive': [ '2.0.2' ],
174 silly audit   '@radix-ui/react-use-controllable-state': [ '1.1.0' ],
174 silly audit   'aria-hidden': [ '1.2.4' ],
174 silly audit   'react-remove-scroll': [ '2.6.3' ],
174 silly audit   '@radix-ui/react-use-callback-ref': [ '1.1.0' ],
174 silly audit   '@radix-ui/react-use-escape-keydown': [ '1.1.0' ],
174 silly audit   '@radix-ui/react-use-layout-effect': [ '1.1.0' ],
174 silly audit   'react-remove-scroll-bar': [ '2.3.8' ],
174 silly audit   'react-style-singleton': [ '2.2.3' ],
174 silly audit   'use-callback-ref': [ '1.3.3' ],
174 silly audit   'use-sidecar': [ '1.1.3' ],
174 silly audit   'get-nonce': [ '1.0.1' ],
174 silly audit   'detect-node-es': [ '1.1.0' ]
174 silly audit }
175 verbose reify failed optional dependency C:\Users\Krishna jadhav\Desktop\Git\Projects\volt\node_modules\lightningcss-win32-arm64-msvc
176 silly reify mark deleted [
176 silly reify   'C:\\Users\\Krishna jadhav\\Desktop\\Git\\Projects\\volt\\node_modules\\lightningcss-win32-arm64-msvc'
176 silly reify ]
177 verbose reify failed optional dependency C:\Users\Krishna jadhav\Desktop\Git\Projects\volt\node_modules\lightningcss-linux-x64-musl
178 silly reify mark deleted [
178 silly reify   'C:\\Users\\Krishna jadhav\\Desktop\\Git\\Projects\\volt\\node_modules\\lightningcss-linux-x64-musl'
178 silly reify ]
179 verbose reify failed optional dependency C:\Users\Krishna jadhav\Desktop\Git\Projects\volt\node_modules\lightningcss-linux-x64-gnu
180 silly reify mark deleted [
180 silly reify   'C:\\Users\\Krishna jadhav\\Desktop\\Git\\Projects\\volt\\node_modules\\lightningcss-linux-x64-gnu'
180 silly reify ]
181 verbose reify failed optional dependency C:\Users\Krishna jadhav\Desktop\Git\Projects\volt\node_modules\lightningcss-linux-arm64-musl
182 silly reify mark deleted [
182 silly reify   'C:\\Users\\Krishna jadhav\\Desktop\\Git\\Projects\\volt\\node_modules\\lightningcss-linux-arm64-musl'
182 silly reify ]
183 verbose reify failed optional dependency C:\Users\Krishna jadhav\Desktop\Git\Projects\volt\node_modules\lightningcss-linux-arm64-gnu
184 silly reify mark deleted [
184 silly reify   'C:\\Users\\Krishna jadhav\\Desktop\\Git\\Projects\\volt\\node_modules\\lightningcss-linux-arm64-gnu'
184 silly reify ]
185 verbose reify failed optional dependency C:\Users\Krishna jadhav\Desktop\Git\Projects\volt\node_modules\lightningcss-linux-arm-gnueabihf
186 silly reify mark deleted [
186 silly reify   'C:\\Users\\Krishna jadhav\\Desktop\\Git\\Projects\\volt\\node_modules\\lightningcss-linux-arm-gnueabihf'
186 silly reify ]
187 verbose reify failed optional dependency C:\Users\Krishna jadhav\Desktop\Git\Projects\volt\node_modules\lightningcss-freebsd-x64
188 silly reify mark deleted [
188 silly reify   'C:\\Users\\Krishna jadhav\\Desktop\\Git\\Projects\\volt\\node_modules\\lightningcss-freebsd-x64'
188 silly reify ]
189 verbose reify failed optional dependency C:\Users\Krishna jadhav\Desktop\Git\Projects\volt\node_modules\lightningcss-darwin-x64
190 silly reify mark deleted [
190 silly reify   'C:\\Users\\Krishna jadhav\\Desktop\\Git\\Projects\\volt\\node_modules\\lightningcss-darwin-x64'
190 silly reify ]
191 verbose reify failed optional dependency C:\Users\Krishna jadhav\Desktop\Git\Projects\volt\node_modules\lightningcss-darwin-arm64
192 silly reify mark deleted [
192 silly reify   'C:\\Users\\Krishna jadhav\\Desktop\\Git\\Projects\\volt\\node_modules\\lightningcss-darwin-arm64'
192 silly reify ]
193 verbose reify failed optional dependency C:\Users\Krishna jadhav\Desktop\Git\Projects\volt\node_modules\@tailwindcss\oxide-win32-arm64-msvc
194 silly reify mark deleted [
194 silly reify   'C:\\Users\\Krishna jadhav\\Desktop\\Git\\Projects\\volt\\node_modules\\@tailwindcss\\oxide-win32-arm64-msvc'
194 silly reify ]
195 verbose reify failed optional dependency C:\Users\Krishna jadhav\Desktop\Git\Projects\volt\node_modules\@tailwindcss\oxide-linux-x64-musl
196 silly reify mark deleted [
196 silly reify   'C:\\Users\\Krishna jadhav\\Desktop\\Git\\Projects\\volt\\node_modules\\@tailwindcss\\oxide-linux-x64-musl'
196 silly reify ]
197 verbose reify failed optional dependency C:\Users\Krishna jadhav\Desktop\Git\Projects\volt\node_modules\@tailwindcss\oxide-linux-x64-gnu
198 silly reify mark deleted [
198 silly reify   'C:\\Users\\Krishna jadhav\\Desktop\\Git\\Projects\\volt\\node_modules\\@tailwindcss\\oxide-linux-x64-gnu'
198 silly reify ]
199 verbose reify failed optional dependency C:\Users\Krishna jadhav\Desktop\Git\Projects\volt\node_modules\@tailwindcss\oxide-linux-arm64-musl
200 silly reify mark deleted [
200 silly reify   'C:\\Users\\Krishna jadhav\\Desktop\\Git\\Projects\\volt\\node_modules\\@tailwindcss\\oxide-linux-arm64-musl'
200 silly reify ]
201 verbose reify failed optional dependency C:\Users\Krishna jadhav\Desktop\Git\Projects\volt\node_modules\@tailwindcss\oxide-linux-arm64-gnu
202 silly reify mark deleted [
202 silly reify   'C:\\Users\\Krishna jadhav\\Desktop\\Git\\Projects\\volt\\node_modules\\@tailwindcss\\oxide-linux-arm64-gnu'
202 silly reify ]
203 verbose reify failed optional dependency C:\Users\Krishna jadhav\Desktop\Git\Projects\volt\node_modules\@tailwindcss\oxide-linux-arm-gnueabihf
204 silly reify mark deleted [
204 silly reify   'C:\\Users\\Krishna jadhav\\Desktop\\Git\\Projects\\volt\\node_modules\\@tailwindcss\\oxide-linux-arm-gnueabihf'
204 silly reify ]
205 verbose reify failed optional dependency C:\Users\Krishna jadhav\Desktop\Git\Projects\volt\node_modules\@tailwindcss\oxide-freebsd-x64
206 silly reify mark deleted [
206 silly reify   'C:\\Users\\Krishna jadhav\\Desktop\\Git\\Projects\\volt\\node_modules\\@tailwindcss\\oxide-freebsd-x64'
206 silly reify ]
207 verbose reify failed optional dependency C:\Users\Krishna jadhav\Desktop\Git\Projects\volt\node_modules\@tailwindcss\oxide-darwin-x64
208 silly reify mark deleted [
208 silly reify   'C:\\Users\\Krishna jadhav\\Desktop\\Git\\Projects\\volt\\node_modules\\@tailwindcss\\oxide-darwin-x64'
208 silly reify ]
209 verbose reify failed optional dependency C:\Users\Krishna jadhav\Desktop\Git\Projects\volt\node_modules\@tailwindcss\oxide-darwin-arm64
210 silly reify mark deleted [
210 silly reify   'C:\\Users\\Krishna jadhav\\Desktop\\Git\\Projects\\volt\\node_modules\\@tailwindcss\\oxide-darwin-arm64'
210 silly reify ]
211 verbose reify failed optional dependency C:\Users\Krishna jadhav\Desktop\Git\Projects\volt\node_modules\@tailwindcss\oxide-android-arm64
212 silly reify mark deleted [
212 silly reify   'C:\\Users\\Krishna jadhav\\Desktop\\Git\\Projects\\volt\\node_modules\\@tailwindcss\\oxide-android-arm64'
212 silly reify ]
213 verbose reify failed optional dependency C:\Users\Krishna jadhav\Desktop\Git\Projects\volt\node_modules\@next\swc-win32-arm64-msvc
214 silly reify mark deleted [
214 silly reify   'C:\\Users\\Krishna jadhav\\Desktop\\Git\\Projects\\volt\\node_modules\\@next\\swc-win32-arm64-msvc'
214 silly reify ]
215 verbose reify failed optional dependency C:\Users\Krishna jadhav\Desktop\Git\Projects\volt\node_modules\@next\swc-linux-x64-musl
216 silly reify mark deleted [
216 silly reify   'C:\\Users\\Krishna jadhav\\Desktop\\Git\\Projects\\volt\\node_modules\\@next\\swc-linux-x64-musl'
216 silly reify ]
217 verbose reify failed optional dependency C:\Users\Krishna jadhav\Desktop\Git\Projects\volt\node_modules\@next\swc-linux-x64-gnu
218 silly reify mark deleted [
218 silly reify   'C:\\Users\\Krishna jadhav\\Desktop\\Git\\Projects\\volt\\node_modules\\@next\\swc-linux-x64-gnu'
218 silly reify ]
219 verbose reify failed optional dependency C:\Users\Krishna jadhav\Desktop\Git\Projects\volt\node_modules\@next\swc-linux-arm64-musl
220 silly reify mark deleted [
220 silly reify   'C:\\Users\\Krishna jadhav\\Desktop\\Git\\Projects\\volt\\node_modules\\@next\\swc-linux-arm64-musl'
220 silly reify ]
221 verbose reify failed optional dependency C:\Users\Krishna jadhav\Desktop\Git\Projects\volt\node_modules\@next\swc-linux-arm64-gnu
222 silly reify mark deleted [
222 silly reify   'C:\\Users\\Krishna jadhav\\Desktop\\Git\\Projects\\volt\\node_modules\\@next\\swc-linux-arm64-gnu'
222 silly reify ]
223 verbose reify failed optional dependency C:\Users\Krishna jadhav\Desktop\Git\Projects\volt\node_modules\@next\swc-darwin-x64
224 silly reify mark deleted [
224 silly reify   'C:\\Users\\Krishna jadhav\\Desktop\\Git\\Projects\\volt\\node_modules\\@next\\swc-darwin-x64'
224 silly reify ]
225 verbose reify failed optional dependency C:\Users\Krishna jadhav\Desktop\Git\Projects\volt\node_modules\@next\swc-darwin-arm64
226 silly reify mark deleted [
226 silly reify   'C:\\Users\\Krishna jadhav\\Desktop\\Git\\Projects\\volt\\node_modules\\@next\\swc-darwin-arm64'
226 silly reify ]
227 verbose reify failed optional dependency C:\Users\Krishna jadhav\Desktop\Git\Projects\volt\node_modules\@img\sharp-win32-ia32
228 silly reify mark deleted [
228 silly reify   'C:\\Users\\Krishna jadhav\\Desktop\\Git\\Projects\\volt\\node_modules\\@img\\sharp-win32-ia32'
228 silly reify ]
229 verbose reify failed optional dependency C:\Users\Krishna jadhav\Desktop\Git\Projects\volt\node_modules\@img\sharp-wasm32
230 silly reify mark deleted [
230 silly reify   'C:\\Users\\Krishna jadhav\\Desktop\\Git\\Projects\\volt\\node_modules\\@img\\sharp-wasm32'
230 silly reify ]
231 verbose reify failed optional dependency C:\Users\Krishna jadhav\Desktop\Git\Projects\volt\node_modules\@emnapi\runtime
232 silly reify mark deleted [
232 silly reify   'C:\\Users\\Krishna jadhav\\Desktop\\Git\\Projects\\volt\\node_modules\\@emnapi\\runtime'
232 silly reify ]
233 verbose reify failed optional dependency C:\Users\Krishna jadhav\Desktop\Git\Projects\volt\node_modules\@img\sharp-linuxmusl-x64
234 silly reify mark deleted [
234 silly reify   'C:\\Users\\Krishna jadhav\\Desktop\\Git\\Projects\\volt\\node_modules\\@img\\sharp-linuxmusl-x64'
234 silly reify ]
235 verbose reify failed optional dependency C:\Users\Krishna jadhav\Desktop\Git\Projects\volt\node_modules\@img\sharp-linuxmusl-arm64
236 silly reify mark deleted [
236 silly reify   'C:\\Users\\Krishna jadhav\\Desktop\\Git\\Projects\\volt\\node_modules\\@img\\sharp-linuxmusl-arm64'
236 silly reify ]
237 verbose reify failed optional dependency C:\Users\Krishna jadhav\Desktop\Git\Projects\volt\node_modules\@img\sharp-linux-x64
238 silly reify mark deleted [
238 silly reify   'C:\\Users\\Krishna jadhav\\Desktop\\Git\\Projects\\volt\\node_modules\\@img\\sharp-linux-x64'
238 silly reify ]
239 verbose reify failed optional dependency C:\Users\Krishna jadhav\Desktop\Git\Projects\volt\node_modules\@img\sharp-linux-s390x
240 silly reify mark deleted [
240 silly reify   'C:\\Users\\Krishna jadhav\\Desktop\\Git\\Projects\\volt\\node_modules\\@img\\sharp-linux-s390x'
240 silly reify ]
241 verbose reify failed optional dependency C:\Users\Krishna jadhav\Desktop\Git\Projects\volt\node_modules\@img\sharp-linux-arm64
242 silly reify mark deleted [
242 silly reify   'C:\\Users\\Krishna jadhav\\Desktop\\Git\\Projects\\volt\\node_modules\\@img\\sharp-linux-arm64'
242 silly reify ]
243 verbose reify failed optional dependency C:\Users\Krishna jadhav\Desktop\Git\Projects\volt\node_modules\@img\sharp-linux-arm
244 silly reify mark deleted [
244 silly reify   'C:\\Users\\Krishna jadhav\\Desktop\\Git\\Projects\\volt\\node_modules\\@img\\sharp-linux-arm'
244 silly reify ]
245 verbose reify failed optional dependency C:\Users\Krishna jadhav\Desktop\Git\Projects\volt\node_modules\@img\sharp-libvips-linuxmusl-x64
246 silly reify mark deleted [
246 silly reify   'C:\\Users\\Krishna jadhav\\Desktop\\Git\\Projects\\volt\\node_modules\\@img\\sharp-libvips-linuxmusl-x64'
246 silly reify ]
247 verbose reify failed optional dependency C:\Users\Krishna jadhav\Desktop\Git\Projects\volt\node_modules\@img\sharp-libvips-linuxmusl-arm64
248 silly reify mark deleted [
248 silly reify   'C:\\Users\\Krishna jadhav\\Desktop\\Git\\Projects\\volt\\node_modules\\@img\\sharp-libvips-linuxmusl-arm64'
248 silly reify ]
249 verbose reify failed optional dependency C:\Users\Krishna jadhav\Desktop\Git\Projects\volt\node_modules\@img\sharp-libvips-linux-x64
250 silly reify mark deleted [
250 silly reify   'C:\\Users\\Krishna jadhav\\Desktop\\Git\\Projects\\volt\\node_modules\\@img\\sharp-libvips-linux-x64'
250 silly reify ]
251 verbose reify failed optional dependency C:\Users\Krishna jadhav\Desktop\Git\Projects\volt\node_modules\@img\sharp-libvips-linux-s390x
252 silly reify mark deleted [
252 silly reify   'C:\\Users\\Krishna jadhav\\Desktop\\Git\\Projects\\volt\\node_modules\\@img\\sharp-libvips-linux-s390x'
252 silly reify ]
253 verbose reify failed optional dependency C:\Users\Krishna jadhav\Desktop\Git\Projects\volt\node_modules\@img\sharp-libvips-linux-arm64
254 silly reify mark deleted [
254 silly reify   'C:\\Users\\Krishna jadhav\\Desktop\\Git\\Projects\\volt\\node_modules\\@img\\sharp-libvips-linux-arm64'
254 silly reify ]
255 verbose reify failed optional dependency C:\Users\Krishna jadhav\Desktop\Git\Projects\volt\node_modules\@img\sharp-libvips-linux-arm
256 silly reify mark deleted [
256 silly reify   'C:\\Users\\Krishna jadhav\\Desktop\\Git\\Projects\\volt\\node_modules\\@img\\sharp-libvips-linux-arm'
256 silly reify ]
257 verbose reify failed optional dependency C:\Users\Krishna jadhav\Desktop\Git\Projects\volt\node_modules\@img\sharp-libvips-darwin-x64
258 silly reify mark deleted [
258 silly reify   'C:\\Users\\Krishna jadhav\\Desktop\\Git\\Projects\\volt\\node_modules\\@img\\sharp-libvips-darwin-x64'
258 silly reify ]
259 verbose reify failed optional dependency C:\Users\Krishna jadhav\Desktop\Git\Projects\volt\node_modules\@img\sharp-libvips-darwin-arm64
260 silly reify mark deleted [
260 silly reify   'C:\\Users\\Krishna jadhav\\Desktop\\Git\\Projects\\volt\\node_modules\\@img\\sharp-libvips-darwin-arm64'
260 silly reify ]
261 verbose reify failed optional dependency C:\Users\Krishna jadhav\Desktop\Git\Projects\volt\node_modules\@img\sharp-darwin-x64
262 silly reify mark deleted [
262 silly reify   'C:\\Users\\Krishna jadhav\\Desktop\\Git\\Projects\\volt\\node_modules\\@img\\sharp-darwin-x64'
262 silly reify ]
263 verbose reify failed optional dependency C:\Users\Krishna jadhav\Desktop\Git\Projects\volt\node_modules\@img\sharp-darwin-arm64
264 silly reify mark deleted [
264 silly reify   'C:\\Users\\Krishna jadhav\\Desktop\\Git\\Projects\\volt\\node_modules\\@img\\sharp-darwin-arm64'
264 silly reify ]
265 http cache detect-node-es@https://registry.npmjs.org/detect-node-es/-/detect-node-es-1.1.0.tgz 0ms (cache hit)
266 http cache use-sidecar@https://registry.npmjs.org/use-sidecar/-/use-sidecar-1.1.3.tgz 0ms (cache hit)
267 http cache get-nonce@https://registry.npmjs.org/get-nonce/-/get-nonce-1.0.1.tgz 0ms (cache hit)
268 http cache react-remove-scroll-bar@https://registry.npmjs.org/react-remove-scroll-bar/-/react-remove-scroll-bar-2.3.8.tgz 0ms (cache hit)
269 http cache use-callback-ref@https://registry.npmjs.org/use-callback-ref/-/use-callback-ref-1.3.3.tgz 0ms (cache hit)
270 http cache @radix-ui/react-use-escape-keydown@https://registry.npmjs.org/@radix-ui/react-use-escape-keydown/-/react-use-escape-keydown-1.1.0.tgz 0ms (cache hit)
271 http cache react-style-singleton@https://registry.npmjs.org/react-style-singleton/-/react-style-singleton-2.2.3.tgz 0ms (cache hit)
272 http cache @radix-ui/react-use-layout-effect@https://registry.npmjs.org/@radix-ui/react-use-layout-effect/-/react-use-layout-effect-1.1.0.tgz 1ms (cache hit)
273 http cache react-remove-scroll@https://registry.npmjs.org/react-remove-scroll/-/react-remove-scroll-2.6.3.tgz 0ms (cache hit)
274 http cache @radix-ui/react-use-callback-ref@https://registry.npmjs.org/@radix-ui/react-use-callback-ref/-/react-use-callback-ref-1.1.0.tgz 0ms (cache hit)
275 http cache @radix-ui/react-use-controllable-state@https://registry.npmjs.org/@radix-ui/react-use-controllable-state/-/react-use-controllable-state-1.1.0.tgz 0ms (cache hit)
276 http cache @radix-ui/react-primitive@https://registry.npmjs.org/@radix-ui/react-primitive/-/react-primitive-2.0.2.tgz 0ms (cache hit)
277 http cache @radix-ui/react-presence@https://registry.npmjs.org/@radix-ui/react-presence/-/react-presence-1.1.2.tgz 0ms (cache hit)
278 http cache @radix-ui/react-focus-guards@https://registry.npmjs.org/@radix-ui/react-focus-guards/-/react-focus-guards-1.1.1.tgz 0ms (cache hit)
279 http cache aria-hidden@https://registry.npmjs.org/aria-hidden/-/aria-hidden-1.2.4.tgz 0ms (cache hit)
280 http cache @radix-ui/react-id@https://registry.npmjs.org/@radix-ui/react-id/-/react-id-1.1.0.tgz 0ms (cache hit)
281 http cache @radix-ui/react-focus-scope@https://registry.npmjs.org/@radix-ui/react-focus-scope/-/react-focus-scope-1.1.2.tgz 0ms (cache hit)
282 http cache @radix-ui/react-dismissable-layer@https://registry.npmjs.org/@radix-ui/react-dismissable-layer/-/react-dismissable-layer-1.1.5.tgz 0ms (cache hit)
283 http cache @radix-ui/react-context@https://registry.npmjs.org/@radix-ui/react-context/-/react-context-1.1.1.tgz 0ms (cache hit)
284 http cache @radix-ui/primitive@https://registry.npmjs.org/@radix-ui/primitive/-/primitive-1.1.1.tgz 0ms (cache hit)
285 http cache @emnapi/runtime@https://registry.npmjs.org/@emnapi/runtime/-/runtime-1.3.1.tgz 0ms (cache hit)
286 http cache @radix-ui/react-dialog@https://registry.npmjs.org/@radix-ui/react-dialog/-/react-dialog-1.1.6.tgz 0ms (cache hit)
287 http cache @radix-ui/react-portal@https://registry.npmjs.org/@radix-ui/react-portal/-/react-portal-1.1.4.tgz 0ms (cache hit)
288 silly tarball no local data for detect-node-es@https://registry.npmjs.org/detect-node-es/-/detect-node-es-1.1.0.tgz. Extracting by manifest.
289 silly tarball no local data for use-sidecar@https://registry.npmjs.org/use-sidecar/-/use-sidecar-1.1.3.tgz. Extracting by manifest.
290 silly tarball no local data for get-nonce@https://registry.npmjs.org/get-nonce/-/get-nonce-1.0.1.tgz. Extracting by manifest.
291 silly tarball no local data for react-remove-scroll-bar@https://registry.npmjs.org/react-remove-scroll-bar/-/react-remove-scroll-bar-2.3.8.tgz. Extracting by manifest.
292 silly tarball no local data for use-callback-ref@https://registry.npmjs.org/use-callback-ref/-/use-callback-ref-1.3.3.tgz. Extracting by manifest.
293 silly tarball no local data for @radix-ui/react-use-escape-keydown@https://registry.npmjs.org/@radix-ui/react-use-escape-keydown/-/react-use-escape-keydown-1.1.0.tgz. Extracting by manifest.
294 silly tarball no local data for react-style-singleton@https://registry.npmjs.org/react-style-singleton/-/react-style-singleton-2.2.3.tgz. Extracting by manifest.
295 silly tarball no local data for @radix-ui/react-use-layout-effect@https://registry.npmjs.org/@radix-ui/react-use-layout-effect/-/react-use-layout-effect-1.1.0.tgz. Extracting by manifest.
296 silly tarball no local data for react-remove-scroll@https://registry.npmjs.org/react-remove-scroll/-/react-remove-scroll-2.6.3.tgz. Extracting by manifest.
297 silly tarball no local data for @radix-ui/react-use-callback-ref@https://registry.npmjs.org/@radix-ui/react-use-callback-ref/-/react-use-callback-ref-1.1.0.tgz. Extracting by manifest.
298 silly tarball no local data for @radix-ui/react-use-controllable-state@https://registry.npmjs.org/@radix-ui/react-use-controllable-state/-/react-use-controllable-state-1.1.0.tgz. Extracting by manifest.
299 silly tarball no local data for @radix-ui/react-primitive@https://registry.npmjs.org/@radix-ui/react-primitive/-/react-primitive-2.0.2.tgz. Extracting by manifest.
300 silly tarball no local data for @radix-ui/react-presence@https://registry.npmjs.org/@radix-ui/react-presence/-/react-presence-1.1.2.tgz. Extracting by manifest.
301 silly tarball no local data for @radix-ui/react-focus-guards@https://registry.npmjs.org/@radix-ui/react-focus-guards/-/react-focus-guards-1.1.1.tgz. Extracting by manifest.
302 silly tarball no local data for aria-hidden@https://registry.npmjs.org/aria-hidden/-/aria-hidden-1.2.4.tgz. Extracting by manifest.
303 silly tarball no local data for @radix-ui/react-id@https://registry.npmjs.org/@radix-ui/react-id/-/react-id-1.1.0.tgz. Extracting by manifest.
304 silly tarball no local data for @radix-ui/react-focus-scope@https://registry.npmjs.org/@radix-ui/react-focus-scope/-/react-focus-scope-1.1.2.tgz. Extracting by manifest.
305 silly tarball no local data for @radix-ui/react-dismissable-layer@https://registry.npmjs.org/@radix-ui/react-dismissable-layer/-/react-dismissable-layer-1.1.5.tgz. Extracting by manifest.
306 silly tarball no local data for @radix-ui/react-context@https://registry.npmjs.org/@radix-ui/react-context/-/react-context-1.1.1.tgz. Extracting by manifest.
307 silly tarball no local data for @radix-ui/primitive@https://registry.npmjs.org/@radix-ui/primitive/-/primitive-1.1.1.tgz. Extracting by manifest.
308 silly tarball no local data for @radix-ui/react-dialog@https://registry.npmjs.org/@radix-ui/react-dialog/-/react-dialog-1.1.6.tgz. Extracting by manifest.
309 silly tarball no local data for @radix-ui/react-portal@https://registry.npmjs.org/@radix-ui/react-portal/-/react-portal-1.1.4.tgz. Extracting by manifest.
310 http fetch GET 200 https://registry.npmjs.org/detect-node-es/-/detect-node-es-1.1.0.tgz 100ms (cache miss)
311 http fetch GET 200 https://registry.npmjs.org/react-style-singleton/-/react-style-singleton-2.2.3.tgz 140ms (cache miss)
312 http fetch GET 200 https://registry.npmjs.org/get-nonce/-/get-nonce-1.0.1.tgz 145ms (cache miss)
313 http fetch GET 200 https://registry.npmjs.org/react-remove-scroll/-/react-remove-scroll-2.6.3.tgz 207ms (cache miss)
314 http fetch GET 200 https://registry.npmjs.org/@radix-ui/react-use-callback-ref/-/react-use-callback-ref-1.1.0.tgz 207ms (cache miss)
315 http fetch GET 200 https://registry.npmjs.org/@radix-ui/react-use-escape-keydown/-/react-use-escape-keydown-1.1.0.tgz 212ms (cache miss)
316 http fetch GET 200 https://registry.npmjs.org/@radix-ui/react-id/-/react-id-1.1.0.tgz 239ms (cache miss)
317 http fetch GET 200 https://registry.npmjs.org/aria-hidden/-/aria-hidden-1.2.4.tgz 243ms (cache miss)
318 http fetch GET 200 https://registry.npmjs.org/react-remove-scroll-bar/-/react-remove-scroll-bar-2.3.8.tgz 282ms (cache miss)
319 http fetch GET 200 https://registry.npmjs.org/@radix-ui/react-focus-scope/-/react-focus-scope-1.1.2.tgz 274ms (cache miss)
320 http fetch GET 200 https://registry.npmjs.org/@radix-ui/primitive/-/primitive-1.1.1.tgz 276ms (cache miss)
321 http fetch GET 200 https://registry.npmjs.org/@radix-ui/react-portal/-/react-portal-1.1.4.tgz 279ms (cache miss)
322 http fetch GET 200 https://registry.npmjs.org/@radix-ui/react-context/-/react-context-1.1.1.tgz 290ms (cache miss)
323 http fetch POST 200 https://registry.npmjs.org/-/npm/v1/security/advisories/bulk 346ms
324 silly audit report {}
325 http fetch GET 200 https://registry.npmjs.org/@radix-ui/react-dialog/-/react-dialog-1.1.6.tgz 298ms (cache miss)
326 http fetch GET 200 https://registry.npmjs.org/use-sidecar/-/use-sidecar-1.1.3.tgz 339ms (cache miss)
327 http fetch GET 200 https://registry.npmjs.org/@radix-ui/react-focus-guards/-/react-focus-guards-1.1.1.tgz 333ms (cache miss)
328 http fetch GET 200 https://registry.npmjs.org/@radix-ui/react-presence/-/react-presence-1.1.2.tgz 349ms (cache miss)
329 http fetch GET 200 https://registry.npmjs.org/@radix-ui/react-primitive/-/react-primitive-2.0.2.tgz 359ms (cache miss)
330 http fetch GET 200 https://registry.npmjs.org/@radix-ui/react-use-layout-effect/-/react-use-layout-effect-1.1.0.tgz 368ms (cache miss)
331 http fetch GET 200 https://registry.npmjs.org/use-callback-ref/-/use-callback-ref-1.3.3.tgz 374ms (cache miss)
332 http fetch GET 200 https://registry.npmjs.org/@radix-ui/react-use-controllable-state/-/react-use-controllable-state-1.1.0.tgz 372ms (cache miss)
333 http fetch GET 200 https://registry.npmjs.org/@radix-ui/react-dismissable-layer/-/react-dismissable-layer-1.1.5.tgz 2701ms (cache miss)
334 silly ADD node_modules/detect-node-es
335 silly ADD node_modules/get-nonce
336 silly ADD node_modules/use-sidecar
337 silly ADD node_modules/use-callback-ref
338 silly ADD node_modules/react-style-singleton
339 silly ADD node_modules/react-remove-scroll-bar
340 silly ADD node_modules/@radix-ui/react-use-layout-effect
341 silly ADD node_modules/@radix-ui/react-use-escape-keydown
342 silly ADD node_modules/@radix-ui/react-use-callback-ref
343 silly ADD node_modules/react-remove-scroll
344 silly ADD node_modules/aria-hidden
345 silly ADD node_modules/@radix-ui/react-use-controllable-state
346 silly ADD node_modules/@radix-ui/react-primitive
347 silly ADD node_modules/@radix-ui/react-presence
348 silly ADD node_modules/@radix-ui/react-portal
349 silly ADD node_modules/@radix-ui/react-id
350 silly ADD node_modules/@radix-ui/react-focus-scope
351 silly ADD node_modules/@radix-ui/react-focus-guards
352 silly ADD node_modules/@radix-ui/react-dismissable-layer
353 silly ADD node_modules/@radix-ui/react-context
354 silly ADD node_modules/@radix-ui/primitive
355 silly ADD node_modules/@radix-ui/react-dialog
356 silly ADD
357 silly ADD
358 silly ADD
359 silly ADD
360 silly ADD
361 silly ADD
362 silly ADD
363 silly ADD
364 silly ADD
365 silly ADD
366 silly ADD
367 silly ADD
368 silly ADD
369 silly ADD
370 silly ADD
371 silly ADD
372 silly ADD
373 silly ADD
374 silly ADD
375 silly ADD
376 silly ADD
377 silly ADD
378 silly ADD
379 silly ADD
380 silly ADD
381 silly ADD
382 silly ADD
383 silly ADD
384 silly ADD
385 silly ADD
386 silly ADD
387 silly ADD
388 silly ADD
389 silly ADD
390 silly ADD
391 silly ADD
392 silly ADD
393 silly ADD
394 silly ADD
395 silly ADD
396 silly ADD
397 silly ADD
398 silly ADD
399 silly ADD
400 silly ADD
401 verbose cwd C:\Users\Krishna jadhav\Desktop\Git\Projects\volt
402 verbose os Windows_NT 10.0.22621
403 verbose node v20.17.0
404 verbose npm  v11.2.0
405 verbose exit 0
406 info ok
